IQ-TREE multicore version 2.0.6 for Linux 64-bit built Jun  4 2020
Developed by Bui Quang Minh, Nguyen Lam Tung, Olga Chernomor,
Heiko Schmidt, Dominik Schrempf, Michael Woodhams.

Host:    operarius03 (AVX512, FMA3, 503 GB RAM)
Command: /scratch/local/bin/iqtree2 -nt 16 -s nematode.phy -m LG+G4 -B 5000 -wbtl -wslr -fs lg_nematode_icc_chain1.sitefreq
Seed:    337186 (Using SPRNG - Scalable Parallel Random Number Generator)
Time:    Thu Aug  6 21:58:35 2020
Kernel:  AVX+FMA - 16 threads (16 CPU cores detected)

Reading alignment file nematode.phy ... Phylip format detected
Alignment most likely contains protein sequences
WARNING: 5 sites contain only gaps or ambiguous characters.
Alignment has 37 sequences with 35371 columns, 31066 distinct patterns
19983 parsimony-informative, 4844 singleton sites, 10544 constant sites
            Gap/Ambiguity  Composition  p-value
   1  Caenorhabd    0.49%    failed      0.90%
   2  C0briggsae    7.85%    failed      0.83%
   3  Ancylostom   32.33%    failed      0.01%
   4  Pristionch   53.17%    failed      0.00%
   5  Brugia_mal   39.48%    failed      0.00%
   6  Ascaris0su   58.17%    failed      0.00%
   7  Meloidogyn   32.40%    failed      0.04%
   8  Heteroderi   25.10%    passed     13.12%
   9  Strongyloi   32.34%    failed      0.00%
  10  Trichoceph   51.77%    failed      0.00%
  11  Coleoptera   56.91%    failed      0.00%
  12  Apis0melli   51.29%    passed     59.00%
  13  Siphonapte   72.76%    failed      0.00%
  14  Bombyx0mor   23.44%    passed     25.07%
  15  Drosophila    0.58%    failed      2.57%
  16  Glossina0m   44.77%    passed     25.06%
  17  Anopheles0    2.69%    failed      0.47%
  18  Hemiptera0   54.27%    failed      0.00%
  19  Crustacea0   48.27%    failed      0.00%
  20  Chelicerat   52.22%    failed      0.00%
  21  Echinoderm   22.63%    failed      4.87%
  22  Cephalocho   52.37%    failed      0.00%
  23  Urochordat    4.33%    failed      0.00%
  24  Mammalia00    0.21%    failed      0.01%
  25  Actinopter    5.50%    failed      0.63%
  26  Neurospora    0.74%    failed      0.00%
  27  Magnaporth    4.71%    failed      0.00%
  28  Gibberella   20.23%    failed      0.00%
  29  Eurotiomyc   39.14%    failed      0.00%
  30  Candida0al    4.40%    failed      0.00%
  31  Saccharomy    0.38%    failed      0.00%
  32  Schizosacc    0.27%    failed      0.00%
  33  Ustilago0m    8.20%    failed      0.00%
  34  Homobasidi   12.03%    failed      0.00%
  35  Cryptococc    3.73%    failed      0.00%
  36  Glomales00   77.71%    failed      0.00%
  37  Chytridiom   63.31%    failed      0.00%
WARNING: 11 sequences contain more than 50% gaps/ambiguity
****  TOTAL        28.65%  33 sequences failed composition chi2 test (p-value<5%; df=19)

Reading site-specific state frequency file lg_nematode_icc_chain1.sitefreq ...
Regrouping alignment sites...
35371 distinct per-site state frequency vectors detected

Create initial parsimony tree by phylogenetic likelihood library (PLL)... 0.375 seconds
Generating 5000 samples for ultrafast bootstrap (seed: 337186)...

NOTE: 1813 MB RAM (1 GB) is required!
Estimate model parameters (epsilon = 0.100)
1. Initial log-likelihood: -591389.222
2. Current log-likelihood: -570843.609
3. Current log-likelihood: -570627.899
4. Current log-likelihood: -570627.273
Optimal log-likelihood: -570627.261
Gamma shape alpha: 0.607
Parameters optimization took 4 rounds (25.158 sec)
Computing ML distances based on estimated model parameters... 106.744 sec
Computing BIONJ tree...
0.003 seconds
Log-likelihood of BIONJ tree: -570846.688
--------------------------------------------------------------------
|             INITIALIZING CANDIDATE TREE SET                      |
--------------------------------------------------------------------
Generating 98 parsimony trees... 37.148 second
Computing log-likelihood of 98 initial trees ... 166.396 seconds
Current best score: -570627.261

Do NNI search on 20 best initial trees
Estimate model parameters (epsilon = 0.100)
BETTER TREE FOUND at iteration 1: -570544.445
Iteration 10 / LogL: -570547.602 / Time: 0h:9m:0s
Iteration 20 / LogL: -570546.059 / Time: 0h:14m:30s
Finish initializing candidate tree set (1)
Current best tree score: -570544.445 / CPU time: 816.845
Number of iterations: 20
--------------------------------------------------------------------
|               OPTIMIZING CANDIDATE TREE SET                      |
--------------------------------------------------------------------
Iteration 30 / LogL: -570547.827 / Time: 0h:19m:11s (0h:46m:58s left)
Iteration 40 / LogL: -570545.741 / Time: 0h:23m:54s (0h:37m:23s left)
Iteration 50 / LogL: -570544.609 / Time: 0h:28m:44s (0h:29m:54s left)
Log-likelihood cutoff on original alignment: -570593.464
UFBoot trees printed to nematode.phy.ufboot
Iteration 60 / LogL: -570551.220 / Time: 0h:34m:7s (0h:23m:42s left)
Iteration 70 / LogL: -570545.196 / Time: 0h:39m:31s (0h:17m:45s left)
Iteration 80 / LogL: -570545.178 / Time: 0h:44m:23s (0h:11m:47s left)
Iteration 90 / LogL: -570548.897 / Time: 0h:48m:46s (0h:6m:1s left)
Iteration 100 / LogL: -570544.757 / Time: 0h:52m:48s (0h:0m:32s left)
Log-likelihood cutoff on original alignment: -570593.464
NOTE: Bootstrap correlation coefficient of split occurrence frequencies: 1.000
UFBoot trees printed to nematode.phy.ufboot
TREE SEARCH COMPLETED AFTER 102 ITERATIONS / Time: 0h:53m:50s

--------------------------------------------------------------------
|                    FINALIZING TREE SEARCH                        |
--------------------------------------------------------------------
Performs final model parameters optimization
Estimate model parameters (epsilon = 0.010)
1. Initial log-likelihood: -570544.445
Optimal log-likelihood: -570544.445
Gamma shape alpha: 0.607
Parameters optimization took 1 rounds (3.420 sec)
BEST SCORE FOUND : -570544.445
Site log-likelihoods per category printed to nematode.phy.sitelh
Creating bootstrap support values...
Split supports printed to NEXUS file nematode.phy.splits.nex
Total tree length: 9.215

Total number of iterations: 102
CPU time used for tree search: 50547.334 sec (14h:2m:27s)
Wall-clock time used for tree search: 3176.432 sec (0h:52m:56s)
Total CPU time used: 51284.270 sec (14h:14m:44s)
Total wall-clock time used: 3234.259 sec (0h:53m:54s)
UFBoot trees printed to nematode.phy.ufboot

Computing bootstrap consensus tree...
Reading input file nematode.phy.splits.nex...
37 taxa and 86 splits.
Consensus tree written to nematode.phy.contree
Reading input trees file nematode.phy.contree
Log-likelihood of consensus tree: -570544.445

Analysis results written to: 
  IQ-TREE report:                nematode.phy.iqtree
  Maximum-likelihood tree:       nematode.phy.treefile
  Likelihood distances:          nematode.phy.mldist
  Site log-likelihoods:          nematode.phy.sitelh

Ultrafast bootstrap approximation results written to:
  Split support values:          nematode.phy.splits.nex
  Consensus tree:                nematode.phy.contree
  UFBoot trees:                  nematode.phy.ufboot
  Screen log file:               nematode.phy.log

Date and Time: Thu Aug  6 22:52:42 2020
