IQ-TREE multicore version 2.1.1 COVID-edition for Linux 64-bit built Aug 21 2020
Developed by Bui Quang Minh, James Barbetti, Nguyen Lam Tung,
Olga Chernomor, Heiko Schmidt, Dominik Schrempf, Michael Woodhams.

Host:    operarius12 (AVX512, FMA3, 187 GB RAM)
Command: /scratch/local/bin/iqtree2 -nt 4 -s felsenstein_p0.8_q0.1_n10000.phylip -m Poisson+G4 -fs felsenstein_p0.8_q0.1_n10000_bad.sitefreq -wslr --prefix felsenstein_p0.8_q0.1_n10000_bad
Seed:    682132 (Using SPRNG - Scalable Parallel Random Number Generator)
Time:    Wed Aug 17 10:47:23 2022
Kernel:  AVX+FMA - 4 threads (4 CPU cores detected)

Reading alignment file felsenstein_p0.8_q0.1_n10000.phylip ... Phylip format detected
Alignment most likely contains protein sequences
Alignment has 4 sequences with 10000 columns, 3197 distinct patterns
532 parsimony-informative, 5303 singleton sites, 4165 constant sites
   Gap/Ambiguity  Composition  p-value
   1  2    0.00%    passed     99.99%
   2  3    0.00%    passed     98.67%
   3  5    0.00%    passed    100.00%
   4  6    0.00%    passed     99.12%
****  TOTAL    0.00%  0 sequences failed composition chi2 test (p-value<5%; df=19)

Reading site-specific state frequency file felsenstein_p0.8_q0.1_n10000_bad.sitefreq ...
Regrouping alignment sites...
10000 distinct per-site state frequency vectors detected

Create initial parsimony tree by phylogenetic likelihood library (PLL)... 0.005 seconds

NOTE: 117 MB RAM (0 GB) is required!
Estimate model parameters (epsilon = 0.100)
1. Initial log-likelihood: -50434.637
2. Current log-likelihood: -49837.728
3. Current log-likelihood: -49819.035
4. Current log-likelihood: -49815.174
5. Current log-likelihood: -49814.179
6. Current log-likelihood: -49813.879
Optimal log-likelihood: -49813.775
Gamma shape alpha: 0.692
Parameters optimization took 6 rounds (3.436 sec)
Computing ML distances based on estimated model parameters...
Computing ML distances took 0.134329 sec (of wall-clock time) 0.443326 sec(of CPU time)
Computing RapidNJ tree took 0.000551 sec (of wall-clock time) 0.001238 sec (of CPU time)
Log-likelihood of RapidNJ tree: -49813.774
--------------------------------------------------------------------
|             INITIALIZING CANDIDATE TREE SET                      |
--------------------------------------------------------------------
Generating 99 parsimony trees... 0.379 second
Computing log-likelihood of 2 initial trees ... 0.233 seconds
Current best score: -49812.067

Do NNI search on 3 best initial trees
Estimate model parameters (epsilon = 0.100)
UPDATE BEST LOG-LIKELIHOOD: -49785.081
Finish initializing candidate tree set (3)
Current best tree score: -49785.081 / CPU time: 2.708
Number of iterations: 3
--------------------------------------------------------------------
|               OPTIMIZING CANDIDATE TREE SET                      |
--------------------------------------------------------------------
UPDATE BEST LOG-LIKELIHOOD: -49785.081
UPDATE BEST LOG-LIKELIHOOD: -49785.081
Iteration 10 / LogL: -49789.080 / Time: 0h:0m:12s
UPDATE BEST LOG-LIKELIHOOD: -49785.080
UPDATE BEST LOG-LIKELIHOOD: -49785.080
UPDATE BEST LOG-LIKELIHOOD: -49785.080
Iteration 20 / LogL: -49787.301 / Time: 0h:0m:17s
UPDATE BEST LOG-LIKELIHOOD: -49785.080
UPDATE BEST LOG-LIKELIHOOD: -49785.080
UPDATE BEST LOG-LIKELIHOOD: -49785.080
UPDATE BEST LOG-LIKELIHOOD: -49785.080
Iteration 30 / LogL: -49789.090 / Time: 0h:0m:22s (0h:0m:53s left)
Iteration 40 / LogL: -49785.080 / Time: 0h:0m:27s (0h:0m:42s left)
Iteration 50 / LogL: -49789.080 / Time: 0h:0m:33s (0h:0m:33s left)
Iteration 60 / LogL: -49787.301 / Time: 0h:0m:38s (0h:0m:26s left)
Iteration 70 / LogL: -49789.080 / Time: 0h:0m:43s (0h:0m:18s left)
Iteration 80 / LogL: -49789.015 / Time: 0h:0m:48s (0h:0m:12s left)
Iteration 90 / LogL: -49789.080 / Time: 0h:0m:54s (0h:0m:6s left)
Iteration 100 / LogL: -49787.301 / Time: 0h:0m:59s (0h:0m:0s left)
TREE SEARCH COMPLETED AFTER 101 ITERATIONS / Time: 0h:1m:0s

--------------------------------------------------------------------
|                    FINALIZING TREE SEARCH                        |
--------------------------------------------------------------------
Performs final model parameters optimization
Estimate model parameters (epsilon = 0.010)
1. Initial log-likelihood: -49785.080
Optimal log-likelihood: -49785.079
Gamma shape alpha: 0.710
Parameters optimization took 1 rounds (0.222 sec)
BEST SCORE FOUND : -49785.079
Site log-likelihoods per category printed to felsenstein_p0.8_q0.1_n10000_bad.sitelh
Total tree length: 2.083

Total number of iterations: 101
CPU time used for tree search: 217.996 sec (0h:3m:37s)
Wall-clock time used for tree search: 54.528 sec (0h:0m:54s)
Total CPU time used: 236.716 sec (0h:3m:56s)
Total wall-clock time used: 60.344 sec (0h:1m:0s)

Analysis results written to: 
  IQ-TREE report:                felsenstein_p0.8_q0.1_n10000_bad.iqtree
  Maximum-likelihood tree:       felsenstein_p0.8_q0.1_n10000_bad.treefile
  Likelihood distances:          felsenstein_p0.8_q0.1_n10000_bad.mldist
  Site log-likelihoods:          felsenstein_p0.8_q0.1_n10000_bad.sitelh
  Screen log file:               felsenstein_p0.8_q0.1_n10000_bad.log

Date and Time: Wed Aug 17 10:48:24 2022
