IQ-TREE multicore version 2.1.1 COVID-edition for Linux 64-bit built Aug 21 2020
Developed by Bui Quang Minh, James Barbetti, Nguyen Lam Tung,
Olga Chernomor, Heiko Schmidt, Dominik Schrempf, Michael Woodhams.

Host:    operarius14 (AVX512, FMA3, 187 GB RAM)
Command: /scratch/local/bin/iqtree2 -nt 4 -s felsenstein_p1.4_q0.1_n10000.phylip -m Poisson+G4 -fs felsenstein_p1.4_q0.1_n10000_bad.sitefreq -wslr --prefix felsenstein_p1.4_q0.1_n10000_bad
Seed:    795027 (Using SPRNG - Scalable Parallel Random Number Generator)
Time:    Wed Aug 17 10:47:47 2022
Kernel:  AVX+FMA - 4 threads (4 CPU cores detected)

Reading alignment file felsenstein_p1.4_q0.1_n10000.phylip ... Phylip format detected
Alignment most likely contains protein sequences
Alignment has 4 sequences with 10000 columns, 3629 distinct patterns
615 parsimony-informative, 6082 singleton sites, 3303 constant sites
   Gap/Ambiguity  Composition  p-value
   1  2    0.00%    passed     99.97%
   2  3    0.00%    passed     97.49%
   3  5    0.00%    passed    100.00%
   4  6    0.00%    passed     93.75%
****  TOTAL    0.00%  0 sequences failed composition chi2 test (p-value<5%; df=19)

Reading site-specific state frequency file felsenstein_p1.4_q0.1_n10000_bad.sitefreq ...
Regrouping alignment sites...
10000 distinct per-site state frequency vectors detected

Create initial parsimony tree by phylogenetic likelihood library (PLL)... 0.004 seconds

NOTE: 117 MB RAM (0 GB) is required!
Estimate model parameters (epsilon = 0.100)
1. Initial log-likelihood: -55138.642
2. Current log-likelihood: -54254.877
3. Current log-likelihood: -54236.305
4. Current log-likelihood: -54229.079
5. Current log-likelihood: -54225.796
6. Current log-likelihood: -54224.157
7. Current log-likelihood: -54223.269
8. Current log-likelihood: -54222.802
9. Current log-likelihood: -54222.540
10. Current log-likelihood: -54222.415
Optimal log-likelihood: -54222.296
Gamma shape alpha: 0.677
Parameters optimization took 10 rounds (4.319 sec)
Computing ML distances based on estimated model parameters...
Computing ML distances took 0.128231 sec (of wall-clock time) 0.426556 sec(of CPU time)
Computing RapidNJ tree took 0.000558 sec (of wall-clock time) 0.001182 sec (of CPU time)
Log-likelihood of RapidNJ tree: -54222.294
--------------------------------------------------------------------
|             INITIALIZING CANDIDATE TREE SET                      |
--------------------------------------------------------------------
Generating 99 parsimony trees... 0.395 second
Computing log-likelihood of 2 initial trees ... 0.216 seconds
Current best score: -54222.294

Do NNI search on 3 best initial trees
Estimate model parameters (epsilon = 0.100)
UPDATE BEST LOG-LIKELIHOOD: -54215.108
Finish initializing candidate tree set (3)
Current best tree score: -54215.108 / CPU time: 3.234
Number of iterations: 3
--------------------------------------------------------------------
|               OPTIMIZING CANDIDATE TREE SET                      |
--------------------------------------------------------------------
WARNING: NNI search needs unusual large number of steps (4) to converge!
Estimate model parameters (epsilon = 0.100)
UPDATE BEST LOG-LIKELIHOOD: -54215.062
UPDATE BEST LOG-LIKELIHOOD: -54215.058
Iteration 10 / LogL: -54218.226 / Time: 0h:0m:13s
UPDATE BEST LOG-LIKELIHOOD: -54215.055
WARNING: NNI search needs unusual large number of steps (4) to converge!
Iteration 20 / LogL: -54218.234 / Time: 0h:0m:19s
UPDATE BEST LOG-LIKELIHOOD: -54215.054
WARNING: NNI search needs unusual large number of steps (4) to converge!
WARNING: NNI search needs unusual large number of steps (4) to converge!
UPDATE BEST LOG-LIKELIHOOD: -54215.053
Iteration 30 / LogL: -54215.053 / Time: 0h:0m:24s (0h:1m:0s left)
WARNING: NNI search needs unusual large number of steps (4) to converge!
UPDATE BEST LOG-LIKELIHOOD: -54215.053
Iteration 40 / LogL: -54221.771 / Time: 0h:0m:30s (0h:0m:46s left)
UPDATE BEST LOG-LIKELIHOOD: -54215.052
UPDATE BEST LOG-LIKELIHOOD: -54215.052
WARNING: NNI search needs unusual large number of steps (4) to converge!
Iteration 50 / LogL: -54218.226 / Time: 0h:0m:36s (0h:0m:36s left)
WARNING: NNI search needs unusual large number of steps (4) to converge!
UPDATE BEST LOG-LIKELIHOOD: -54215.052
WARNING: NNI search needs unusual large number of steps (4) to converge!
UPDATE BEST LOG-LIKELIHOOD: -54215.052
UPDATE BEST LOG-LIKELIHOOD: -54215.052
UPDATE BEST LOG-LIKELIHOOD: -54215.052
Iteration 60 / LogL: -54215.052 / Time: 0h:0m:41s (0h:0m:28s left)
UPDATE BEST LOG-LIKELIHOOD: -54215.052
UPDATE BEST LOG-LIKELIHOOD: -54215.052
Iteration 70 / LogL: -54218.226 / Time: 0h:0m:46s (0h:0m:20s left)
WARNING: NNI search needs unusual large number of steps (4) to converge!
UPDATE BEST LOG-LIKELIHOOD: -54215.052
WARNING: NNI search needs unusual large number of steps (4) to converge!
Iteration 80 / LogL: -54218.234 / Time: 0h:0m:52s (0h:0m:13s left)
Iteration 90 / LogL: -54221.771 / Time: 0h:0m:57s (0h:0m:6s left)
WARNING: NNI search needs unusual large number of steps (4) to converge!
WARNING: NNI search needs unusual large number of steps (4) to converge!
UPDATE BEST LOG-LIKELIHOOD: -54215.052
UPDATE BEST LOG-LIKELIHOOD: -54215.052
Iteration 100 / LogL: -54215.052 / Time: 0h:1m:4s (0h:0m:0s left)
WARNING: NNI search needs unusual large number of steps (4) to converge!
TREE SEARCH COMPLETED AFTER 101 ITERATIONS / Time: 0h:1m:5s

--------------------------------------------------------------------
|                    FINALIZING TREE SEARCH                        |
--------------------------------------------------------------------
Performs final model parameters optimization
Estimate model parameters (epsilon = 0.010)
1. Initial log-likelihood: -54215.052
Optimal log-likelihood: -54215.051
Gamma shape alpha: 0.677
Parameters optimization took 1 rounds (0.283 sec)
BEST SCORE FOUND : -54215.051
Site log-likelihoods per category printed to felsenstein_p1.4_q0.1_n10000_bad.sitelh
Total tree length: 3.519

Total number of iterations: 101
CPU time used for tree search: 235.440 sec (0h:3m:55s)
Wall-clock time used for tree search: 58.911 sec (0h:0m:58s)
Total CPU time used: 257.642 sec (0h:4m:17s)
Total wall-clock time used: 65.456 sec (0h:1m:5s)

Analysis results written to: 
  IQ-TREE report:                felsenstein_p1.4_q0.1_n10000_bad.iqtree
  Maximum-likelihood tree:       felsenstein_p1.4_q0.1_n10000_bad.treefile
  Likelihood distances:          felsenstein_p1.4_q0.1_n10000_bad.mldist
  Site log-likelihoods:          felsenstein_p1.4_q0.1_n10000_bad.sitelh
  Screen log file:               felsenstein_p1.4_q0.1_n10000_bad.log

Date and Time: Wed Aug 17 10:48:53 2022
