IQ-TREE multicore version 2.1.1 COVID-edition for Linux 64-bit built Aug 21 2020
Developed by Bui Quang Minh, James Barbetti, Nguyen Lam Tung,
Olga Chernomor, Heiko Schmidt, Dominik Schrempf, Michael Woodhams.

Host:    operarius33 (AVX2, FMA3, 503 GB RAM)
Command: /scratch/local/bin/iqtree2 -nt 4 -s felsenstein_p0.1_q0.1_n10000.phylip -m Poisson+G4 -fs felsenstein_p0.1_q0.1_n10000_bad.sitefreq -wslr --prefix felsenstein_p0.1_q0.1_n10000_bad
Seed:    625245 (Using SPRNG - Scalable Parallel Random Number Generator)
Time:    Wed Aug 17 10:46:55 2022
Kernel:  AVX+FMA - 4 threads (4 CPU cores detected)

Reading alignment file felsenstein_p0.1_q0.1_n10000.phylip ... Phylip format detected
Alignment most likely contains protein sequences
Alignment has 4 sequences with 10000 columns, 1776 distinct patterns
563 parsimony-informative, 2549 singleton sites, 6888 constant sites
   Gap/Ambiguity  Composition  p-value
   1  2    0.00%    passed     99.98%
   2  3    0.00%    passed    100.00%
   3  5    0.00%    passed    100.00%
   4  6    0.00%    passed     99.96%
****  TOTAL    0.00%  0 sequences failed composition chi2 test (p-value<5%; df=19)

Reading site-specific state frequency file felsenstein_p0.1_q0.1_n10000_bad.sitefreq ...
Regrouping alignment sites...
10000 distinct per-site state frequency vectors detected

Create initial parsimony tree by phylogenetic likelihood library (PLL)... 0.002 seconds

NOTE: 117 MB RAM (0 GB) is required!
Estimate model parameters (epsilon = 0.100)
1. Initial log-likelihood: -23455.675
2. Current log-likelihood: -23009.053
3. Current log-likelihood: -22975.701
4. Current log-likelihood: -22970.136
5. Current log-likelihood: -22968.897
6. Current log-likelihood: -22968.594
Optimal log-likelihood: -22968.507
Gamma shape alpha: 0.314
Parameters optimization took 6 rounds (2.197 sec)
Computing ML distances based on estimated model parameters...
Computing ML distances took 0.133162 sec (of wall-clock time) 0.393666 sec(of CPU time)
Computing RapidNJ tree took 0.000694 sec (of wall-clock time) 0.000982 sec (of CPU time)
Log-likelihood of RapidNJ tree: -22968.506
--------------------------------------------------------------------
|             INITIALIZING CANDIDATE TREE SET                      |
--------------------------------------------------------------------
Generating 99 parsimony trees... 0.140 second
Computing log-likelihood of 2 initial trees ... 0.154 seconds
Current best score: -22968.506

Do NNI search on 3 best initial trees
Finish initializing candidate tree set (3)
Current best tree score: -22968.506 / CPU time: 0.994
Number of iterations: 3
--------------------------------------------------------------------
|               OPTIMIZING CANDIDATE TREE SET                      |
--------------------------------------------------------------------
UPDATE BEST LOG-LIKELIHOOD: -22968.506
Iteration 10 / LogL: -22968.506 / Time: 0h:0m:7s
Iteration 20 / LogL: -22968.603 / Time: 0h:0m:10s
UPDATE BEST LOG-LIKELIHOOD: -22968.506
UPDATE BEST LOG-LIKELIHOOD: -22968.506
UPDATE BEST LOG-LIKELIHOOD: -22968.506
Iteration 30 / LogL: -22968.506 / Time: 0h:0m:14s (0h:0m:33s left)
Iteration 40 / LogL: -22968.615 / Time: 0h:0m:16s (0h:0m:26s left)
Iteration 50 / LogL: -22968.603 / Time: 0h:0m:20s (0h:0m:20s left)
Iteration 60 / LogL: -22968.731 / Time: 0h:0m:24s (0h:0m:16s left)
Iteration 70 / LogL: -22968.615 / Time: 0h:0m:27s (0h:0m:11s left)
Iteration 80 / LogL: -22968.731 / Time: 0h:0m:30s (0h:0m:7s left)
Iteration 90 / LogL: -22968.649 / Time: 0h:0m:33s (0h:0m:3s left)
Iteration 100 / LogL: -22968.731 / Time: 0h:0m:36s (0h:0m:0s left)
TREE SEARCH COMPLETED AFTER 101 ITERATIONS / Time: 0h:0m:36s

--------------------------------------------------------------------
|                    FINALIZING TREE SEARCH                        |
--------------------------------------------------------------------
Performs final model parameters optimization
Estimate model parameters (epsilon = 0.010)
1. Initial log-likelihood: -22968.506
Optimal log-likelihood: -22968.495
Gamma shape alpha: 0.312
Parameters optimization took 1 rounds (0.184 sec)
BEST SCORE FOUND : -22968.495
Site log-likelihoods per category printed to felsenstein_p0.1_q0.1_n10000_bad.sitelh
Total tree length: 1.104

Total number of iterations: 101
CPU time used for tree search: 132.311 sec (0h:2m:12s)
Wall-clock time used for tree search: 33.095 sec (0h:0m:33s)
Total CPU time used: 144.701 sec (0h:2m:24s)
Total wall-clock time used: 37.107 sec (0h:0m:37s)

Analysis results written to: 
  IQ-TREE report:                felsenstein_p0.1_q0.1_n10000_bad.iqtree
  Maximum-likelihood tree:       felsenstein_p0.1_q0.1_n10000_bad.treefile
  Likelihood distances:          felsenstein_p0.1_q0.1_n10000_bad.mldist
  Site log-likelihoods:          felsenstein_p0.1_q0.1_n10000_bad.sitelh
  Screen log file:               felsenstein_p0.1_q0.1_n10000_bad.log

Date and Time: Wed Aug 17 10:47:32 2022
