IQ-TREE multicore version 2.1.1 COVID-edition for Linux 64-bit built Aug 21 2020
Developed by Bui Quang Minh, James Barbetti, Nguyen Lam Tung,
Olga Chernomor, Heiko Schmidt, Dominik Schrempf, Michael Woodhams.

Host:    operarius28 (AVX512, FMA3, 251 GB RAM)
Command: /scratch/local/bin/iqtree2 -nt 4 -s felsenstein_p0.2_q0.1_n10000.phylip -m Poisson+G4 -fs felsenstein_p0.2_q0.1_n10000_bad.sitefreq -wslr --prefix felsenstein_p0.2_q0.1_n10000_bad
Seed:    586169 (Using SPRNG - Scalable Parallel Random Number Generator)
Time:    Wed Aug 17 10:46:59 2022
Kernel:  AVX+FMA - 4 threads (4 CPU cores detected)

Reading alignment file felsenstein_p0.2_q0.1_n10000.phylip ... Phylip format detected
Alignment most likely contains protein sequences
Alignment has 4 sequences with 10000 columns, 2168 distinct patterns
517 parsimony-informative, 3317 singleton sites, 6166 constant sites
   Gap/Ambiguity  Composition  p-value
   1  2    0.00%    passed     99.99%
   2  3    0.00%    passed     99.99%
   3  5    0.00%    passed    100.00%
   4  6    0.00%    passed     99.97%
****  TOTAL    0.00%  0 sequences failed composition chi2 test (p-value<5%; df=19)

Reading site-specific state frequency file felsenstein_p0.2_q0.1_n10000_bad.sitefreq ...
Regrouping alignment sites...
10000 distinct per-site state frequency vectors detected

Create initial parsimony tree by phylogenetic likelihood library (PLL)... 0.002 seconds

NOTE: 117 MB RAM (0 GB) is required!
Estimate model parameters (epsilon = 0.100)
1. Initial log-likelihood: -33971.748
2. Current log-likelihood: -33720.134
3. Current log-likelihood: -33715.020
4. Current log-likelihood: -33714.854
Optimal log-likelihood: -33714.848
Gamma shape alpha: 0.629
Parameters optimization took 4 rounds (1.549 sec)
Computing ML distances based on estimated model parameters...
Computing ML distances took 0.113069 sec (of wall-clock time) 0.407578 sec(of CPU time)
Computing RapidNJ tree took 0.000408 sec (of wall-clock time) 0.000849 sec (of CPU time)
Log-likelihood of RapidNJ tree: -33714.847
--------------------------------------------------------------------
|             INITIALIZING CANDIDATE TREE SET                      |
--------------------------------------------------------------------
Generating 99 parsimony trees... 0.199 second
Computing log-likelihood of 2 initial trees ... 0.187 seconds
Current best score: -33714.847

Do NNI search on 3 best initial trees
UPDATE BEST LOG-LIKELIHOOD: -33714.847
Finish initializing candidate tree set (3)
Current best tree score: -33714.847 / CPU time: 1.357
Number of iterations: 3
--------------------------------------------------------------------
|               OPTIMIZING CANDIDATE TREE SET                      |
--------------------------------------------------------------------
UPDATE BEST LOG-LIKELIHOOD: -33714.847
Iteration 10 / LogL: -33715.113 / Time: 0h:0m:7s
Iteration 20 / LogL: -33715.005 / Time: 0h:0m:12s
Iteration 30 / LogL: -33715.105 / Time: 0h:0m:17s (0h:0m:42s left)
Iteration 40 / LogL: -33715.105 / Time: 0h:0m:22s (0h:0m:34s left)
Iteration 50 / LogL: -33714.847 / Time: 0h:0m:26s (0h:0m:27s left)
Iteration 60 / LogL: -33715.039 / Time: 0h:0m:32s (0h:0m:21s left)
Iteration 70 / LogL: -33715.105 / Time: 0h:0m:36s (0h:0m:16s left)
Iteration 80 / LogL: -33715.113 / Time: 0h:0m:41s (0h:0m:10s left)
Iteration 90 / LogL: -33715.005 / Time: 0h:0m:46s (0h:0m:5s left)
Iteration 100 / LogL: -33715.113 / Time: 0h:0m:51s (0h:0m:0s left)
TREE SEARCH COMPLETED AFTER 101 ITERATIONS / Time: 0h:0m:52s

--------------------------------------------------------------------
|                    FINALIZING TREE SEARCH                        |
--------------------------------------------------------------------
Performs final model parameters optimization
Estimate model parameters (epsilon = 0.010)
1. Initial log-likelihood: -33714.847
Optimal log-likelihood: -33714.847
Gamma shape alpha: 0.629
Parameters optimization took 1 rounds (0.250 sec)
BEST SCORE FOUND : -33714.847
Site log-likelihoods per category printed to felsenstein_p0.2_q0.1_n10000_bad.sitelh
Total tree length: 0.894

Total number of iterations: 101
CPU time used for tree search: 195.881 sec (0h:3m:15s)
Wall-clock time used for tree search: 48.993 sec (0h:0m:48s)
Total CPU time used: 205.685 sec (0h:3m:25s)
Total wall-clock time used: 52.374 sec (0h:0m:52s)

Analysis results written to: 
  IQ-TREE report:                felsenstein_p0.2_q0.1_n10000_bad.iqtree
  Maximum-likelihood tree:       felsenstein_p0.2_q0.1_n10000_bad.treefile
  Likelihood distances:          felsenstein_p0.2_q0.1_n10000_bad.mldist
  Site log-likelihoods:          felsenstein_p0.2_q0.1_n10000_bad.sitelh
  Screen log file:               felsenstein_p0.2_q0.1_n10000_bad.log

Date and Time: Wed Aug 17 10:47:52 2022
