IQ-TREE multicore version 2.1.1 COVID-edition for Linux 64-bit built Aug 21 2020
Developed by Bui Quang Minh, James Barbetti, Nguyen Lam Tung,
Olga Chernomor, Heiko Schmidt, Dominik Schrempf, Michael Woodhams.

Host:    operarius13 (AVX512, FMA3, 503 GB RAM)
Command: /scratch/local/bin/iqtree2 -nt 4 -s felsenstein_p0.5_q0.1_n10000.phylip -m Poisson+G4 -fs felsenstein_p0.5_q0.1_n10000_bad.sitefreq -wslr --prefix felsenstein_p0.5_q0.1_n10000_bad
Seed:    693800 (Using SPRNG - Scalable Parallel Random Number Generator)
Time:    Wed Aug 17 10:47:11 2022
Kernel:  AVX+FMA - 4 threads (4 CPU cores detected)

Reading alignment file felsenstein_p0.5_q0.1_n10000.phylip ... Phylip format detected
Alignment most likely contains protein sequences
Alignment has 4 sequences with 10000 columns, 2832 distinct patterns
504 parsimony-informative, 4591 singleton sites, 4905 constant sites
   Gap/Ambiguity  Composition  p-value
   1  2    0.00%    passed     99.99%
   2  3    0.00%    passed     94.59%
   3  5    0.00%    passed    100.00%
   4  6    0.00%    passed     99.37%
****  TOTAL    0.00%  0 sequences failed composition chi2 test (p-value<5%; df=19)

Reading site-specific state frequency file felsenstein_p0.5_q0.1_n10000_bad.sitefreq ...
Regrouping alignment sites...
10000 distinct per-site state frequency vectors detected

Create initial parsimony tree by phylogenetic likelihood library (PLL)... 0.004 seconds

NOTE: 117 MB RAM (0 GB) is required!
Estimate model parameters (epsilon = 0.100)
1. Initial log-likelihood: -45283.915
2. Current log-likelihood: -44851.708
3. Current log-likelihood: -44844.490
4. Current log-likelihood: -44843.831
Optimal log-likelihood: -44843.747
Gamma shape alpha: 0.719
Parameters optimization took 4 rounds (2.027 sec)
Computing ML distances based on estimated model parameters...
Computing ML distances took 0.114912 sec (of wall-clock time) 0.433322 sec(of CPU time)
Computing RapidNJ tree took 0.000560 sec (of wall-clock time) 0.001207 sec (of CPU time)
Log-likelihood of RapidNJ tree: -44843.746
--------------------------------------------------------------------
|             INITIALIZING CANDIDATE TREE SET                      |
--------------------------------------------------------------------
Generating 99 parsimony trees... 0.331 second
Computing log-likelihood of 2 initial trees ... 0.249 seconds
Current best score: -44843.746

Do NNI search on 3 best initial trees
Finish initializing candidate tree set (3)
Current best tree score: -44843.746 / CPU time: 1.731
Number of iterations: 3
--------------------------------------------------------------------
|               OPTIMIZING CANDIDATE TREE SET                      |
--------------------------------------------------------------------
UPDATE BEST LOG-LIKELIHOOD: -44843.746
Iteration 10 / LogL: -44843.746 / Time: 0h:0m:10s
Iteration 20 / LogL: -44847.159 / Time: 0h:0m:15s
UPDATE BEST LOG-LIKELIHOOD: -44843.746
UPDATE BEST LOG-LIKELIHOOD: -44843.746
UPDATE BEST LOG-LIKELIHOOD: -44843.746
Iteration 30 / LogL: -44847.190 / Time: 0h:0m:21s (0h:0m:52s left)
Iteration 40 / LogL: -44847.688 / Time: 0h:0m:26s (0h:0m:41s left)
Iteration 50 / LogL: -44847.688 / Time: 0h:0m:32s (0h:0m:33s left)
Iteration 60 / LogL: -44847.331 / Time: 0h:0m:38s (0h:0m:26s left)
Iteration 70 / LogL: -44847.688 / Time: 0h:0m:44s (0h:0m:19s left)
Iteration 80 / LogL: -44847.688 / Time: 0h:0m:50s (0h:0m:12s left)
Iteration 90 / LogL: -44846.593 / Time: 0h:0m:55s (0h:0m:6s left)
Iteration 100 / LogL: -44843.746 / Time: 0h:1m:1s (0h:0m:0s left)
TREE SEARCH COMPLETED AFTER 101 ITERATIONS / Time: 0h:1m:1s

--------------------------------------------------------------------
|                    FINALIZING TREE SEARCH                        |
--------------------------------------------------------------------
Performs final model parameters optimization
Estimate model parameters (epsilon = 0.010)
1. Initial log-likelihood: -44843.746
Optimal log-likelihood: -44843.740
Gamma shape alpha: 0.716
Parameters optimization took 1 rounds (0.313 sec)
BEST SCORE FOUND : -44843.740
Site log-likelihoods per category printed to felsenstein_p0.5_q0.1_n10000_bad.sitelh
Total tree length: 1.440

Total number of iterations: 101
CPU time used for tree search: 230.057 sec (0h:3m:50s)
Wall-clock time used for tree search: 57.547 sec (0h:0m:57s)
Total CPU time used: 243.757 sec (0h:4m:3s)
Total wall-clock time used: 62.102 sec (0h:1m:2s)

Analysis results written to: 
  IQ-TREE report:                felsenstein_p0.5_q0.1_n10000_bad.iqtree
  Maximum-likelihood tree:       felsenstein_p0.5_q0.1_n10000_bad.treefile
  Likelihood distances:          felsenstein_p0.5_q0.1_n10000_bad.mldist
  Site log-likelihoods:          felsenstein_p0.5_q0.1_n10000_bad.sitelh
  Screen log file:               felsenstein_p0.5_q0.1_n10000_bad.log

Date and Time: Wed Aug 17 10:48:14 2022
