IQ-TREE multicore version 2.1.1 COVID-edition for Linux 64-bit built Aug 21 2020
Developed by Bui Quang Minh, James Barbetti, Nguyen Lam Tung,
Olga Chernomor, Heiko Schmidt, Dominik Schrempf, Michael Woodhams.

Host:    operarius15 (AVX512, FMA3, 754 GB RAM)
Command: /scratch/local/bin/iqtree2 -nt 4 -s felsenstein_p1.3_q0.1_n10000.phylip -m Poisson+G4 -fs felsenstein_p1.3_q0.1_n10000_bad.sitefreq -wslr --prefix felsenstein_p1.3_q0.1_n10000_bad
Seed:    779554 (Using SPRNG - Scalable Parallel Random Number Generator)
Time:    Wed Aug 17 10:47:43 2022
Kernel:  AVX+FMA - 4 threads (4 CPU cores detected)

Reading alignment file felsenstein_p1.3_q0.1_n10000.phylip ... Phylip format detected
Alignment most likely contains protein sequences
Alignment has 4 sequences with 10000 columns, 3557 distinct patterns
597 parsimony-informative, 5993 singleton sites, 3410 constant sites
   Gap/Ambiguity  Composition  p-value
   1  2    0.00%    passed     99.96%
   2  3    0.00%    passed     98.46%
   3  5    0.00%    passed    100.00%
   4  6    0.00%    passed     95.10%
****  TOTAL    0.00%  0 sequences failed composition chi2 test (p-value<5%; df=19)

Reading site-specific state frequency file felsenstein_p1.3_q0.1_n10000_bad.sitefreq ...
Regrouping alignment sites...
10000 distinct per-site state frequency vectors detected

Create initial parsimony tree by phylogenetic likelihood library (PLL)... 0.005 seconds

NOTE: 117 MB RAM (0 GB) is required!
Estimate model parameters (epsilon = 0.100)
1. Initial log-likelihood: -54542.378
2. Current log-likelihood: -53712.060
3. Current log-likelihood: -53694.352
4. Current log-likelihood: -53687.996
5. Current log-likelihood: -53685.285
6. Current log-likelihood: -53683.982
7. Current log-likelihood: -53683.338
8. Current log-likelihood: -53683.012
9. Current log-likelihood: -53682.871
Optimal log-likelihood: -53682.744
Gamma shape alpha: 0.693
Parameters optimization took 9 rounds (4.595 sec)
Computing ML distances based on estimated model parameters...
Computing ML distances took 0.137108 sec (of wall-clock time) 0.455999 sec(of CPU time)
Computing RapidNJ tree took 0.000603 sec (of wall-clock time) 0.001318 sec (of CPU time)
Log-likelihood of RapidNJ tree: -53682.742
--------------------------------------------------------------------
|             INITIALIZING CANDIDATE TREE SET                      |
--------------------------------------------------------------------
Generating 99 parsimony trees... 0.423 second
Computing log-likelihood of 2 initial trees ... 0.235 seconds
Current best score: -53682.742

Do NNI search on 3 best initial trees
Estimate model parameters (epsilon = 0.100)
UPDATE BEST LOG-LIKELIHOOD: -53672.808
Finish initializing candidate tree set (3)
Current best tree score: -53672.808 / CPU time: 3.565
Number of iterations: 3
--------------------------------------------------------------------
|               OPTIMIZING CANDIDATE TREE SET                      |
--------------------------------------------------------------------
Iteration 10 / LogL: -53676.542 / Time: 0h:0m:14s
Estimate model parameters (epsilon = 0.100)
UPDATE BEST LOG-LIKELIHOOD: -53672.786
UPDATE BEST LOG-LIKELIHOOD: -53672.785
UPDATE BEST LOG-LIKELIHOOD: -53672.784
Iteration 20 / LogL: -53673.468 / Time: 0h:0m:20s
UPDATE BEST LOG-LIKELIHOOD: -53672.784
Iteration 30 / LogL: -53678.339 / Time: 0h:0m:26s (0h:1m:3s left)
UPDATE BEST LOG-LIKELIHOOD: -53672.783
UPDATE BEST LOG-LIKELIHOOD: -53672.783
Iteration 40 / LogL: -53679.862 / Time: 0h:0m:31s (0h:0m:48s left)
UPDATE BEST LOG-LIKELIHOOD: -53672.783
Iteration 50 / LogL: -53673.454 / Time: 0h:0m:36s (0h:0m:37s left)
UPDATE BEST LOG-LIKELIHOOD: -53672.783
Iteration 60 / LogL: -53678.339 / Time: 0h:0m:42s (0h:0m:28s left)
UPDATE BEST LOG-LIKELIHOOD: -53672.783
UPDATE BEST LOG-LIKELIHOOD: -53672.783
UPDATE BEST LOG-LIKELIHOOD: -53672.783
Iteration 70 / LogL: -53679.862 / Time: 0h:0m:47s (0h:0m:20s left)
Iteration 80 / LogL: -53679.862 / Time: 0h:0m:52s (0h:0m:13s left)
UPDATE BEST LOG-LIKELIHOOD: -53672.783
UPDATE BEST LOG-LIKELIHOOD: -53672.783
Iteration 90 / LogL: -53673.451 / Time: 0h:0m:57s (0h:0m:6s left)
UPDATE BEST LOG-LIKELIHOOD: -53672.783
Iteration 100 / LogL: -53672.783 / Time: 0h:1m:2s (0h:0m:0s left)
UPDATE BEST LOG-LIKELIHOOD: -53672.783
TREE SEARCH COMPLETED AFTER 101 ITERATIONS / Time: 0h:1m:3s

--------------------------------------------------------------------
|                    FINALIZING TREE SEARCH                        |
--------------------------------------------------------------------
Performs final model parameters optimization
Estimate model parameters (epsilon = 0.010)
1. Initial log-likelihood: -53672.783
Optimal log-likelihood: -53672.782
Gamma shape alpha: 0.696
Parameters optimization took 1 rounds (0.251 sec)
BEST SCORE FOUND : -53672.782
Site log-likelihoods per category printed to felsenstein_p1.3_q0.1_n10000_bad.sitelh
Total tree length: 3.196

Total number of iterations: 101
CPU time used for tree search: 224.402 sec (0h:3m:44s)
Wall-clock time used for tree search: 56.133 sec (0h:0m:56s)
Total CPU time used: 248.565 sec (0h:4m:8s)
Total wall-clock time used: 63.335 sec (0h:1m:3s)

Analysis results written to: 
  IQ-TREE report:                felsenstein_p1.3_q0.1_n10000_bad.iqtree
  Maximum-likelihood tree:       felsenstein_p1.3_q0.1_n10000_bad.treefile
  Likelihood distances:          felsenstein_p1.3_q0.1_n10000_bad.mldist
  Site log-likelihoods:          felsenstein_p1.3_q0.1_n10000_bad.sitelh
  Screen log file:               felsenstein_p1.3_q0.1_n10000_bad.log

Date and Time: Wed Aug 17 10:48:47 2022
