IQ-TREE multicore version 2.1.1 COVID-edition for Linux 64-bit built Aug 21 2020
Developed by Bui Quang Minh, James Barbetti, Nguyen Lam Tung,
Olga Chernomor, Heiko Schmidt, Dominik Schrempf, Michael Woodhams.

Host:    operarius12 (AVX512, FMA3, 187 GB RAM)
Command: /scratch/local/bin/iqtree2 -nt 4 -s felsenstein_p0.7_q0.1_n10000.phylip -m Poisson+G4 -fs felsenstein_p0.7_q0.1_n10000_bad.sitefreq -wslr --prefix felsenstein_p0.7_q0.1_n10000_bad
Seed:    661491 (Using SPRNG - Scalable Parallel Random Number Generator)
Time:    Wed Aug 17 10:47:19 2022
Kernel:  AVX+FMA - 4 threads (4 CPU cores detected)

Reading alignment file felsenstein_p0.7_q0.1_n10000.phylip ... Phylip format detected
Alignment most likely contains protein sequences
Alignment has 4 sequences with 10000 columns, 3094 distinct patterns
515 parsimony-informative, 5122 singleton sites, 4363 constant sites
   Gap/Ambiguity  Composition  p-value
   1  2    0.00%    passed     99.97%
   2  3    0.00%    passed     99.83%
   3  5    0.00%    passed    100.00%
   4  6    0.00%    passed     96.11%
****  TOTAL    0.00%  0 sequences failed composition chi2 test (p-value<5%; df=19)

Reading site-specific state frequency file felsenstein_p0.7_q0.1_n10000_bad.sitefreq ...
Regrouping alignment sites...
10000 distinct per-site state frequency vectors detected

Create initial parsimony tree by phylogenetic likelihood library (PLL)... 0.004 seconds

NOTE: 117 MB RAM (0 GB) is required!
Estimate model parameters (epsilon = 0.100)
1. Initial log-likelihood: -48820.442
2. Current log-likelihood: -48255.507
3. Current log-likelihood: -48238.850
4. Current log-likelihood: -48235.782
5. Current log-likelihood: -48235.047
6. Current log-likelihood: -48234.848
Optimal log-likelihood: -48234.782
Gamma shape alpha: 0.681
Parameters optimization took 6 rounds (2.964 sec)
Computing ML distances based on estimated model parameters...
Computing ML distances took 0.129880 sec (of wall-clock time) 0.403857 sec(of CPU time)
Computing RapidNJ tree took 0.001167 sec (of wall-clock time) 0.002025 sec (of CPU time)
Log-likelihood of RapidNJ tree: -48234.782
--------------------------------------------------------------------
|             INITIALIZING CANDIDATE TREE SET                      |
--------------------------------------------------------------------
Generating 99 parsimony trees... 0.364 second
Computing log-likelihood of 2 initial trees ... 0.240 seconds
Current best score: -48216.902

Do NNI search on 3 best initial trees
UPDATE BEST LOG-LIKELIHOOD: -48216.902
Estimate model parameters (epsilon = 0.100)
UPDATE BEST LOG-LIKELIHOOD: -48194.444
Finish initializing candidate tree set (3)
Current best tree score: -48194.444 / CPU time: 2.689
Number of iterations: 3
--------------------------------------------------------------------
|               OPTIMIZING CANDIDATE TREE SET                      |
--------------------------------------------------------------------
UPDATE BEST LOG-LIKELIHOOD: -48194.444
Iteration 10 / LogL: -48197.138 / Time: 0h:0m:11s
UPDATE BEST LOG-LIKELIHOOD: -48194.444
Iteration 20 / LogL: -48194.444 / Time: 0h:0m:17s
UPDATE BEST LOG-LIKELIHOOD: -48194.444
Iteration 30 / LogL: -48198.950 / Time: 0h:0m:22s (0h:0m:54s left)
UPDATE BEST LOG-LIKELIHOOD: -48194.444
Iteration 40 / LogL: -48198.905 / Time: 0h:0m:27s (0h:0m:42s left)
Iteration 50 / LogL: -48199.005 / Time: 0h:0m:33s (0h:0m:34s left)
UPDATE BEST LOG-LIKELIHOOD: -48194.444
Iteration 60 / LogL: -48197.136 / Time: 0h:0m:39s (0h:0m:26s left)
UPDATE BEST LOG-LIKELIHOOD: -48194.444
UPDATE BEST LOG-LIKELIHOOD: -48194.444
UPDATE BEST LOG-LIKELIHOOD: -48194.444
Iteration 70 / LogL: -48199.005 / Time: 0h:0m:45s (0h:0m:19s left)
Iteration 80 / LogL: -48198.905 / Time: 0h:0m:50s (0h:0m:12s left)
Iteration 90 / LogL: -48194.444 / Time: 0h:0m:56s (0h:0m:6s left)
Iteration 100 / LogL: -48198.905 / Time: 0h:1m:1s (0h:0m:0s left)
TREE SEARCH COMPLETED AFTER 101 ITERATIONS / Time: 0h:1m:1s

--------------------------------------------------------------------
|                    FINALIZING TREE SEARCH                        |
--------------------------------------------------------------------
Performs final model parameters optimization
Estimate model parameters (epsilon = 0.010)
1. Initial log-likelihood: -48194.444
Optimal log-likelihood: -48194.440
Gamma shape alpha: 0.707
Parameters optimization took 1 rounds (0.279 sec)
BEST SCORE FOUND : -48194.440
Site log-likelihoods per category printed to felsenstein_p0.7_q0.1_n10000_bad.sitelh
Total tree length: 1.898

Total number of iterations: 101
CPU time used for tree search: 227.997 sec (0h:3m:47s)
Wall-clock time used for tree search: 57.027 sec (0h:0m:57s)
Total CPU time used: 244.819 sec (0h:4m:4s)
Total wall-clock time used: 62.268 sec (0h:1m:2s)

Analysis results written to: 
  IQ-TREE report:                felsenstein_p0.7_q0.1_n10000_bad.iqtree
  Maximum-likelihood tree:       felsenstein_p0.7_q0.1_n10000_bad.treefile
  Likelihood distances:          felsenstein_p0.7_q0.1_n10000_bad.mldist
  Site log-likelihoods:          felsenstein_p0.7_q0.1_n10000_bad.sitelh
  Screen log file:               felsenstein_p0.7_q0.1_n10000_bad.log

Date and Time: Wed Aug 17 10:48:22 2022
