IQ-TREE multicore version 2.1.1 COVID-edition for Linux 64-bit built Aug 21 2020
Developed by Bui Quang Minh, James Barbetti, Nguyen Lam Tung,
Olga Chernomor, Heiko Schmidt, Dominik Schrempf, Michael Woodhams.

Host:    operarius33 (AVX2, FMA3, 503 GB RAM)
Command: /scratch/local/bin/iqtree2 -nt 4 -s felsenstein_p1.1_q0.1_n10000.phylip -m Poisson+G4 -fs felsenstein_p1.1_q0.1_n10000_bad.sitefreq -wslr --prefix felsenstein_p1.1_q0.1_n10000_bad
Seed:    783618 (Using SPRNG - Scalable Parallel Random Number Generator)
Time:    Wed Aug 17 10:47:35 2022
Kernel:  AVX+FMA - 4 threads (4 CPU cores detected)

Reading alignment file felsenstein_p1.1_q0.1_n10000.phylip ... Phylip format detected
Alignment most likely contains protein sequences
Alignment has 4 sequences with 10000 columns, 3466 distinct patterns
560 parsimony-informative, 5788 singleton sites, 3652 constant sites
   Gap/Ambiguity  Composition  p-value
   1  2    0.00%    passed     99.99%
   2  3    0.00%    passed     99.95%
   3  5    0.00%    passed    100.00%
   4  6    0.00%    passed     99.89%
****  TOTAL    0.00%  0 sequences failed composition chi2 test (p-value<5%; df=19)

Reading site-specific state frequency file felsenstein_p1.1_q0.1_n10000_bad.sitefreq ...
Regrouping alignment sites...
10000 distinct per-site state frequency vectors detected

Create initial parsimony tree by phylogenetic likelihood library (PLL)... 0.002 seconds

NOTE: 117 MB RAM (0 GB) is required!
Estimate model parameters (epsilon = 0.100)
1. Initial log-likelihood: -52894.445
2. Current log-likelihood: -52126.444
3. Current log-likelihood: -52106.861
4. Current log-likelihood: -52100.594
5. Current log-likelihood: -52098.195
6. Current log-likelihood: -52097.142
7. Current log-likelihood: -52096.675
8. Current log-likelihood: -52096.450
Optimal log-likelihood: -52096.318
Gamma shape alpha: 0.679
Parameters optimization took 8 rounds (2.487 sec)
Computing ML distances based on estimated model parameters...
Computing ML distances took 0.085787 sec (of wall-clock time) 0.260434 sec(of CPU time)
Computing RapidNJ tree took 0.000648 sec (of wall-clock time) 0.001667 sec (of CPU time)
Log-likelihood of RapidNJ tree: -52096.316
--------------------------------------------------------------------
|             INITIALIZING CANDIDATE TREE SET                      |
--------------------------------------------------------------------
Generating 99 parsimony trees... 0.271 second
Computing log-likelihood of 2 initial trees ... 0.139 seconds
Current best score: -52096.316

Do NNI search on 3 best initial trees
Estimate model parameters (epsilon = 0.100)
UPDATE BEST LOG-LIKELIHOOD: -52086.322
Finish initializing candidate tree set (3)
Current best tree score: -52086.322 / CPU time: 1.942
Number of iterations: 3
--------------------------------------------------------------------
|               OPTIMIZING CANDIDATE TREE SET                      |
--------------------------------------------------------------------
Iteration 10 / LogL: -52091.457 / Time: 0h:0m:8s
Estimate model parameters (epsilon = 0.100)
UPDATE BEST LOG-LIKELIHOOD: -52086.297
Iteration 20 / LogL: -52091.457 / Time: 0h:0m:11s
UPDATE BEST LOG-LIKELIHOOD: -52086.296
UPDATE BEST LOG-LIKELIHOOD: -52086.296
Iteration 30 / LogL: -52091.457 / Time: 0h:0m:14s (0h:0m:35s left)
UPDATE BEST LOG-LIKELIHOOD: -52086.295
UPDATE BEST LOG-LIKELIHOOD: -52086.295
Iteration 40 / LogL: -52086.295 / Time: 0h:0m:17s (0h:0m:27s left)
UPDATE BEST LOG-LIKELIHOOD: -52086.295
Iteration 50 / LogL: -52089.393 / Time: 0h:0m:20s (0h:0m:21s left)
UPDATE BEST LOG-LIKELIHOOD: -52086.295
Iteration 60 / LogL: -52089.922 / Time: 0h:0m:23s (0h:0m:16s left)
UPDATE BEST LOG-LIKELIHOOD: -52086.295
UPDATE BEST LOG-LIKELIHOOD: -52086.295
Iteration 70 / LogL: -52089.922 / Time: 0h:0m:27s (0h:0m:11s left)
UPDATE BEST LOG-LIKELIHOOD: -52086.295
Iteration 80 / LogL: -52089.410 / Time: 0h:0m:30s (0h:0m:7s left)
UPDATE BEST LOG-LIKELIHOOD: -52086.295
Iteration 90 / LogL: -52086.295 / Time: 0h:0m:33s (0h:0m:3s left)
UPDATE BEST LOG-LIKELIHOOD: -52086.295
UPDATE BEST LOG-LIKELIHOOD: -52086.295
UPDATE BEST LOG-LIKELIHOOD: -52086.295
Iteration 100 / LogL: -52089.393 / Time: 0h:0m:36s (0h:0m:0s left)
UPDATE BEST LOG-LIKELIHOOD: -52086.295
TREE SEARCH COMPLETED AFTER 101 ITERATIONS / Time: 0h:0m:36s

--------------------------------------------------------------------
|                    FINALIZING TREE SEARCH                        |
--------------------------------------------------------------------
Performs final model parameters optimization
Estimate model parameters (epsilon = 0.010)
1. Initial log-likelihood: -52086.295
Optimal log-likelihood: -52086.295
Gamma shape alpha: 0.684
Parameters optimization took 1 rounds (0.168 sec)
BEST SCORE FOUND : -52086.295
Site log-likelihoods per category printed to felsenstein_p1.1_q0.1_n10000_bad.sitelh
Total tree length: 2.849

Total number of iterations: 101
CPU time used for tree search: 131.086 sec (0h:2m:11s)
Wall-clock time used for tree search: 32.793 sec (0h:0m:32s)
Total CPU time used: 144.570 sec (0h:2m:24s)
Total wall-clock time used: 37.053 sec (0h:0m:37s)

Analysis results written to: 
  IQ-TREE report:                felsenstein_p1.1_q0.1_n10000_bad.iqtree
  Maximum-likelihood tree:       felsenstein_p1.1_q0.1_n10000_bad.treefile
  Likelihood distances:          felsenstein_p1.1_q0.1_n10000_bad.mldist
  Site log-likelihoods:          felsenstein_p1.1_q0.1_n10000_bad.sitelh
  Screen log file:               felsenstein_p1.1_q0.1_n10000_bad.log

Date and Time: Wed Aug 17 10:48:13 2022
