IQ-TREE multicore version 2.1.1 COVID-edition for Linux 64-bit built Aug 21 2020
Developed by Bui Quang Minh, James Barbetti, Nguyen Lam Tung,
Olga Chernomor, Heiko Schmidt, Dominik Schrempf, Michael Woodhams.

Host:    operarius12 (AVX512, FMA3, 187 GB RAM)
Command: /scratch/local/bin/iqtree2 -nt 4 -s felsenstein_p0.9_q0.1_n10000.phylip -m Poisson+G4 -fs felsenstein_p0.9_q0.1_n10000_bad.sitefreq -wslr --prefix felsenstein_p0.9_q0.1_n10000_bad
Seed:    742733 (Using SPRNG - Scalable Parallel Random Number Generator)
Time:    Wed Aug 17 10:47:27 2022
Kernel:  AVX+FMA - 4 threads (4 CPU cores detected)

Reading alignment file felsenstein_p0.9_q0.1_n10000.phylip ... Phylip format detected
Alignment most likely contains protein sequences
Alignment has 4 sequences with 10000 columns, 3290 distinct patterns
540 parsimony-informative, 5466 singleton sites, 3994 constant sites
   Gap/Ambiguity  Composition  p-value
   1  2    0.00%    passed     99.97%
   2  3    0.00%    passed    100.00%
   3  5    0.00%    passed    100.00%
   4  6    0.00%    passed     99.94%
****  TOTAL    0.00%  0 sequences failed composition chi2 test (p-value<5%; df=19)

Reading site-specific state frequency file felsenstein_p0.9_q0.1_n10000_bad.sitefreq ...
Regrouping alignment sites...
10000 distinct per-site state frequency vectors detected

Create initial parsimony tree by phylogenetic likelihood library (PLL)... 0.004 seconds

NOTE: 117 MB RAM (0 GB) is required!
Estimate model parameters (epsilon = 0.100)
1. Initial log-likelihood: -51231.936
2. Current log-likelihood: -50565.996
3. Current log-likelihood: -50541.738
4. Current log-likelihood: -50535.534
5. Current log-likelihood: -50533.548
6. Current log-likelihood: -50532.799
7. Current log-likelihood: -50532.511
8. Current log-likelihood: -50532.409
Optimal log-likelihood: -50532.333
Gamma shape alpha: 0.645
Parameters optimization took 8 rounds (3.494 sec)
Computing ML distances based on estimated model parameters...
Computing ML distances took 0.126447 sec (of wall-clock time) 0.411804 sec(of CPU time)
Computing RapidNJ tree took 0.000546 sec (of wall-clock time) 0.001190 sec (of CPU time)
Log-likelihood of RapidNJ tree: -50532.332
--------------------------------------------------------------------
|             INITIALIZING CANDIDATE TREE SET                      |
--------------------------------------------------------------------
Generating 99 parsimony trees... 0.367 second
Computing log-likelihood of 2 initial trees ... 0.232 seconds
Current best score: -50532.332

Do NNI search on 3 best initial trees
Estimate model parameters (epsilon = 0.100)
UPDATE BEST LOG-LIKELIHOOD: -50509.649
Finish initializing candidate tree set (3)
Current best tree score: -50509.649 / CPU time: 3.276
Number of iterations: 3
--------------------------------------------------------------------
|               OPTIMIZING CANDIDATE TREE SET                      |
--------------------------------------------------------------------
UPDATE BEST LOG-LIKELIHOOD: -50509.646
Iteration 10 / LogL: -50514.661 / Time: 0h:0m:12s
UPDATE BEST LOG-LIKELIHOOD: -50509.645
UPDATE BEST LOG-LIKELIHOOD: -50509.645
Iteration 20 / LogL: -50509.645 / Time: 0h:0m:18s
UPDATE BEST LOG-LIKELIHOOD: -50509.644
UPDATE BEST LOG-LIKELIHOOD: -50509.644
UPDATE BEST LOG-LIKELIHOOD: -50509.644
UPDATE BEST LOG-LIKELIHOOD: -50509.644
Iteration 30 / LogL: -50516.225 / Time: 0h:0m:22s (0h:0m:55s left)
UPDATE BEST LOG-LIKELIHOOD: -50509.644
Iteration 40 / LogL: -50514.661 / Time: 0h:0m:28s (0h:0m:43s left)
UPDATE BEST LOG-LIKELIHOOD: -50509.644
UPDATE BEST LOG-LIKELIHOOD: -50509.644
Iteration 50 / LogL: -50516.225 / Time: 0h:0m:34s (0h:0m:35s left)
UPDATE BEST LOG-LIKELIHOOD: -50509.644
UPDATE BEST LOG-LIKELIHOOD: -50509.644
Iteration 60 / LogL: -50514.442 / Time: 0h:0m:40s (0h:0m:27s left)
UPDATE BEST LOG-LIKELIHOOD: -50509.644
UPDATE BEST LOG-LIKELIHOOD: -50509.644
Iteration 70 / LogL: -50511.393 / Time: 0h:0m:45s (0h:0m:19s left)
Iteration 80 / LogL: -50509.644 / Time: 0h:0m:50s (0h:0m:12s left)
Iteration 90 / LogL: -50514.494 / Time: 0h:0m:56s (0h:0m:6s left)
Iteration 100 / LogL: -50514.661 / Time: 0h:1m:1s (0h:0m:0s left)
TREE SEARCH COMPLETED AFTER 101 ITERATIONS / Time: 0h:1m:1s

--------------------------------------------------------------------
|                    FINALIZING TREE SEARCH                        |
--------------------------------------------------------------------
Performs final model parameters optimization
Estimate model parameters (epsilon = 0.010)
1. Initial log-likelihood: -50509.644
Optimal log-likelihood: -50509.642
Gamma shape alpha: 0.660
Parameters optimization took 1 rounds (0.249 sec)
BEST SCORE FOUND : -50509.642
Site log-likelihoods per category printed to felsenstein_p0.9_q0.1_n10000_bad.sitelh
Total tree length: 2.433

Total number of iterations: 101
CPU time used for tree search: 225.012 sec (0h:3m:45s)
Wall-clock time used for tree search: 56.284 sec (0h:0m:56s)
Total CPU time used: 243.983 sec (0h:4m:3s)
Total wall-clock time used: 62.019 sec (0h:1m:2s)

Analysis results written to: 
  IQ-TREE report:                felsenstein_p0.9_q0.1_n10000_bad.iqtree
  Maximum-likelihood tree:       felsenstein_p0.9_q0.1_n10000_bad.treefile
  Likelihood distances:          felsenstein_p0.9_q0.1_n10000_bad.mldist
  Site log-likelihoods:          felsenstein_p0.9_q0.1_n10000_bad.sitelh
  Screen log file:               felsenstein_p0.9_q0.1_n10000_bad.log

Date and Time: Wed Aug 17 10:48:30 2022
