IQ-TREE multicore version 2.1.1 COVID-edition for Linux 64-bit built Aug 21 2020
Developed by Bui Quang Minh, James Barbetti, Nguyen Lam Tung,
Olga Chernomor, Heiko Schmidt, Dominik Schrempf, Michael Woodhams.

Host:    operarius14 (AVX512, FMA3, 187 GB RAM)
Command: /scratch/local/bin/iqtree2 -nt 4 -s felsenstein_p1.5_q0.1_n10000.phylip -m Poisson+G4 -fs felsenstein_p1.5_q0.1_n10000_bad.sitefreq -wslr --prefix felsenstein_p1.5_q0.1_n10000_bad
Seed:    796932 (Using SPRNG - Scalable Parallel Random Number Generator)
Time:    Wed Aug 17 10:47:51 2022
Kernel:  AVX+FMA - 4 threads (4 CPU cores detected)

Reading alignment file felsenstein_p1.5_q0.1_n10000.phylip ... Phylip format detected
Alignment most likely contains protein sequences
Alignment has 4 sequences with 10000 columns, 3667 distinct patterns
645 parsimony-informative, 6159 singleton sites, 3196 constant sites
   Gap/Ambiguity  Composition  p-value
   1  2    0.00%    passed     99.94%
   2  3    0.00%    passed     95.78%
   3  5    0.00%    passed    100.00%
   4  6    0.00%    passed     95.83%
****  TOTAL    0.00%  0 sequences failed composition chi2 test (p-value<5%; df=19)

Reading site-specific state frequency file felsenstein_p1.5_q0.1_n10000_bad.sitefreq ...
Regrouping alignment sites...
10000 distinct per-site state frequency vectors detected

Create initial parsimony tree by phylogenetic likelihood library (PLL)... 0.005 seconds

NOTE: 117 MB RAM (0 GB) is required!
Estimate model parameters (epsilon = 0.100)
1. Initial log-likelihood: -55811.464
2. Current log-likelihood: -54898.040
3. Current log-likelihood: -54881.559
4. Current log-likelihood: -54873.914
5. Current log-likelihood: -54870.241
6. Current log-likelihood: -54868.406
7. Current log-likelihood: -54867.385
8. Current log-likelihood: -54866.833
9. Current log-likelihood: -54866.516
10. Current log-likelihood: -54866.330
Optimal log-likelihood: -54866.196
Gamma shape alpha: 0.681
Parameters optimization took 10 rounds (4.922 sec)
Computing ML distances based on estimated model parameters...
Computing ML distances took 0.129752 sec (of wall-clock time) 0.443636 sec(of CPU time)
Computing RapidNJ tree took 0.000484 sec (of wall-clock time) 0.001130 sec (of CPU time)
Log-likelihood of RapidNJ tree: -54866.194
--------------------------------------------------------------------
|             INITIALIZING CANDIDATE TREE SET                      |
--------------------------------------------------------------------
Generating 99 parsimony trees... 0.402 second
Computing log-likelihood of 2 initial trees ... 0.218 seconds
Current best score: -54866.194

Do NNI search on 3 best initial trees
Estimate model parameters (epsilon = 0.100)
UPDATE BEST LOG-LIKELIHOOD: -54859.538
Finish initializing candidate tree set (3)
Current best tree score: -54859.538 / CPU time: 3.344
Number of iterations: 3
--------------------------------------------------------------------
|               OPTIMIZING CANDIDATE TREE SET                      |
--------------------------------------------------------------------
WARNING: NNI search needs unusual large number of steps (4) to converge!
Iteration 10 / LogL: -54866.194 / Time: 0h:0m:13s
WARNING: NNI search needs unusual large number of steps (4) to converge!
WARNING: NNI search needs unusual large number of steps (4) to converge!
WARNING: NNI search needs unusual large number of steps (4) to converge!
WARNING: NNI search needs unusual large number of steps (4) to converge!
Iteration 20 / LogL: -54866.883 / Time: 0h:0m:19s
WARNING: NNI search needs unusual large number of steps (4) to converge!
Estimate model parameters (epsilon = 0.100)
UPDATE BEST LOG-LIKELIHOOD: -54859.494
UPDATE BEST LOG-LIKELIHOOD: -54859.490
Iteration 30 / LogL: -54859.490 / Time: 0h:0m:24s (0h:0m:59s left)
UPDATE BEST LOG-LIKELIHOOD: -54859.487
WARNING: NNI search needs unusual large number of steps (4) to converge!
Iteration 40 / LogL: -54866.183 / Time: 0h:0m:28s (0h:0m:44s left)
UPDATE BEST LOG-LIKELIHOOD: -54859.485
UPDATE BEST LOG-LIKELIHOOD: -54859.484
WARNING: NNI search needs unusual large number of steps (4) to converge!
Iteration 50 / LogL: -54859.894 / Time: 0h:0m:33s (0h:0m:34s left)
UPDATE BEST LOG-LIKELIHOOD: -54859.484
WARNING: NNI search needs unusual large number of steps (4) to converge!
UPDATE BEST LOG-LIKELIHOOD: -54859.483
WARNING: NNI search needs unusual large number of steps (4) to converge!
Iteration 60 / LogL: -54862.662 / Time: 0h:0m:39s (0h:0m:26s left)
UPDATE BEST LOG-LIKELIHOOD: -54859.483
WARNING: NNI search needs unusual large number of steps (4) to converge!
UPDATE BEST LOG-LIKELIHOOD: -54859.483
UPDATE BEST LOG-LIKELIHOOD: -54859.483
WARNING: NNI search needs unusual large number of steps (4) to converge!
Iteration 70 / LogL: -54866.861 / Time: 0h:0m:44s (0h:0m:19s left)
Iteration 80 / LogL: -54866.861 / Time: 0h:0m:48s (0h:0m:12s left)
WARNING: NNI search needs unusual large number of steps (4) to converge!
WARNING: NNI search needs unusual large number of steps (4) to converge!
UPDATE BEST LOG-LIKELIHOOD: -54859.483
UPDATE BEST LOG-LIKELIHOOD: -54859.483
WARNING: NNI search needs unusual large number of steps (4) to converge!
Iteration 90 / LogL: -54866.861 / Time: 0h:0m:55s (0h:0m:6s left)
UPDATE BEST LOG-LIKELIHOOD: -54859.483
UPDATE BEST LOG-LIKELIHOOD: -54859.483
Iteration 100 / LogL: -54862.662 / Time: 0h:0m:59s (0h:0m:0s left)
TREE SEARCH COMPLETED AFTER 101 ITERATIONS / Time: 0h:1m:0s

--------------------------------------------------------------------
|                    FINALIZING TREE SEARCH                        |
--------------------------------------------------------------------
Performs final model parameters optimization
Estimate model parameters (epsilon = 0.010)
1. Initial log-likelihood: -54859.483
Optimal log-likelihood: -54859.481
Gamma shape alpha: 0.680
Parameters optimization took 1 rounds (0.288 sec)
BEST SCORE FOUND : -54859.481
Site log-likelihoods per category printed to felsenstein_p1.5_q0.1_n10000_bad.sitelh
Total tree length: 3.740

Total number of iterations: 101
CPU time used for tree search: 211.741 sec (0h:3m:31s)
Wall-clock time used for tree search: 52.970 sec (0h:0m:52s)
Total CPU time used: 237.532 sec (0h:3m:57s)
Total wall-clock time used: 60.441 sec (0h:1m:0s)

Analysis results written to: 
  IQ-TREE report:                felsenstein_p1.5_q0.1_n10000_bad.iqtree
  Maximum-likelihood tree:       felsenstein_p1.5_q0.1_n10000_bad.treefile
  Likelihood distances:          felsenstein_p1.5_q0.1_n10000_bad.mldist
  Site log-likelihoods:          felsenstein_p1.5_q0.1_n10000_bad.sitelh
  Screen log file:               felsenstein_p1.5_q0.1_n10000_bad.log

Date and Time: Wed Aug 17 10:48:52 2022
