IQ-TREE multicore version 2.1.1 COVID-edition for Linux 64-bit built Aug 21 2020
Developed by Bui Quang Minh, James Barbetti, Nguyen Lam Tung,
Olga Chernomor, Heiko Schmidt, Dominik Schrempf, Michael Woodhams.

Host:    operarius28 (AVX512, FMA3, 251 GB RAM)
Command: /scratch/local/bin/iqtree2 -nt 4 -s felsenstein_p0.3_q0.1_n10000.phylip -m Poisson+G4 -fs felsenstein_p0.3_q0.1_n10000_bad.sitefreq -wslr --prefix felsenstein_p0.3_q0.1_n10000_bad
Seed:    595254 (Using SPRNG - Scalable Parallel Random Number Generator)
Time:    Wed Aug 17 10:47:03 2022
Kernel:  AVX+FMA - 4 threads (4 CPU cores detected)

Reading alignment file felsenstein_p0.3_q0.1_n10000.phylip ... Phylip format detected
Alignment most likely contains protein sequences
Alignment has 4 sequences with 10000 columns, 2460 distinct patterns
512 parsimony-informative, 3852 singleton sites, 5636 constant sites
   Gap/Ambiguity  Composition  p-value
   1  2    0.00%    passed     99.99%
   2  3    0.00%    passed     99.27%
   3  5    0.00%    passed    100.00%
   4  6    0.00%    passed    100.00%
****  TOTAL    0.00%  0 sequences failed composition chi2 test (p-value<5%; df=19)

Reading site-specific state frequency file felsenstein_p0.3_q0.1_n10000_bad.sitefreq ...
Regrouping alignment sites...
10000 distinct per-site state frequency vectors detected

Create initial parsimony tree by phylogenetic likelihood library (PLL)... 0.002 seconds

NOTE: 117 MB RAM (0 GB) is required!
Estimate model parameters (epsilon = 0.100)
1. Initial log-likelihood: -39526.617
2. Current log-likelihood: -39229.750
3. Current log-likelihood: -39224.258
4. Current log-likelihood: -39224.030
Optimal log-likelihood: -39224.017
Gamma shape alpha: 0.675
Parameters optimization took 4 rounds (1.803 sec)
Computing ML distances based on estimated model parameters...
Computing ML distances took 0.115235 sec (of wall-clock time) 0.406182 sec(of CPU time)
Computing RapidNJ tree took 0.000495 sec (of wall-clock time) 0.000000 sec (of CPU time)
Log-likelihood of RapidNJ tree: -39224.017
--------------------------------------------------------------------
|             INITIALIZING CANDIDATE TREE SET                      |
--------------------------------------------------------------------
Generating 99 parsimony trees... 0.244 second
Computing log-likelihood of 2 initial trees ... 0.221 seconds
Current best score: -39224.017

Do NNI search on 3 best initial trees
Finish initializing candidate tree set (3)
Current best tree score: -39224.017 / CPU time: 1.491
Number of iterations: 3
--------------------------------------------------------------------
|               OPTIMIZING CANDIDATE TREE SET                      |
--------------------------------------------------------------------
UPDATE BEST LOG-LIKELIHOOD: -39224.017
Iteration 10 / LogL: -39224.017 / Time: 0h:0m:8s
Iteration 20 / LogL: -39225.198 / Time: 0h:0m:13s
Iteration 30 / LogL: -39225.001 / Time: 0h:0m:18s (0h:0m:44s left)
Iteration 40 / LogL: -39224.017 / Time: 0h:0m:23s (0h:0m:35s left)
Iteration 50 / LogL: -39225.283 / Time: 0h:0m:28s (0h:0m:28s left)
Iteration 60 / LogL: -39225.001 / Time: 0h:0m:32s (0h:0m:22s left)
Iteration 70 / LogL: -39225.001 / Time: 0h:0m:37s (0h:0m:16s left)
Iteration 80 / LogL: -39225.283 / Time: 0h:0m:42s (0h:0m:10s left)
Iteration 90 / LogL: -39225.283 / Time: 0h:0m:46s (0h:0m:5s left)
Iteration 100 / LogL: -39225.129 / Time: 0h:0m:51s (0h:0m:0s left)
TREE SEARCH COMPLETED AFTER 101 ITERATIONS / Time: 0h:0m:51s

--------------------------------------------------------------------
|                    FINALIZING TREE SEARCH                        |
--------------------------------------------------------------------
Performs final model parameters optimization
Estimate model parameters (epsilon = 0.010)
1. Initial log-likelihood: -39224.017
Optimal log-likelihood: -39224.017
Gamma shape alpha: 0.674
Parameters optimization took 1 rounds (0.304 sec)
BEST SCORE FOUND : -39224.017
Site log-likelihoods per category printed to felsenstein_p0.3_q0.1_n10000_bad.sitelh
Total tree length: 1.072

Total number of iterations: 101
CPU time used for tree search: 191.908 sec (0h:3m:11s)
Wall-clock time used for tree search: 48.003 sec (0h:0m:48s)
Total CPU time used: 203.518 sec (0h:3m:23s)
Total wall-clock time used: 51.917 sec (0h:0m:51s)

Analysis results written to: 
  IQ-TREE report:                felsenstein_p0.3_q0.1_n10000_bad.iqtree
  Maximum-likelihood tree:       felsenstein_p0.3_q0.1_n10000_bad.treefile
  Likelihood distances:          felsenstein_p0.3_q0.1_n10000_bad.mldist
  Site log-likelihoods:          felsenstein_p0.3_q0.1_n10000_bad.sitelh
  Screen log file:               felsenstein_p0.3_q0.1_n10000_bad.log

Date and Time: Wed Aug 17 10:47:55 2022
