IQ-TREE multicore version 2.1.1 COVID-edition for Linux 64-bit built Aug 21 2020
Developed by Bui Quang Minh, James Barbetti, Nguyen Lam Tung,
Olga Chernomor, Heiko Schmidt, Dominik Schrempf, Michael Woodhams.

Host:    operarius28 (AVX512, FMA3, 251 GB RAM)
Command: /scratch/local/bin/iqtree2 -nt 4 -s felsenstein_p1.7_q0.1_n10000.phylip -m Poisson+G4 -fs felsenstein_p1.7_q0.1_n10000_bad.sitefreq -wslr --prefix felsenstein_p1.7_q0.1_n10000_bad
Seed:    855877 (Using SPRNG - Scalable Parallel Random Number Generator)
Time:    Wed Aug 17 10:47:59 2022
Kernel:  AVX+FMA - 4 threads (4 CPU cores detected)

Reading alignment file felsenstein_p1.7_q0.1_n10000.phylip ... Phylip format detected
Alignment most likely contains protein sequences
Alignment has 4 sequences with 10000 columns, 3741 distinct patterns
669 parsimony-informative, 6327 singleton sites, 3004 constant sites
   Gap/Ambiguity  Composition  p-value
   1  2    0.00%    passed     99.93%
   2  3    0.00%    passed     92.62%
   3  5    0.00%    passed    100.00%
   4  6    0.00%    passed     99.05%
****  TOTAL    0.00%  0 sequences failed composition chi2 test (p-value<5%; df=19)

Reading site-specific state frequency file felsenstein_p1.7_q0.1_n10000_bad.sitefreq ...
Regrouping alignment sites...
10000 distinct per-site state frequency vectors detected

Create initial parsimony tree by phylogenetic likelihood library (PLL)... 0.003 seconds

NOTE: 117 MB RAM (0 GB) is required!
Estimate model parameters (epsilon = 0.100)
1. Initial log-likelihood: -56383.470
2. Current log-likelihood: -55375.652
3. Current log-likelihood: -55361.491
4. Current log-likelihood: -55353.798
5. Current log-likelihood: -55349.738
6. Current log-likelihood: -55347.533
7. Current log-likelihood: -55346.217
8. Current log-likelihood: -55345.435
9. Current log-likelihood: -55344.962
10. Current log-likelihood: -55344.680
11. Current log-likelihood: -55344.532
12. Current log-likelihood: -55344.426
Optimal log-likelihood: -55344.320
Gamma shape alpha: 0.679
Parameters optimization took 12 rounds (5.163 sec)
Computing ML distances based on estimated model parameters...
Computing ML distances took 0.184089 sec (of wall-clock time) 0.551565 sec(of CPU time)
Computing RapidNJ tree took 0.000895 sec (of wall-clock time) 0.000000 sec (of CPU time)
Log-likelihood of RapidNJ tree: -55344.317
--------------------------------------------------------------------
|             INITIALIZING CANDIDATE TREE SET                      |
--------------------------------------------------------------------
Generating 99 parsimony trees... 0.389 second
Computing log-likelihood of 2 initial trees ... 0.210 seconds
Current best score: -55344.317

Do NNI search on 3 best initial trees
Estimate model parameters (epsilon = 0.100)
UPDATE BEST LOG-LIKELIHOOD: -55341.623
Finish initializing candidate tree set (3)
Current best tree score: -55341.623 / CPU time: 4.022
Number of iterations: 3
--------------------------------------------------------------------
|               OPTIMIZING CANDIDATE TREE SET                      |
--------------------------------------------------------------------
Estimate model parameters (epsilon = 0.100)
UPDATE BEST LOG-LIKELIHOOD: -55341.533
WARNING: NNI search needs unusual large number of steps (4) to converge!
Estimate model parameters (epsilon = 0.100)
UPDATE BEST LOG-LIKELIHOOD: -55341.501
WARNING: NNI search needs unusual large number of steps (4) to converge!
WARNING: NNI search needs unusual large number of steps (4) to converge!
Iteration 10 / LogL: -55343.126 / Time: 0h:0m:16s
WARNING: NNI search needs unusual large number of steps (4) to converge!
WARNING: NNI search needs unusual large number of steps (4) to converge!
UPDATE BEST LOG-LIKELIHOOD: -55341.496
WARNING: NNI search needs unusual large number of steps (4) to converge!
WARNING: NNI search needs unusual large number of steps (4) to converge!
UPDATE BEST LOG-LIKELIHOOD: -55341.493
WARNING: NNI search needs unusual large number of steps (4) to converge!
Iteration 20 / LogL: -55343.126 / Time: 0h:0m:23s
WARNING: NNI search needs unusual large number of steps (4) to converge!
WARNING: NNI search needs unusual large number of steps (4) to converge!
WARNING: NNI search needs unusual large number of steps (4) to converge!
UPDATE BEST LOG-LIKELIHOOD: -55341.490
WARNING: NNI search needs unusual large number of steps (4) to converge!
UPDATE BEST LOG-LIKELIHOOD: -55341.489
Iteration 30 / LogL: -55341.707 / Time: 0h:0m:29s (0h:1m:11s left)
WARNING: NNI search needs unusual large number of steps (4) to converge!
WARNING: NNI search needs unusual large number of steps (4) to converge!
UPDATE BEST LOG-LIKELIHOOD: -55341.488
UPDATE BEST LOG-LIKELIHOOD: -55341.487
Iteration 40 / LogL: -55341.695 / Time: 0h:0m:34s (0h:0m:53s left)
UPDATE BEST LOG-LIKELIHOOD: -55341.487
WARNING: NNI search needs unusual large number of steps (4) to converge!
WARNING: NNI search needs unusual large number of steps (4) to converge!
UPDATE BEST LOG-LIKELIHOOD: -55341.486
Iteration 50 / LogL: -55341.486 / Time: 0h:0m:40s (0h:0m:40s left)
UPDATE BEST LOG-LIKELIHOOD: -55341.486
UPDATE BEST LOG-LIKELIHOOD: -55341.486
UPDATE BEST LOG-LIKELIHOOD: -55341.486
WARNING: NNI search needs unusual large number of steps (4) to converge!
UPDATE BEST LOG-LIKELIHOOD: -55341.486
WARNING: NNI search needs unusual large number of steps (4) to converge!
WARNING: NNI search needs unusual large number of steps (4) to converge!
Iteration 60 / LogL: -55344.445 / Time: 0h:0m:45s (0h:0m:31s left)
UPDATE BEST LOG-LIKELIHOOD: -55341.485
UPDATE BEST LOG-LIKELIHOOD: -55341.485
WARNING: NNI search needs unusual large number of steps (4) to converge!
UPDATE BEST LOG-LIKELIHOOD: -55341.485
WARNING: NNI search needs unusual large number of steps (4) to converge!
Iteration 70 / LogL: -55343.837 / Time: 0h:0m:51s (0h:0m:22s left)
WARNING: NNI search needs unusual large number of steps (4) to converge!
WARNING: NNI search needs unusual large number of steps (4) to converge!
Iteration 80 / LogL: -55343.123 / Time: 0h:0m:56s (0h:0m:14s left)
WARNING: NNI search needs unusual large number of steps (4) to converge!
UPDATE BEST LOG-LIKELIHOOD: -55341.485
WARNING: NNI search needs unusual large number of steps (4) to converge!
WARNING: NNI search needs unusual large number of steps (4) to converge!
WARNING: NNI search needs unusual large number of steps (4) to converge!
WARNING: NNI search needs unusual large number of steps (4) to converge!
Iteration 90 / LogL: -55343.837 / Time: 0h:1m:2s (0h:0m:7s left)
UPDATE BEST LOG-LIKELIHOOD: -55341.485
UPDATE BEST LOG-LIKELIHOOD: -55341.485
WARNING: NNI search needs unusual large number of steps (4) to converge!
WARNING: NNI search needs unusual large number of steps (4) to converge!
Iteration 100 / LogL: -55343.126 / Time: 0h:1m:7s (0h:0m:0s left)
TREE SEARCH COMPLETED AFTER 101 ITERATIONS / Time: 0h:1m:7s

--------------------------------------------------------------------
|                    FINALIZING TREE SEARCH                        |
--------------------------------------------------------------------
Performs final model parameters optimization
Estimate model parameters (epsilon = 0.010)
1. Initial log-likelihood: -55341.485
Optimal log-likelihood: -55341.484
Gamma shape alpha: 0.672
Parameters optimization took 1 rounds (0.214 sec)
BEST SCORE FOUND : -55341.484
Site log-likelihoods per category printed to felsenstein_p1.7_q0.1_n10000_bad.sitelh
Total tree length: 4.330

Total number of iterations: 101
CPU time used for tree search: 242.031 sec (0h:4m:2s)
Wall-clock time used for tree search: 60.544 sec (0h:1m:0s)
Total CPU time used: 267.329 sec (0h:4m:27s)
Total wall-clock time used: 67.930 sec (0h:1m:7s)

Analysis results written to: 
  IQ-TREE report:                felsenstein_p1.7_q0.1_n10000_bad.iqtree
  Maximum-likelihood tree:       felsenstein_p1.7_q0.1_n10000_bad.treefile
  Likelihood distances:          felsenstein_p1.7_q0.1_n10000_bad.mldist
  Site log-likelihoods:          felsenstein_p1.7_q0.1_n10000_bad.sitelh
  Screen log file:               felsenstein_p1.7_q0.1_n10000_bad.log

Date and Time: Wed Aug 17 10:49:08 2022
