IQ-TREE multicore version 2.1.1 COVID-edition for Linux 64-bit built Aug 21 2020
Developed by Bui Quang Minh, James Barbetti, Nguyen Lam Tung,
Olga Chernomor, Heiko Schmidt, Dominik Schrempf, Michael Woodhams.

Host:    operarius12 (AVX512, FMA3, 187 GB RAM)
Command: /scratch/local/bin/iqtree2 -nt 4 -s felsenstein_p1.0_q0.1_n10000.phylip -m Poisson+G4 -fs felsenstein_p1.0_q0.1_n10000_bad.sitefreq -wslr --prefix felsenstein_p1.0_q0.1_n10000_bad
Seed:    725957 (Using SPRNG - Scalable Parallel Random Number Generator)
Time:    Wed Aug 17 10:47:31 2022
Kernel:  AVX+FMA - 4 threads (4 CPU cores detected)

Reading alignment file felsenstein_p1.0_q0.1_n10000.phylip ... Phylip format detected
Alignment most likely contains protein sequences
Alignment has 4 sequences with 10000 columns, 3376 distinct patterns
554 parsimony-informative, 5639 singleton sites, 3807 constant sites
   Gap/Ambiguity  Composition  p-value
   1  2    0.00%    passed     99.97%
   2  3    0.00%    passed     99.99%
   3  5    0.00%    passed    100.00%
   4  6    0.00%    passed     99.00%
****  TOTAL    0.00%  0 sequences failed composition chi2 test (p-value<5%; df=19)

Reading site-specific state frequency file felsenstein_p1.0_q0.1_n10000_bad.sitefreq ...
Regrouping alignment sites...
10000 distinct per-site state frequency vectors detected

Create initial parsimony tree by phylogenetic likelihood library (PLL)... 0.005 seconds

NOTE: 117 MB RAM (0 GB) is required!
Estimate model parameters (epsilon = 0.100)
1. Initial log-likelihood: -51997.862
2. Current log-likelihood: -51269.933
3. Current log-likelihood: -51248.401
4. Current log-likelihood: -51242.037
5. Current log-likelihood: -51239.768
6. Current log-likelihood: -51238.827
7. Current log-likelihood: -51238.432
8. Current log-likelihood: -51238.251
Optimal log-likelihood: -51238.149
Gamma shape alpha: 0.661
Parameters optimization took 8 rounds (4.021 sec)
Computing ML distances based on estimated model parameters...
Computing ML distances took 0.125633 sec (of wall-clock time) 0.420387 sec(of CPU time)
Computing RapidNJ tree took 0.000576 sec (of wall-clock time) 0.001248 sec (of CPU time)
Log-likelihood of RapidNJ tree: -51238.148
--------------------------------------------------------------------
|             INITIALIZING CANDIDATE TREE SET                      |
--------------------------------------------------------------------
Generating 99 parsimony trees... 0.398 second
Computing log-likelihood of 2 initial trees ... 0.231 seconds
Current best score: -51238.148

Do NNI search on 3 best initial trees
Estimate model parameters (epsilon = 0.100)
UPDATE BEST LOG-LIKELIHOOD: -51220.820
Finish initializing candidate tree set (3)
Current best tree score: -51220.820 / CPU time: 3.287
Number of iterations: 3
--------------------------------------------------------------------
|               OPTIMIZING CANDIDATE TREE SET                      |
--------------------------------------------------------------------
Estimate model parameters (epsilon = 0.100)
UPDATE BEST LOG-LIKELIHOOD: -51220.802
Iteration 10 / LogL: -51222.126 / Time: 0h:0m:13s
UPDATE BEST LOG-LIKELIHOOD: -51220.802
Iteration 20 / LogL: -51225.360 / Time: 0h:0m:19s
UPDATE BEST LOG-LIKELIHOOD: -51220.802
UPDATE BEST LOG-LIKELIHOOD: -51220.802
Iteration 30 / LogL: -51220.802 / Time: 0h:0m:24s (0h:0m:58s left)
UPDATE BEST LOG-LIKELIHOOD: -51220.802
UPDATE BEST LOG-LIKELIHOOD: -51220.802
UPDATE BEST LOG-LIKELIHOOD: -51220.802
Iteration 40 / LogL: -51225.389 / Time: 0h:0m:29s (0h:0m:45s left)
UPDATE BEST LOG-LIKELIHOOD: -51220.802
Iteration 50 / LogL: -51222.107 / Time: 0h:0m:34s (0h:0m:35s left)
UPDATE BEST LOG-LIKELIHOOD: -51220.802
Iteration 60 / LogL: -51222.106 / Time: 0h:0m:40s (0h:0m:27s left)
UPDATE BEST LOG-LIKELIHOOD: -51220.802
Iteration 70 / LogL: -51227.051 / Time: 0h:0m:45s (0h:0m:19s left)
Iteration 80 / LogL: -51227.051 / Time: 0h:0m:50s (0h:0m:12s left)
UPDATE BEST LOG-LIKELIHOOD: -51220.802
UPDATE BEST LOG-LIKELIHOOD: -51220.802
Iteration 90 / LogL: -51220.802 / Time: 0h:0m:55s (0h:0m:6s left)
UPDATE BEST LOG-LIKELIHOOD: -51220.802
Iteration 100 / LogL: -51227.051 / Time: 0h:1m:0s (0h:0m:0s left)
UPDATE BEST LOG-LIKELIHOOD: -51220.802
TREE SEARCH COMPLETED AFTER 101 ITERATIONS / Time: 0h:1m:0s

--------------------------------------------------------------------
|                    FINALIZING TREE SEARCH                        |
--------------------------------------------------------------------
Performs final model parameters optimization
Estimate model parameters (epsilon = 0.010)
1. Initial log-likelihood: -51220.802
Optimal log-likelihood: -51220.802
Gamma shape alpha: 0.672
Parameters optimization took 1 rounds (0.219 sec)
BEST SCORE FOUND : -51220.802
Site log-likelihoods per category printed to felsenstein_p1.0_q0.1_n10000_bad.sitelh
Total tree length: 2.656

Total number of iterations: 101
CPU time used for tree search: 219.165 sec (0h:3m:39s)
Wall-clock time used for tree search: 54.831 sec (0h:0m:54s)
Total CPU time used: 240.083 sec (0h:4m:0s)
Total wall-clock time used: 61.110 sec (0h:1m:1s)

Analysis results written to: 
  IQ-TREE report:                felsenstein_p1.0_q0.1_n10000_bad.iqtree
  Maximum-likelihood tree:       felsenstein_p1.0_q0.1_n10000_bad.treefile
  Likelihood distances:          felsenstein_p1.0_q0.1_n10000_bad.mldist
  Site log-likelihoods:          felsenstein_p1.0_q0.1_n10000_bad.sitelh
  Screen log file:               felsenstein_p1.0_q0.1_n10000_bad.log

Date and Time: Wed Aug 17 10:48:33 2022
