IQ-TREE multicore version 2.1.1 COVID-edition for Linux 64-bit built Aug 21 2020
Developed by Bui Quang Minh, James Barbetti, Nguyen Lam Tung,
Olga Chernomor, Heiko Schmidt, Dominik Schrempf, Michael Woodhams.

Host:    operarius12 (AVX512, FMA3, 187 GB RAM)
Command: /scratch/local/bin/iqtree2 -nt 4 -s felsenstein_p0.6_q0.1_n10000.phylip -m Poisson+G4 -fs felsenstein_p0.6_q0.1_n10000_bad.sitefreq -wslr --prefix felsenstein_p0.6_q0.1_n10000_bad
Seed:    672997 (Using SPRNG - Scalable Parallel Random Number Generator)
Time:    Wed Aug 17 10:47:15 2022
Kernel:  AVX+FMA - 4 threads (4 CPU cores detected)

Reading alignment file felsenstein_p0.6_q0.1_n10000.phylip ... Phylip format detected
Alignment most likely contains protein sequences
Alignment has 4 sequences with 10000 columns, 2980 distinct patterns
514 parsimony-informative, 4863 singleton sites, 4623 constant sites
   Gap/Ambiguity  Composition  p-value
   1  2    0.00%    passed     99.98%
   2  3    0.00%    passed     99.97%
   3  5    0.00%    passed    100.00%
   4  6    0.00%    passed     99.89%
****  TOTAL    0.00%  0 sequences failed composition chi2 test (p-value<5%; df=19)

Reading site-specific state frequency file felsenstein_p0.6_q0.1_n10000_bad.sitefreq ...
Regrouping alignment sites...
10000 distinct per-site state frequency vectors detected

Create initial parsimony tree by phylogenetic likelihood library (PLL)... 0.004 seconds

NOTE: 117 MB RAM (0 GB) is required!
Estimate model parameters (epsilon = 0.100)
1. Initial log-likelihood: -46998.048
2. Current log-likelihood: -46484.227
3. Current log-likelihood: -46467.049
4. Current log-likelihood: -46464.478
5. Current log-likelihood: -46463.968
6. Current log-likelihood: -46463.865
Optimal log-likelihood: -46463.823
Gamma shape alpha: 0.655
Parameters optimization took 6 rounds (2.480 sec)
Computing ML distances based on estimated model parameters...
Computing ML distances took 0.153097 sec (of wall-clock time) 0.435464 sec(of CPU time)
Computing RapidNJ tree took 0.000534 sec (of wall-clock time) 0.001131 sec (of CPU time)
Log-likelihood of RapidNJ tree: -46463.823
--------------------------------------------------------------------
|             INITIALIZING CANDIDATE TREE SET                      |
--------------------------------------------------------------------
Generating 99 parsimony trees... 0.308 second
Computing log-likelihood of 2 initial trees ... 0.209 seconds
Current best score: -46425.235

Do NNI search on 3 best initial trees
UPDATE BEST LOG-LIKELIHOOD: -46425.235
Estimate model parameters (epsilon = 0.100)
UPDATE BEST LOG-LIKELIHOOD: -46407.023
Finish initializing candidate tree set (3)
Current best tree score: -46407.023 / CPU time: 2.788
Number of iterations: 3
--------------------------------------------------------------------
|               OPTIMIZING CANDIDATE TREE SET                      |
--------------------------------------------------------------------
Iteration 10 / LogL: -46411.661 / Time: 0h:0m:11s
UPDATE BEST LOG-LIKELIHOOD: -46407.023
UPDATE BEST LOG-LIKELIHOOD: -46407.023
Iteration 20 / LogL: -46410.177 / Time: 0h:0m:17s
UPDATE BEST LOG-LIKELIHOOD: -46407.023
UPDATE BEST LOG-LIKELIHOOD: -46407.023
UPDATE BEST LOG-LIKELIHOOD: -46407.023
UPDATE BEST LOG-LIKELIHOOD: -46407.023
Iteration 30 / LogL: -46407.023 / Time: 0h:0m:22s (0h:0m:55s left)
Iteration 40 / LogL: -46407.023 / Time: 0h:0m:27s (0h:0m:42s left)
Iteration 50 / LogL: -46411.661 / Time: 0h:0m:33s (0h:0m:34s left)
Iteration 60 / LogL: -46410.178 / Time: 0h:0m:38s (0h:0m:26s left)
Iteration 70 / LogL: -46411.532 / Time: 0h:0m:44s (0h:0m:19s left)
Iteration 80 / LogL: -46412.277 / Time: 0h:0m:50s (0h:0m:12s left)
Iteration 90 / LogL: -46410.178 / Time: 0h:0m:55s (0h:0m:6s left)
Iteration 100 / LogL: -46411.553 / Time: 0h:1m:1s (0h:0m:0s left)
TREE SEARCH COMPLETED AFTER 101 ITERATIONS / Time: 0h:1m:2s

--------------------------------------------------------------------
|                    FINALIZING TREE SEARCH                        |
--------------------------------------------------------------------
Performs final model parameters optimization
Estimate model parameters (epsilon = 0.010)
1. Initial log-likelihood: -46407.023
Optimal log-likelihood: -46407.017
Gamma shape alpha: 0.692
Parameters optimization took 1 rounds (0.303 sec)
BEST SCORE FOUND : -46407.017
Site log-likelihoods per category printed to felsenstein_p0.6_q0.1_n10000_bad.sitelh
Total tree length: 1.699

Total number of iterations: 101
CPU time used for tree search: 231.701 sec (0h:3m:51s)
Wall-clock time used for tree search: 57.973 sec (0h:0m:57s)
Total CPU time used: 246.197 sec (0h:4m:6s)
Total wall-clock time used: 62.567 sec (0h:1m:2s)

Analysis results written to: 
  IQ-TREE report:                felsenstein_p0.6_q0.1_n10000_bad.iqtree
  Maximum-likelihood tree:       felsenstein_p0.6_q0.1_n10000_bad.treefile
  Likelihood distances:          felsenstein_p0.6_q0.1_n10000_bad.mldist
  Site log-likelihoods:          felsenstein_p0.6_q0.1_n10000_bad.sitelh
  Screen log file:               felsenstein_p0.6_q0.1_n10000_bad.log

Date and Time: Wed Aug 17 10:48:18 2022
