IQ-TREE multicore version 2.1.2 COVID-edition for Linux 64-bit built Oct 22 2020
Developed by Bui Quang Minh, James Barbetti, Nguyen Lam Tung,
Olga Chernomor, Heiko Schmidt, Dominik Schrempf, Michael Woodhams.

Host:    meganeura (AVX2, FMA3, 31 GB RAM)
Command: iqtree2 -nt 4 -s CPMSF/felsenstein_p2.0_q0.1_n10000.fasta -m LG+F+G4
Seed:    941601 (Using SPRNG - Scalable Parallel Random Number Generator)
Time:    Mon Jul 11 11:56:22 2022
Kernel:  AVX+FMA - 4 threads (16 CPU cores detected)

Reading alignment file CPMSF/felsenstein_p2.0_q0.1_n10000.fasta ... Fasta format detected
Alignment most likely contains protein sequences
Alignment has 4 sequences with 10000 columns, 3855 distinct patterns
701 parsimony-informative, 6529 singleton sites, 2770 constant sites
   Gap/Ambiguity  Composition  p-value
   1  2    0.00%    passed     99.94%
   2  3    0.00%    passed     99.61%
   3  5    0.00%    passed    100.00%
   4  6    0.00%    passed     99.67%
****  TOTAL    0.00%  0 sequences failed composition chi2 test (p-value<5%; df=19)

Create initial parsimony tree by phylogenetic likelihood library (PLL)... 0.003 seconds

NOTE: 9 MB RAM (0 GB) is required!
Estimate model parameters (epsilon = 0.100)
1. Initial log-likelihood: -79595.818
2. Current log-likelihood: -78872.429
3. Current log-likelihood: -78868.027
4. Current log-likelihood: -78867.721
Optimal log-likelihood: -78867.700
Gamma shape alpha: 1.240
Parameters optimization took 4 rounds (0.170 sec)
Computing ML distances based on estimated model parameters...
Computing ML distances took 0.001098 sec (of wall-clock time) 0.004402 sec(of CPU time)
Computing RapidNJ tree took 0.000320 sec (of wall-clock time) 0.001264 sec (of CPU time)
Log-likelihood of RapidNJ tree: -78867.700
--------------------------------------------------------------------
|             INITIALIZING CANDIDATE TREE SET                      |
--------------------------------------------------------------------
Generating 99 parsimony trees... 0.286 second
Computing log-likelihood of 2 initial trees ... 0.023 seconds
Current best score: -78867.700

Do NNI search on 3 best initial trees
Finish initializing candidate tree set (3)
Current best tree score: -78867.700 / CPU time: 0.427
Number of iterations: 3
--------------------------------------------------------------------
|               OPTIMIZING CANDIDATE TREE SET                      |
--------------------------------------------------------------------
UPDATE BEST LOG-LIKELIHOOD: -78867.700
Iteration 10 / LogL: -78872.297 / Time: 0h:0m:1s
UPDATE BEST LOG-LIKELIHOOD: -78867.700
UPDATE BEST LOG-LIKELIHOOD: -78867.700
Iteration 20 / LogL: -78875.326 / Time: 0h:0m:1s
Iteration 30 / LogL: -78875.326 / Time: 0h:0m:2s (0h:0m:5s left)
Iteration 40 / LogL: -78875.280 / Time: 0h:0m:2s (0h:0m:4s left)
Iteration 50 / LogL: -78872.700 / Time: 0h:0m:2s (0h:0m:2s left)
Iteration 60 / LogL: -78875.280 / Time: 0h:0m:3s (0h:0m:2s left)
Iteration 70 / LogL: -78875.280 / Time: 0h:0m:3s (0h:0m:1s left)
Iteration 80 / LogL: -78867.700 / Time: 0h:0m:3s (0h:0m:0s left)
Iteration 90 / LogL: -78872.700 / Time: 0h:0m:3s (0h:0m:0s left)
Iteration 100 / LogL: -78867.700 / Time: 0h:0m:3s (0h:0m:0s left)
TREE SEARCH COMPLETED AFTER 101 ITERATIONS / Time: 0h:0m:3s

--------------------------------------------------------------------
|                    FINALIZING TREE SEARCH                        |
--------------------------------------------------------------------
Performs final model parameters optimization
Estimate model parameters (epsilon = 0.010)
1. Initial log-likelihood: -78867.700
Optimal log-likelihood: -78867.699
Gamma shape alpha: 1.242
Parameters optimization took 1 rounds (0.009 sec)
BEST SCORE FOUND : -78867.699
Total tree length: 2.375

Total number of iterations: 101
CPU time used for tree search: 14.354 sec (0h:0m:14s)
Wall-clock time used for tree search: 3.623 sec (0h:0m:3s)
Total CPU time used: 15.400 sec (0h:0m:15s)
Total wall-clock time used: 3.889 sec (0h:0m:3s)

Analysis results written to: 
  IQ-TREE report:                CPMSF/felsenstein_p2.0_q0.1_n10000.fasta.iqtree
  Maximum-likelihood tree:       CPMSF/felsenstein_p2.0_q0.1_n10000.fasta.treefile
  Likelihood distances:          CPMSF/felsenstein_p2.0_q0.1_n10000.fasta.mldist
  Screen log file:               CPMSF/felsenstein_p2.0_q0.1_n10000.fasta.log

Date and Time: Mon Jul 11 11:56:26 2022
