IQ-TREE multicore version 2.1.2 COVID-edition for Linux 64-bit built Oct 22 2020
Developed by Bui Quang Minh, James Barbetti, Nguyen Lam Tung,
Olga Chernomor, Heiko Schmidt, Dominik Schrempf, Michael Woodhams.

Host:    meganeura (AVX2, FMA3, 31 GB RAM)
Command: iqtree2 -nt 4 -s CPMSF/felsenstein_p0.9_q0.1_n10000.fasta -m LG+F+G4
Seed:    150792 (Using SPRNG - Scalable Parallel Random Number Generator)
Time:    Mon Jul 11 11:56:09 2022
Kernel:  AVX+FMA - 4 threads (16 CPU cores detected)

Reading alignment file CPMSF/felsenstein_p0.9_q0.1_n10000.fasta ... Fasta format detected
Alignment most likely contains protein sequences
Alignment has 4 sequences with 10000 columns, 3290 distinct patterns
540 parsimony-informative, 5466 singleton sites, 3994 constant sites
   Gap/Ambiguity  Composition  p-value
   1  2    0.00%    passed     99.97%
   2  3    0.00%    passed    100.00%
   3  5    0.00%    passed    100.00%
   4  6    0.00%    passed     99.94%
****  TOTAL    0.00%  0 sequences failed composition chi2 test (p-value<5%; df=19)

Create initial parsimony tree by phylogenetic likelihood library (PLL)... 0.002 seconds

NOTE: 8 MB RAM (0 GB) is required!
Estimate model parameters (epsilon = 0.100)
1. Initial log-likelihood: -72811.856
2. Current log-likelihood: -72270.689
3. Current log-likelihood: -72264.403
4. Current log-likelihood: -72264.235
Optimal log-likelihood: -72264.229
Gamma shape alpha: 0.758
Parameters optimization took 4 rounds (0.161 sec)
Computing ML distances based on estimated model parameters...
Computing ML distances took 0.001325 sec (of wall-clock time) 0.004076 sec(of CPU time)
Computing RapidNJ tree took 0.000140 sec (of wall-clock time) 0.000316 sec (of CPU time)
Log-likelihood of RapidNJ tree: -72317.303
--------------------------------------------------------------------
|             INITIALIZING CANDIDATE TREE SET                      |
--------------------------------------------------------------------
Generating 98 parsimony trees... 0.241 second
Computing log-likelihood of 1 initial trees ... 0.012 seconds
Current best score: -72264.229

Do NNI search on 3 best initial trees
Finish initializing candidate tree set (3)
Current best tree score: -72264.229 / CPU time: 0.347
Number of iterations: 3
--------------------------------------------------------------------
|               OPTIMIZING CANDIDATE TREE SET                      |
--------------------------------------------------------------------
UPDATE BEST LOG-LIKELIHOOD: -72264.229
Iteration 10 / LogL: -72266.220 / Time: 0h:0m:0s
UPDATE BEST LOG-LIKELIHOOD: -72264.229
UPDATE BEST LOG-LIKELIHOOD: -72264.229
Iteration 20 / LogL: -72266.370 / Time: 0h:0m:1s
Iteration 30 / LogL: -72264.229 / Time: 0h:0m:1s (0h:0m:4s left)
Iteration 40 / LogL: -72266.391 / Time: 0h:0m:2s (0h:0m:3s left)
Iteration 50 / LogL: -72264.229 / Time: 0h:0m:2s (0h:0m:2s left)
Iteration 60 / LogL: -72264.543 / Time: 0h:0m:3s (0h:0m:2s left)
Iteration 70 / LogL: -72266.370 / Time: 0h:0m:3s (0h:0m:1s left)
Iteration 80 / LogL: -72266.220 / Time: 0h:0m:4s (0h:0m:1s left)
Iteration 90 / LogL: -72264.543 / Time: 0h:0m:4s (0h:0m:0s left)
Iteration 100 / LogL: -72264.229 / Time: 0h:0m:5s (0h:0m:0s left)
TREE SEARCH COMPLETED AFTER 101 ITERATIONS / Time: 0h:0m:5s

--------------------------------------------------------------------
|                    FINALIZING TREE SEARCH                        |
--------------------------------------------------------------------
Performs final model parameters optimization
Estimate model parameters (epsilon = 0.010)
1. Initial log-likelihood: -72264.229
Optimal log-likelihood: -72264.229
Gamma shape alpha: 0.758
Parameters optimization took 1 rounds (0.038 sec)
BEST SCORE FOUND : -72264.229
Total tree length: 1.847

Total number of iterations: 101
CPU time used for tree search: 19.149 sec (0h:0m:19s)
Wall-clock time used for tree search: 4.826 sec (0h:0m:4s)
Total CPU time used: 20.248 sec (0h:0m:20s)
Total wall-clock time used: 5.109 sec (0h:0m:5s)

Analysis results written to: 
  IQ-TREE report:                CPMSF/felsenstein_p0.9_q0.1_n10000.fasta.iqtree
  Maximum-likelihood tree:       CPMSF/felsenstein_p0.9_q0.1_n10000.fasta.treefile
  Likelihood distances:          CPMSF/felsenstein_p0.9_q0.1_n10000.fasta.mldist
  Screen log file:               CPMSF/felsenstein_p0.9_q0.1_n10000.fasta.log

Date and Time: Mon Jul 11 11:56:14 2022
