IQ-TREE multicore version 2.1.2 COVID-edition for Linux 64-bit built Oct 22 2020
Developed by Bui Quang Minh, James Barbetti, Nguyen Lam Tung,
Olga Chernomor, Heiko Schmidt, Dominik Schrempf, Michael Woodhams.

Host:    meganeura (AVX2, FMA3, 31 GB RAM)
Command: iqtree2 -nt 4 -s CPMSF/felsenstein_p1.5_q0.1_n10000.fasta -m LG+F+G4
Seed:    251943 (Using SPRNG - Scalable Parallel Random Number Generator)
Time:    Mon Jul 11 11:56:16 2022
Kernel:  AVX+FMA - 4 threads (16 CPU cores detected)

Reading alignment file CPMSF/felsenstein_p1.5_q0.1_n10000.fasta ... Fasta format detected
Alignment most likely contains protein sequences
Alignment has 4 sequences with 10000 columns, 3667 distinct patterns
645 parsimony-informative, 6159 singleton sites, 3196 constant sites
   Gap/Ambiguity  Composition  p-value
   1  2    0.00%    passed     99.94%
   2  3    0.00%    passed     95.78%
   3  5    0.00%    passed    100.00%
   4  6    0.00%    passed     95.83%
****  TOTAL    0.00%  0 sequences failed composition chi2 test (p-value<5%; df=19)

Create initial parsimony tree by phylogenetic likelihood library (PLL)... 0.002 seconds

NOTE: 9 MB RAM (0 GB) is required!
Estimate model parameters (epsilon = 0.100)
1. Initial log-likelihood: -77359.867
2. Current log-likelihood: -76727.047
3. Current log-likelihood: -76726.938
Optimal log-likelihood: -76726.936
Gamma shape alpha: 1.026
Parameters optimization took 3 rounds (0.091 sec)
Computing ML distances based on estimated model parameters...
Computing ML distances took 0.001183 sec (of wall-clock time) 0.004742 sec(of CPU time)
Computing RapidNJ tree took 0.000171 sec (of wall-clock time) 0.000493 sec (of CPU time)
Log-likelihood of RapidNJ tree: -76965.428
--------------------------------------------------------------------
|             INITIALIZING CANDIDATE TREE SET                      |
--------------------------------------------------------------------
Generating 98 parsimony trees... 0.276 second
Computing log-likelihood of 1 initial trees ... 0.014 seconds
Current best score: -76726.936

Do NNI search on 3 best initial trees
Finish initializing candidate tree set (3)
Current best tree score: -76726.936 / CPU time: 0.406
Number of iterations: 3
--------------------------------------------------------------------
|               OPTIMIZING CANDIDATE TREE SET                      |
--------------------------------------------------------------------
Iteration 10 / LogL: -76729.918 / Time: 0h:0m:0s
UPDATE BEST LOG-LIKELIHOOD: -76726.936
UPDATE BEST LOG-LIKELIHOOD: -76726.936
Iteration 20 / LogL: -76727.526 / Time: 0h:0m:1s
Iteration 30 / LogL: -76726.936 / Time: 0h:0m:1s (0h:0m:4s left)
Iteration 40 / LogL: -76726.936 / Time: 0h:0m:2s (0h:0m:3s left)
Iteration 50 / LogL: -76929.984 / Time: 0h:0m:2s (0h:0m:2s left)
Iteration 60 / LogL: -76726.936 / Time: 0h:0m:3s (0h:0m:2s left)
Iteration 70 / LogL: -76732.733 / Time: 0h:0m:3s (0h:0m:1s left)
Iteration 80 / LogL: -76729.918 / Time: 0h:0m:4s (0h:0m:1s left)
Iteration 90 / LogL: -76726.936 / Time: 0h:0m:4s (0h:0m:0s left)
Iteration 100 / LogL: -76729.918 / Time: 0h:0m:5s (0h:0m:0s left)
TREE SEARCH COMPLETED AFTER 101 ITERATIONS / Time: 0h:0m:5s

--------------------------------------------------------------------
|                    FINALIZING TREE SEARCH                        |
--------------------------------------------------------------------
Performs final model parameters optimization
Estimate model parameters (epsilon = 0.010)
1. Initial log-likelihood: -76726.936
Optimal log-likelihood: -76726.936
Gamma shape alpha: 1.026
Parameters optimization took 1 rounds (0.029 sec)
BEST SCORE FOUND : -76726.936
Total tree length: 2.200

Total number of iterations: 101
CPU time used for tree search: 20.058 sec (0h:0m:20s)
Wall-clock time used for tree search: 5.060 sec (0h:0m:5s)
Total CPU time used: 20.941 sec (0h:0m:20s)
Total wall-clock time used: 5.285 sec (0h:0m:5s)

Analysis results written to: 
  IQ-TREE report:                CPMSF/felsenstein_p1.5_q0.1_n10000.fasta.iqtree
  Maximum-likelihood tree:       CPMSF/felsenstein_p1.5_q0.1_n10000.fasta.treefile
  Likelihood distances:          CPMSF/felsenstein_p1.5_q0.1_n10000.fasta.mldist
  Screen log file:               CPMSF/felsenstein_p1.5_q0.1_n10000.fasta.log

Date and Time: Mon Jul 11 11:56:21 2022
