IQ-TREE multicore version 2.1.2 COVID-edition for Linux 64-bit built Oct 22 2020
Developed by Bui Quang Minh, James Barbetti, Nguyen Lam Tung,
Olga Chernomor, Heiko Schmidt, Dominik Schrempf, Michael Woodhams.

Host:    meganeura (AVX2, FMA3, 31 GB RAM)
Command: iqtree2 -nt 4 -s CPMSF/felsenstein_p0.3_q0.1_n10000.fasta -m LG+F+G4
Seed:    319028 (Using SPRNG - Scalable Parallel Random Number Generator)
Time:    Mon Jul 11 11:56:04 2022
Kernel:  AVX+FMA - 4 threads (16 CPU cores detected)

Reading alignment file CPMSF/felsenstein_p0.3_q0.1_n10000.fasta ... Fasta format detected
Alignment most likely contains protein sequences
Alignment has 4 sequences with 10000 columns, 2460 distinct patterns
512 parsimony-informative, 3852 singleton sites, 5636 constant sites
   Gap/Ambiguity  Composition  p-value
   1  2    0.00%    passed     99.99%
   2  3    0.00%    passed     99.27%
   3  5    0.00%    passed    100.00%
   4  6    0.00%    passed    100.00%
****  TOTAL    0.00%  0 sequences failed composition chi2 test (p-value<5%; df=19)

Create initial parsimony tree by phylogenetic likelihood library (PLL)... 0.002 seconds

NOTE: 6 MB RAM (0 GB) is required!
Estimate model parameters (epsilon = 0.100)
1. Initial log-likelihood: -61920.906
2. Current log-likelihood: -61611.075
3. Current log-likelihood: -61599.129
Optimal log-likelihood: -61599.082
Gamma shape alpha: 0.533
Parameters optimization took 3 rounds (0.096 sec)
Computing ML distances based on estimated model parameters...
Computing ML distances took 0.001285 sec (of wall-clock time) 0.005020 sec(of CPU time)
Computing RapidNJ tree took 0.000160 sec (of wall-clock time) 0.000463 sec (of CPU time)
Log-likelihood of RapidNJ tree: -61599.082
--------------------------------------------------------------------
|             INITIALIZING CANDIDATE TREE SET                      |
--------------------------------------------------------------------
Generating 99 parsimony trees... 0.185 second
Computing log-likelihood of 2 initial trees ... 0.012 seconds
Current best score: -61599.082

Do NNI search on 3 best initial trees
Finish initializing candidate tree set (3)
Current best tree score: -61599.082 / CPU time: 0.264
Number of iterations: 3
--------------------------------------------------------------------
|               OPTIMIZING CANDIDATE TREE SET                      |
--------------------------------------------------------------------
Iteration 10 / LogL: -61940.723 / Time: 0h:0m:0s
UPDATE BEST LOG-LIKELIHOOD: -61599.082
Iteration 20 / LogL: -61599.136 / Time: 0h:0m:0s
Iteration 30 / LogL: -61940.723 / Time: 0h:0m:0s (0h:0m:2s left)
Iteration 40 / LogL: -61940.723 / Time: 0h:0m:1s (0h:0m:1s left)
Iteration 50 / LogL: -61599.210 / Time: 0h:0m:1s (0h:0m:1s left)
Iteration 60 / LogL: -61599.236 / Time: 0h:0m:1s (0h:0m:1s left)
Iteration 70 / LogL: -61599.082 / Time: 0h:0m:1s (0h:0m:0s left)
Iteration 80 / LogL: -61599.236 / Time: 0h:0m:2s (0h:0m:0s left)
Iteration 90 / LogL: -61599.136 / Time: 0h:0m:2s (0h:0m:0s left)
Iteration 100 / LogL: -61599.136 / Time: 0h:0m:2s (0h:0m:0s left)
TREE SEARCH COMPLETED AFTER 101 ITERATIONS / Time: 0h:0m:2s

--------------------------------------------------------------------
|                    FINALIZING TREE SEARCH                        |
--------------------------------------------------------------------
Performs final model parameters optimization
Estimate model parameters (epsilon = 0.010)
1. Initial log-likelihood: -61599.082
Optimal log-likelihood: -61599.082
Gamma shape alpha: 0.533
Parameters optimization took 1 rounds (0.025 sec)
BEST SCORE FOUND : -61599.082
Total tree length: 1.021

Total number of iterations: 101
CPU time used for tree search: 9.441 sec (0h:0m:9s)
Wall-clock time used for tree search: 2.354 sec (0h:0m:2s)
Total CPU time used: 10.172 sec (0h:0m:10s)
Total wall-clock time used: 2.538 sec (0h:0m:2s)

Analysis results written to: 
  IQ-TREE report:                CPMSF/felsenstein_p0.3_q0.1_n10000.fasta.iqtree
  Maximum-likelihood tree:       CPMSF/felsenstein_p0.3_q0.1_n10000.fasta.treefile
  Likelihood distances:          CPMSF/felsenstein_p0.3_q0.1_n10000.fasta.mldist
  Screen log file:               CPMSF/felsenstein_p0.3_q0.1_n10000.fasta.log

Date and Time: Mon Jul 11 11:56:06 2022
