IQ-TREE multicore version 2.1.2 COVID-edition for Linux 64-bit built Oct 22 2020
Developed by Bui Quang Minh, James Barbetti, Nguyen Lam Tung,
Olga Chernomor, Heiko Schmidt, Dominik Schrempf, Michael Woodhams.

Host:    meganeura (AVX2, FMA3, 31 GB RAM)
Command: iqtree2 -nt 4 -s CPMSF/farris_p0.9_q0.1_n10000.fasta -m LG+F+G4
Seed:    175505 (Using SPRNG - Scalable Parallel Random Number Generator)
Time:    Wed Feb 24 08:08:14 2021
Kernel:  AVX+FMA - 4 threads (16 CPU cores detected)

Reading alignment file CPMSF/farris_p0.9_q0.1_n10000.fasta ... Fasta format detected
Alignment most likely contains protein sequences
Alignment has 4 sequences with 10000 columns, 2973 distinct patterns
568 parsimony-informative, 5577 singleton sites, 3855 constant sites
   Gap/Ambiguity  Composition  p-value
   1  2    0.00%    passed     83.21%
   2  3    0.00%    passed     91.71%
   3  5    0.00%    passed     91.55%
   4  6    0.00%    passed     46.97%
****  TOTAL    0.00%  0 sequences failed composition chi2 test (p-value<5%; df=19)

Create initial parsimony tree by phylogenetic likelihood library (PLL)... 0.002 seconds

NOTE: 7 MB RAM (0 GB) is required!
Estimate model parameters (epsilon = 0.100)
1. Initial log-likelihood: -72135.484
2. Current log-likelihood: -71610.856
3. Current log-likelihood: -71609.318
Optimal log-likelihood: -71609.246
Gamma shape alpha: 0.881
Parameters optimization took 3 rounds (0.123 sec)
Computing ML distances based on estimated model parameters...
Computing ML distances took 0.001230 sec (of wall-clock time) 0.004874 sec(of CPU time)
Computing RapidNJ tree took 0.000139 sec (of wall-clock time) 0.000431 sec (of CPU time)
Log-likelihood of RapidNJ tree: -71860.141
--------------------------------------------------------------------
|             INITIALIZING CANDIDATE TREE SET                      |
--------------------------------------------------------------------
Generating 98 parsimony trees... 0.248 second
Computing log-likelihood of 1 initial trees ... 0.009 seconds
Current best score: -71609.246

Do NNI search on 3 best initial trees
Finish initializing candidate tree set (3)
Current best tree score: -71609.246 / CPU time: 0.328
Number of iterations: 3
--------------------------------------------------------------------
|               OPTIMIZING CANDIDATE TREE SET                      |
--------------------------------------------------------------------
UPDATE BEST LOG-LIKELIHOOD: -71609.246
UPDATE BEST LOG-LIKELIHOOD: -71609.246
Iteration 10 / LogL: -71609.246 / Time: 0h:0m:0s
Iteration 20 / LogL: -71612.609 / Time: 0h:0m:1s
UPDATE BEST LOG-LIKELIHOOD: -71609.246
Iteration 30 / LogL: -71615.104 / Time: 0h:0m:1s (0h:0m:3s left)
Iteration 40 / LogL: -71612.609 / Time: 0h:0m:1s (0h:0m:2s left)
Iteration 50 / LogL: -71609.246 / Time: 0h:0m:2s (0h:0m:2s left)
Iteration 60 / LogL: -71839.958 / Time: 0h:0m:2s (0h:0m:1s left)
Iteration 70 / LogL: -71609.246 / Time: 0h:0m:2s (0h:0m:1s left)
Iteration 80 / LogL: -71613.992 / Time: 0h:0m:3s (0h:0m:0s left)
Iteration 90 / LogL: -71613.992 / Time: 0h:0m:3s (0h:0m:0s left)
Iteration 100 / LogL: -71613.992 / Time: 0h:0m:3s (0h:0m:0s left)
TREE SEARCH COMPLETED AFTER 101 ITERATIONS / Time: 0h:0m:3s

--------------------------------------------------------------------
|                    FINALIZING TREE SEARCH                        |
--------------------------------------------------------------------
Performs final model parameters optimization
Estimate model parameters (epsilon = 0.010)
1. Initial log-likelihood: -71609.246
Optimal log-likelihood: -71609.245
Gamma shape alpha: 0.880
Parameters optimization took 1 rounds (0.017 sec)
BEST SCORE FOUND : -71609.245
Total tree length: 1.804

Total number of iterations: 101
CPU time used for tree search: 13.748 sec (0h:0m:13s)
Wall-clock time used for tree search: 3.671 sec (0h:0m:3s)
Total CPU time used: 14.540 sec (0h:0m:14s)
Total wall-clock time used: 3.893 sec (0h:0m:3s)

Analysis results written to: 
  IQ-TREE report:                CPMSF/farris_p0.9_q0.1_n10000.fasta.iqtree
  Maximum-likelihood tree:       CPMSF/farris_p0.9_q0.1_n10000.fasta.treefile
  Likelihood distances:          CPMSF/farris_p0.9_q0.1_n10000.fasta.mldist
  Screen log file:               CPMSF/farris_p0.9_q0.1_n10000.fasta.log

Date and Time: Wed Feb 24 08:08:18 2021
