IQ-TREE multicore version 2.1.2 COVID-edition for Linux 64-bit built Oct 22 2020
Developed by Bui Quang Minh, James Barbetti, Nguyen Lam Tung,
Olga Chernomor, Heiko Schmidt, Dominik Schrempf, Michael Woodhams.

Host:    meganeura (AVX2, FMA3, 31 GB RAM)
Command: iqtree2 -nt 4 -s CPMSF/farris_p1.9_q0.1_n10000.fasta -m LG+F+G4
Seed:    348440 (Using SPRNG - Scalable Parallel Random Number Generator)
Time:    Wed Feb 24 08:08:43 2021
Kernel:  AVX+FMA - 4 threads (16 CPU cores detected)

Reading alignment file CPMSF/farris_p1.9_q0.1_n10000.fasta ... Fasta format detected
Alignment most likely contains protein sequences
Alignment has 4 sequences with 10000 columns, 3437 distinct patterns
709 parsimony-informative, 6458 singleton sites, 2833 constant sites
   Gap/Ambiguity  Composition  p-value
   1  2    0.00%    passed     73.76%
   2  3    0.00%    passed     84.04%
   3  5    0.00%    passed     54.64%
   4  6    0.00%    passed     91.04%
****  TOTAL    0.00%  0 sequences failed composition chi2 test (p-value<5%; df=19)

Create initial parsimony tree by phylogenetic likelihood library (PLL)... 0.002 seconds

NOTE: 8 MB RAM (0 GB) is required!
Estimate model parameters (epsilon = 0.100)
1. Initial log-likelihood: -78203.866
2. Current log-likelihood: -77451.593
3. Current log-likelihood: -77447.965
4. Current log-likelihood: -77447.658
Optimal log-likelihood: -77447.631
Gamma shape alpha: 1.215
Parameters optimization took 4 rounds (0.240 sec)
Computing ML distances based on estimated model parameters...
Computing ML distances took 0.000987 sec (of wall-clock time) 0.000963 sec(of CPU time)
Computing RapidNJ tree took 0.000041 sec (of wall-clock time) 0.000040 sec (of CPU time)
Log-likelihood of RapidNJ tree: -77447.631
--------------------------------------------------------------------
|             INITIALIZING CANDIDATE TREE SET                      |
--------------------------------------------------------------------
Generating 99 parsimony trees... 0.313 second
Computing log-likelihood of 2 initial trees ... 0.034 seconds
Current best score: -77447.631

Do NNI search on 3 best initial trees
Finish initializing candidate tree set (3)
Current best tree score: -77447.631 / CPU time: 0.465
Number of iterations: 3
--------------------------------------------------------------------
|               OPTIMIZING CANDIDATE TREE SET                      |
--------------------------------------------------------------------
Iteration 10 / LogL: -77459.071 / Time: 0h:0m:1s
UPDATE BEST LOG-LIKELIHOOD: -77447.631
UPDATE BEST LOG-LIKELIHOOD: -77447.631
UPDATE BEST LOG-LIKELIHOOD: -77447.631
Iteration 20 / LogL: -77459.071 / Time: 0h:0m:1s
Iteration 30 / LogL: -77459.071 / Time: 0h:0m:2s (0h:0m:4s left)
Iteration 40 / LogL: -77459.304 / Time: 0h:0m:2s (0h:0m:4s left)
Iteration 50 / LogL: -77460.385 / Time: 0h:0m:3s (0h:0m:3s left)
Iteration 60 / LogL: -77460.524 / Time: 0h:0m:4s (0h:0m:2s left)
Iteration 70 / LogL: -77460.524 / Time: 0h:0m:4s (0h:0m:2s left)
Iteration 80 / LogL: -77453.540 / Time: 0h:0m:5s (0h:0m:1s left)
Iteration 90 / LogL: -77460.385 / Time: 0h:0m:5s (0h:0m:0s left)
Iteration 100 / LogL: -77460.385 / Time: 0h:0m:6s (0h:0m:0s left)
TREE SEARCH COMPLETED AFTER 101 ITERATIONS / Time: 0h:0m:6s

--------------------------------------------------------------------
|                    FINALIZING TREE SEARCH                        |
--------------------------------------------------------------------
Performs final model parameters optimization
Estimate model parameters (epsilon = 0.010)
1. Initial log-likelihood: -77447.631
Optimal log-likelihood: -77447.630
Gamma shape alpha: 1.217
Parameters optimization took 1 rounds (0.021 sec)
BEST SCORE FOUND : -77447.630
Total tree length: 2.387

Total number of iterations: 101
CPU time used for tree search: 21.495 sec (0h:0m:21s)
Wall-clock time used for tree search: 5.820 sec (0h:0m:5s)
Total CPU time used: 22.772 sec (0h:0m:22s)
Total wall-clock time used: 6.179 sec (0h:0m:6s)

Analysis results written to: 
  IQ-TREE report:                CPMSF/farris_p1.9_q0.1_n10000.fasta.iqtree
  Maximum-likelihood tree:       CPMSF/farris_p1.9_q0.1_n10000.fasta.treefile
  Likelihood distances:          CPMSF/farris_p1.9_q0.1_n10000.fasta.mldist
  Screen log file:               CPMSF/farris_p1.9_q0.1_n10000.fasta.log

Date and Time: Wed Feb 24 08:08:49 2021
