IQ-TREE multicore version 2.1.2 COVID-edition for Linux 64-bit built Oct 22 2020
Developed by Bui Quang Minh, James Barbetti, Nguyen Lam Tung,
Olga Chernomor, Heiko Schmidt, Dominik Schrempf, Michael Woodhams.

Host:    meganeura (AVX2, FMA3, 31 GB RAM)
Command: iqtree2 -nt 4 -s CPMSF/farris_p0.7_q0.1_n10000.fasta -m LG+F+G4
Seed:    623350 (Using SPRNG - Scalable Parallel Random Number Generator)
Time:    Wed Feb 24 08:08:09 2021
Kernel:  AVX+FMA - 4 threads (16 CPU cores detected)

Reading alignment file CPMSF/farris_p0.7_q0.1_n10000.fasta ... Fasta format detected
Alignment most likely contains protein sequences
Alignment has 4 sequences with 10000 columns, 2794 distinct patterns
545 parsimony-informative, 5213 singleton sites, 4242 constant sites
   Gap/Ambiguity  Composition  p-value
   1  2    0.00%    passed     87.69%
   2  3    0.00%    passed     96.16%
   3  5    0.00%    passed     79.75%
   4  6    0.00%    passed     39.46%
****  TOTAL    0.00%  0 sequences failed composition chi2 test (p-value<5%; df=19)

Create initial parsimony tree by phylogenetic likelihood library (PLL)... 0.002 seconds

NOTE: 6 MB RAM (0 GB) is required!
Estimate model parameters (epsilon = 0.100)
1. Initial log-likelihood: -69813.875
2. Current log-likelihood: -69370.996
3. Current log-likelihood: -69367.758
4. Current log-likelihood: -69367.650
Optimal log-likelihood: -69367.639
Gamma shape alpha: 0.808
Parameters optimization took 4 rounds (0.166 sec)
Computing ML distances based on estimated model parameters...
Computing ML distances took 0.001038 sec (of wall-clock time) 0.004094 sec(of CPU time)
Computing RapidNJ tree took 0.000116 sec (of wall-clock time) 0.000454 sec (of CPU time)
Log-likelihood of RapidNJ tree: -69612.571
--------------------------------------------------------------------
|             INITIALIZING CANDIDATE TREE SET                      |
--------------------------------------------------------------------
Generating 98 parsimony trees... 0.245 second
Computing log-likelihood of 1 initial trees ... 0.014 seconds
Current best score: -69367.639

Do NNI search on 3 best initial trees
Finish initializing candidate tree set (3)
Current best tree score: -69367.639 / CPU time: 0.328
Number of iterations: 3
--------------------------------------------------------------------
|               OPTIMIZING CANDIDATE TREE SET                      |
--------------------------------------------------------------------
UPDATE BEST LOG-LIKELIHOOD: -69367.639
Iteration 10 / LogL: -69372.140 / Time: 0h:0m:0s
UPDATE BEST LOG-LIKELIHOOD: -69367.639
Iteration 20 / LogL: -69372.015 / Time: 0h:0m:1s
UPDATE BEST LOG-LIKELIHOOD: -69367.639
Iteration 30 / LogL: -69370.525 / Time: 0h:0m:1s (0h:0m:3s left)
Iteration 40 / LogL: -69584.239 / Time: 0h:0m:1s (0h:0m:2s left)
Iteration 50 / LogL: -69372.015 / Time: 0h:0m:1s (0h:0m:1s left)
Iteration 60 / LogL: -69372.140 / Time: 0h:0m:2s (0h:0m:1s left)
Iteration 70 / LogL: -69370.525 / Time: 0h:0m:2s (0h:0m:1s left)
Iteration 80 / LogL: -69370.525 / Time: 0h:0m:2s (0h:0m:0s left)
Iteration 90 / LogL: -69584.239 / Time: 0h:0m:3s (0h:0m:0s left)
Iteration 100 / LogL: -69370.525 / Time: 0h:0m:3s (0h:0m:0s left)
TREE SEARCH COMPLETED AFTER 101 ITERATIONS / Time: 0h:0m:3s

--------------------------------------------------------------------
|                    FINALIZING TREE SEARCH                        |
--------------------------------------------------------------------
Performs final model parameters optimization
Estimate model parameters (epsilon = 0.010)
1. Initial log-likelihood: -69367.639
Optimal log-likelihood: -69367.638
Gamma shape alpha: 0.807
Parameters optimization took 1 rounds (0.020 sec)
BEST SCORE FOUND : -69367.638
Total tree length: 1.593

Total number of iterations: 101
CPU time used for tree search: 11.559 sec (0h:0m:11s)
Wall-clock time used for tree search: 3.066 sec (0h:0m:3s)
Total CPU time used: 12.430 sec (0h:0m:12s)
Total wall-clock time used: 3.316 sec (0h:0m:3s)

Analysis results written to: 
  IQ-TREE report:                CPMSF/farris_p0.7_q0.1_n10000.fasta.iqtree
  Maximum-likelihood tree:       CPMSF/farris_p0.7_q0.1_n10000.fasta.treefile
  Likelihood distances:          CPMSF/farris_p0.7_q0.1_n10000.fasta.mldist
  Screen log file:               CPMSF/farris_p0.7_q0.1_n10000.fasta.log

Date and Time: Wed Feb 24 08:08:12 2021
