IQ-TREE multicore version 2.1.2 COVID-edition for Linux 64-bit built Oct 22 2020
Developed by Bui Quang Minh, James Barbetti, Nguyen Lam Tung,
Olga Chernomor, Heiko Schmidt, Dominik Schrempf, Michael Woodhams.

Host:    meganeura (AVX2, FMA3, 31 GB RAM)
Command: iqtree2 -nt 4 -s CPMSF/farris_p0.2_q0.1_n10000.fasta -m LG+F+G4
Seed:    431883 (Using SPRNG - Scalable Parallel Random Number Generator)
Time:    Wed Feb 24 08:08:01 2021
Kernel:  AVX+FMA - 4 threads (16 CPU cores detected)

Reading alignment file CPMSF/farris_p0.2_q0.1_n10000.fasta ... Fasta format detected
Alignment most likely contains protein sequences
Alignment has 4 sequences with 10000 columns, 1925 distinct patterns
534 parsimony-informative, 3393 singleton sites, 6072 constant sites
   Gap/Ambiguity  Composition  p-value
   1  2    0.00%    passed     88.16%
   2  3    0.00%    passed     99.69%
   3  5    0.00%    passed     90.29%
   4  6    0.00%    passed     99.06%
****  TOTAL    0.00%  0 sequences failed composition chi2 test (p-value<5%; df=19)

Create initial parsimony tree by phylogenetic likelihood library (PLL)... 0.001 seconds

NOTE: 4 MB RAM (0 GB) is required!
Estimate model parameters (epsilon = 0.100)
1. Initial log-likelihood: -58277.726
2. Current log-likelihood: -58105.974
3. Current log-likelihood: -58100.090
Optimal log-likelihood: -58100.067
Gamma shape alpha: 0.571
Parameters optimization took 3 rounds (0.120 sec)
Computing ML distances based on estimated model parameters...
Computing ML distances took 0.001600 sec (of wall-clock time) 0.004312 sec(of CPU time)
Computing RapidNJ tree took 0.000049 sec (of wall-clock time) 0.000161 sec (of CPU time)
Log-likelihood of RapidNJ tree: -58100.067
--------------------------------------------------------------------
|             INITIALIZING CANDIDATE TREE SET                      |
--------------------------------------------------------------------
Generating 99 parsimony trees... 0.146 second
Computing log-likelihood of 2 initial trees ... 0.009 seconds
Current best score: -58100.067

Do NNI search on 3 best initial trees
Finish initializing candidate tree set (3)
Current best tree score: -58100.067 / CPU time: 0.200
Number of iterations: 3
--------------------------------------------------------------------
|               OPTIMIZING CANDIDATE TREE SET                      |
--------------------------------------------------------------------
UPDATE BEST LOG-LIKELIHOOD: -58100.067
Iteration 10 / LogL: -58100.850 / Time: 0h:0m:0s
Iteration 20 / LogL: -58100.850 / Time: 0h:0m:0s
Iteration 30 / LogL: -58101.001 / Time: 0h:0m:0s (0h:0m:1s left)
Iteration 40 / LogL: -58544.377 / Time: 0h:0m:0s (0h:0m:1s left)
Iteration 50 / LogL: -58101.167 / Time: 0h:0m:1s (0h:0m:1s left)
Iteration 60 / LogL: -58100.850 / Time: 0h:0m:1s (0h:0m:0s left)
Iteration 70 / LogL: -58527.432 / Time: 0h:0m:1s (0h:0m:0s left)
Iteration 80 / LogL: -58100.067 / Time: 0h:0m:1s (0h:0m:0s left)
Iteration 90 / LogL: -58544.377 / Time: 0h:0m:1s (0h:0m:0s left)
Iteration 100 / LogL: -58100.067 / Time: 0h:0m:1s (0h:0m:0s left)
TREE SEARCH COMPLETED AFTER 101 ITERATIONS / Time: 0h:0m:1s

--------------------------------------------------------------------
|                    FINALIZING TREE SEARCH                        |
--------------------------------------------------------------------
Performs final model parameters optimization
Estimate model parameters (epsilon = 0.010)
1. Initial log-likelihood: -58100.067
Optimal log-likelihood: -58100.067
Gamma shape alpha: 0.571
Parameters optimization took 1 rounds (0.010 sec)
BEST SCORE FOUND : -58100.067
Total tree length: 0.789

Total number of iterations: 101
CPU time used for tree search: 6.455 sec (0h:0m:6s)
Wall-clock time used for tree search: 1.617 sec (0h:0m:1s)
Total CPU time used: 7.007 sec (0h:0m:7s)
Total wall-clock time used: 1.785 sec (0h:0m:1s)

Analysis results written to: 
  IQ-TREE report:                CPMSF/farris_p0.2_q0.1_n10000.fasta.iqtree
  Maximum-likelihood tree:       CPMSF/farris_p0.2_q0.1_n10000.fasta.treefile
  Likelihood distances:          CPMSF/farris_p0.2_q0.1_n10000.fasta.mldist
  Screen log file:               CPMSF/farris_p0.2_q0.1_n10000.fasta.log

Date and Time: Wed Feb 24 08:08:03 2021
