IQ-TREE multicore version 2.1.2 COVID-edition for Linux 64-bit built Oct 22 2020
Developed by Bui Quang Minh, James Barbetti, Nguyen Lam Tung,
Olga Chernomor, Heiko Schmidt, Dominik Schrempf, Michael Woodhams.

Host:    meganeura (AVX2, FMA3, 31 GB RAM)
Command: iqtree2 -nt 4 -s CPMSF/farris_p1.0_q0.1_n10000.fasta -m LG+F+G4
Seed:    662682 (Using SPRNG - Scalable Parallel Random Number Generator)
Time:    Wed Feb 24 08:08:16 2021
Kernel:  AVX+FMA - 4 threads (16 CPU cores detected)

Reading alignment file CPMSF/farris_p1.0_q0.1_n10000.fasta ... Fasta format detected
Alignment most likely contains protein sequences
Alignment has 4 sequences with 10000 columns, 3012 distinct patterns
578 parsimony-informative, 5736 singleton sites, 3686 constant sites
   Gap/Ambiguity  Composition  p-value
   1  2    0.00%    passed     87.85%
   2  3    0.00%    passed     90.62%
   3  5    0.00%    passed     93.24%
   4  6    0.00%    passed     44.81%
****  TOTAL    0.00%  0 sequences failed composition chi2 test (p-value<5%; df=19)

Create initial parsimony tree by phylogenetic likelihood library (PLL)... 0.002 seconds

NOTE: 7 MB RAM (0 GB) is required!
Estimate model parameters (epsilon = 0.100)
1. Initial log-likelihood: -73025.427
2. Current log-likelihood: -72496.718
3. Current log-likelihood: -72496.255
Optimal log-likelihood: -72496.232
Gamma shape alpha: 0.939
Parameters optimization took 3 rounds (0.127 sec)
Computing ML distances based on estimated model parameters...
Computing ML distances took 0.001124 sec (of wall-clock time) 0.000000 sec(of CPU time)
Computing RapidNJ tree took 0.000259 sec (of wall-clock time) 0.000828 sec (of CPU time)
Log-likelihood of RapidNJ tree: -72799.569
--------------------------------------------------------------------
|             INITIALIZING CANDIDATE TREE SET                      |
--------------------------------------------------------------------
Generating 98 parsimony trees... 0.268 second
Computing log-likelihood of 1 initial trees ... 0.011 seconds
Current best score: -72496.232

Do NNI search on 3 best initial trees
Finish initializing candidate tree set (3)
Current best tree score: -72496.232 / CPU time: 0.358
Number of iterations: 3
--------------------------------------------------------------------
|               OPTIMIZING CANDIDATE TREE SET                      |
--------------------------------------------------------------------
UPDATE BEST LOG-LIKELIHOOD: -72496.232
Iteration 10 / LogL: -72500.605 / Time: 0h:0m:0s
UPDATE BEST LOG-LIKELIHOOD: -72496.232
Iteration 20 / LogL: -72502.877 / Time: 0h:0m:1s
Iteration 30 / LogL: -72496.232 / Time: 0h:0m:1s (0h:0m:3s left)
Iteration 40 / LogL: -72503.985 / Time: 0h:0m:1s (0h:0m:2s left)
Iteration 50 / LogL: -72496.232 / Time: 0h:0m:2s (0h:0m:2s left)
Iteration 60 / LogL: -72503.985 / Time: 0h:0m:2s (0h:0m:1s left)
Iteration 70 / LogL: -72502.877 / Time: 0h:0m:2s (0h:0m:1s left)
Iteration 80 / LogL: -72502.877 / Time: 0h:0m:3s (0h:0m:0s left)
Iteration 90 / LogL: -72503.985 / Time: 0h:0m:3s (0h:0m:0s left)
Iteration 100 / LogL: -72504.038 / Time: 0h:0m:3s (0h:0m:0s left)
TREE SEARCH COMPLETED AFTER 101 ITERATIONS / Time: 0h:0m:3s

--------------------------------------------------------------------
|                    FINALIZING TREE SEARCH                        |
--------------------------------------------------------------------
Performs final model parameters optimization
Estimate model parameters (epsilon = 0.010)
1. Initial log-likelihood: -72496.232
Optimal log-likelihood: -72496.232
Gamma shape alpha: 0.938
Parameters optimization took 1 rounds (0.019 sec)
BEST SCORE FOUND : -72496.232
Total tree length: 1.871

Total number of iterations: 101
CPU time used for tree search: 13.870 sec (0h:0m:13s)
Wall-clock time used for tree search: 3.658 sec (0h:0m:3s)
Total CPU time used: 14.591 sec (0h:0m:14s)
Total wall-clock time used: 3.898 sec (0h:0m:3s)

Analysis results written to: 
  IQ-TREE report:                CPMSF/farris_p1.0_q0.1_n10000.fasta.iqtree
  Maximum-likelihood tree:       CPMSF/farris_p1.0_q0.1_n10000.fasta.treefile
  Likelihood distances:          CPMSF/farris_p1.0_q0.1_n10000.fasta.mldist
  Screen log file:               CPMSF/farris_p1.0_q0.1_n10000.fasta.log

Date and Time: Wed Feb 24 08:08:20 2021
