IQ-TREE multicore version 2.1.2 COVID-edition for Linux 64-bit built Oct 22 2020
Developed by Bui Quang Minh, James Barbetti, Nguyen Lam Tung,
Olga Chernomor, Heiko Schmidt, Dominik Schrempf, Michael Woodhams.

Host:    meganeura (AVX2, FMA3, 31 GB RAM)
Command: iqtree2 -nt 4 -s CPMSF/farris_p2.0_q0.1_n10000.fasta -m LG+F+G4
Seed:    706604 (Using SPRNG - Scalable Parallel Random Number Generator)
Time:    Wed Feb 24 08:08:46 2021
Kernel:  AVX+FMA - 4 threads (16 CPU cores detected)

Reading alignment file CPMSF/farris_p2.0_q0.1_n10000.fasta ... Fasta format detected
Alignment most likely contains protein sequences
Alignment has 4 sequences with 10000 columns, 3470 distinct patterns
731 parsimony-informative, 6513 singleton sites, 2756 constant sites
   Gap/Ambiguity  Composition  p-value
   1  2    0.00%    passed     69.16%
   2  3    0.00%    passed     80.24%
   3  5    0.00%    passed     25.70%
   4  6    0.00%    passed     78.82%
****  TOTAL    0.00%  0 sequences failed composition chi2 test (p-value<5%; df=19)

Create initial parsimony tree by phylogenetic likelihood library (PLL)... 0.003 seconds

NOTE: 8 MB RAM (0 GB) is required!
Estimate model parameters (epsilon = 0.100)
1. Initial log-likelihood: -78595.610
2. Current log-likelihood: -77837.662
3. Current log-likelihood: -77832.088
4. Current log-likelihood: -77831.577
Optimal log-likelihood: -77831.530
Gamma shape alpha: 1.270
Parameters optimization took 4 rounds (0.217 sec)
Computing ML distances based on estimated model parameters...
Computing ML distances took 0.000965 sec (of wall-clock time) 0.003809 sec(of CPU time)
Computing RapidNJ tree took 0.000034 sec (of wall-clock time) 0.000067 sec (of CPU time)
Log-likelihood of RapidNJ tree: -77831.530
--------------------------------------------------------------------
|             INITIALIZING CANDIDATE TREE SET                      |
--------------------------------------------------------------------
Generating 99 parsimony trees... 0.309 second
Computing log-likelihood of 2 initial trees ... 0.036 seconds
Current best score: -77831.530

Do NNI search on 3 best initial trees
Finish initializing candidate tree set (3)
Current best tree score: -77831.530 / CPU time: 0.462
Number of iterations: 3
--------------------------------------------------------------------
|               OPTIMIZING CANDIDATE TREE SET                      |
--------------------------------------------------------------------
Iteration 10 / LogL: -77843.289 / Time: 0h:0m:1s
UPDATE BEST LOG-LIKELIHOOD: -77831.530
UPDATE BEST LOG-LIKELIHOOD: -77831.530
Iteration 20 / LogL: -77831.530 / Time: 0h:0m:1s
Iteration 30 / LogL: -77844.927 / Time: 0h:0m:2s (0h:0m:5s left)
Iteration 40 / LogL: -77843.699 / Time: 0h:0m:2s (0h:0m:4s left)
Iteration 50 / LogL: -77844.612 / Time: 0h:0m:3s (0h:0m:3s left)
Iteration 60 / LogL: -77843.699 / Time: 0h:0m:3s (0h:0m:2s left)
Iteration 70 / LogL: -77837.809 / Time: 0h:0m:4s (0h:0m:1s left)
Iteration 80 / LogL: -77843.289 / Time: 0h:0m:4s (0h:0m:1s left)
Iteration 90 / LogL: -77831.530 / Time: 0h:0m:5s (0h:0m:0s left)
Iteration 100 / LogL: -77844.612 / Time: 0h:0m:5s (0h:0m:0s left)
TREE SEARCH COMPLETED AFTER 101 ITERATIONS / Time: 0h:0m:5s

--------------------------------------------------------------------
|                    FINALIZING TREE SEARCH                        |
--------------------------------------------------------------------
Performs final model parameters optimization
Estimate model parameters (epsilon = 0.010)
1. Initial log-likelihood: -77831.530
Optimal log-likelihood: -77831.528
Gamma shape alpha: 1.272
Parameters optimization took 1 rounds (0.020 sec)
BEST SCORE FOUND : -77831.528
Total tree length: 2.405

Total number of iterations: 101
CPU time used for tree search: 19.669 sec (0h:0m:19s)
Wall-clock time used for tree search: 5.213 sec (0h:0m:5s)
Total CPU time used: 20.833 sec (0h:0m:20s)
Total wall-clock time used: 5.549 sec (0h:0m:5s)

Analysis results written to: 
  IQ-TREE report:                CPMSF/farris_p2.0_q0.1_n10000.fasta.iqtree
  Maximum-likelihood tree:       CPMSF/farris_p2.0_q0.1_n10000.fasta.treefile
  Likelihood distances:          CPMSF/farris_p2.0_q0.1_n10000.fasta.mldist
  Screen log file:               CPMSF/farris_p2.0_q0.1_n10000.fasta.log

Date and Time: Wed Feb 24 08:08:52 2021
