IQ-TREE multicore version 2.1.2 COVID-edition for Linux 64-bit built Oct 22 2020
Developed by Bui Quang Minh, James Barbetti, Nguyen Lam Tung,
Olga Chernomor, Heiko Schmidt, Dominik Schrempf, Michael Woodhams.

Host:    meganeura (AVX2, FMA3, 31 GB RAM)
Command: iqtree2 -nt 4 -s CPMSF/farris_p0.4_q0.1_n10000.fasta -m LG+F+G4
Seed:    621688 (Using SPRNG - Scalable Parallel Random Number Generator)
Time:    Wed Feb 24 08:08:04 2021
Kernel:  AVX+FMA - 4 threads (16 CPU cores detected)

Reading alignment file CPMSF/farris_p0.4_q0.1_n10000.fasta ... Fasta format detected
Alignment most likely contains protein sequences
Alignment has 4 sequences with 10000 columns, 2373 distinct patterns
555 parsimony-informative, 4334 singleton sites, 5111 constant sites
   Gap/Ambiguity  Composition  p-value
   1  2    0.00%    passed     80.51%
   2  3    0.00%    passed     97.78%
   3  5    0.00%    passed     62.83%
   4  6    0.00%    passed     98.68%
****  TOTAL    0.00%  0 sequences failed composition chi2 test (p-value<5%; df=19)

Create initial parsimony tree by phylogenetic likelihood library (PLL)... 0.002 seconds

NOTE: 5 MB RAM (0 GB) is required!
Estimate model parameters (epsilon = 0.100)
1. Initial log-likelihood: -64304.814
2. Current log-likelihood: -64034.918
3. Current log-likelihood: -64030.103
Optimal log-likelihood: -64030.022
Gamma shape alpha: 0.702
Parameters optimization took 3 rounds (0.128 sec)
Computing ML distances based on estimated model parameters...
Computing ML distances took 0.001177 sec (of wall-clock time) 0.004647 sec(of CPU time)
Computing RapidNJ tree took 0.000022 sec (of wall-clock time) 0.000192 sec (of CPU time)
Log-likelihood of RapidNJ tree: -64030.022
--------------------------------------------------------------------
|             INITIALIZING CANDIDATE TREE SET                      |
--------------------------------------------------------------------
Generating 99 parsimony trees... 0.183 second
Computing log-likelihood of 2 initial trees ... 0.012 seconds
Current best score: -64030.022

Do NNI search on 3 best initial trees
Finish initializing candidate tree set (3)
Current best tree score: -64030.022 / CPU time: 0.285
Number of iterations: 3
--------------------------------------------------------------------
|               OPTIMIZING CANDIDATE TREE SET                      |
--------------------------------------------------------------------
UPDATE BEST LOG-LIKELIHOOD: -64030.022
Iteration 10 / LogL: -64032.628 / Time: 0h:0m:0s
Iteration 20 / LogL: -64366.838 / Time: 0h:0m:0s
Iteration 30 / LogL: -64032.220 / Time: 0h:0m:1s (0h:0m:2s left)
Iteration 40 / LogL: -64366.838 / Time: 0h:0m:1s (0h:0m:1s left)
Iteration 50 / LogL: -64032.628 / Time: 0h:0m:1s (0h:0m:1s left)
UPDATE BEST LOG-LIKELIHOOD: -64030.022
Iteration 60 / LogL: -64030.022 / Time: 0h:0m:1s (0h:0m:1s left)
Iteration 70 / LogL: -64032.220 / Time: 0h:0m:1s (0h:0m:0s left)
Iteration 80 / LogL: -64032.181 / Time: 0h:0m:1s (0h:0m:0s left)
Iteration 90 / LogL: -64030.022 / Time: 0h:0m:2s (0h:0m:0s left)
Iteration 100 / LogL: -64032.220 / Time: 0h:0m:2s (0h:0m:0s left)
TREE SEARCH COMPLETED AFTER 101 ITERATIONS / Time: 0h:0m:2s

--------------------------------------------------------------------
|                    FINALIZING TREE SEARCH                        |
--------------------------------------------------------------------
Performs final model parameters optimization
Estimate model parameters (epsilon = 0.010)
1. Initial log-likelihood: -64030.022
Optimal log-likelihood: -64030.021
Gamma shape alpha: 0.701
Parameters optimization took 1 rounds (0.017 sec)
BEST SCORE FOUND : -64030.021
Total tree length: 1.145

Total number of iterations: 101
CPU time used for tree search: 8.676 sec (0h:0m:8s)
Wall-clock time used for tree search: 2.233 sec (0h:0m:2s)
Total CPU time used: 9.363 sec (0h:0m:9s)
Total wall-clock time used: 2.424 sec (0h:0m:2s)

Analysis results written to: 
  IQ-TREE report:                CPMSF/farris_p0.4_q0.1_n10000.fasta.iqtree
  Maximum-likelihood tree:       CPMSF/farris_p0.4_q0.1_n10000.fasta.treefile
  Likelihood distances:          CPMSF/farris_p0.4_q0.1_n10000.fasta.mldist
  Screen log file:               CPMSF/farris_p0.4_q0.1_n10000.fasta.log

Date and Time: Wed Feb 24 08:08:07 2021
