IQ-TREE multicore version 2.1.2 COVID-edition for Linux 64-bit built Oct 22 2020
Developed by Bui Quang Minh, James Barbetti, Nguyen Lam Tung,
Olga Chernomor, Heiko Schmidt, Dominik Schrempf, Michael Woodhams.

Host:    meganeura (AVX2, FMA3, 31 GB RAM)
Command: iqtree2 -nt 4 -s CPMSF/farris_p1.4_q0.1_n10000.fasta -m LG+F+G4
Seed:    540764 (Using SPRNG - Scalable Parallel Random Number Generator)
Time:    Wed Feb 24 08:08:27 2021
Kernel:  AVX+FMA - 4 threads (16 CPU cores detected)

Reading alignment file CPMSF/farris_p1.4_q0.1_n10000.fasta ... Fasta format detected
Alignment most likely contains protein sequences
Alignment has 4 sequences with 10000 columns, 3292 distinct patterns
643 parsimony-informative, 6148 singleton sites, 3209 constant sites
   Gap/Ambiguity  Composition  p-value
   1  2    0.00%    passed     77.92%
   2  3    0.00%    passed     84.45%
   3  5    0.00%    passed     66.21%
   4  6    0.00%    passed     75.31%
****  TOTAL    0.00%  0 sequences failed composition chi2 test (p-value<5%; df=19)

Create initial parsimony tree by phylogenetic likelihood library (PLL)... 0.002 seconds

NOTE: 8 MB RAM (0 GB) is required!
Estimate model parameters (epsilon = 0.100)
1. Initial log-likelihood: -76036.404
2. Current log-likelihood: -75382.742
3. Current log-likelihood: -75382.353
Optimal log-likelihood: -75382.328
Gamma shape alpha: 1.073
Parameters optimization took 3 rounds (0.086 sec)
Computing ML distances based on estimated model parameters...
Computing ML distances took 0.001077 sec (of wall-clock time) 0.004192 sec(of CPU time)
Computing RapidNJ tree took 0.000078 sec (of wall-clock time) 0.000272 sec (of CPU time)
Log-likelihood of RapidNJ tree: -75382.327
--------------------------------------------------------------------
|             INITIALIZING CANDIDATE TREE SET                      |
--------------------------------------------------------------------
Generating 99 parsimony trees... 0.301 second
Computing log-likelihood of 2 initial trees ... 0.041 seconds
Current best score: -75382.327

Do NNI search on 3 best initial trees
UPDATE BEST LOG-LIKELIHOOD: -75382.327
Finish initializing candidate tree set (3)
Current best tree score: -75382.327 / CPU time: 0.468
Number of iterations: 3
--------------------------------------------------------------------
|               OPTIMIZING CANDIDATE TREE SET                      |
--------------------------------------------------------------------
Iteration 10 / LogL: -75387.052 / Time: 0h:0m:0s
UPDATE BEST LOG-LIKELIHOOD: -75382.327
Iteration 20 / LogL: -75391.194 / Time: 0h:0m:1s
Iteration 30 / LogL: -75392.276 / Time: 0h:0m:1s (0h:0m:4s left)
Iteration 40 / LogL: -75382.327 / Time: 0h:0m:2s (0h:0m:3s left)
Iteration 50 / LogL: -75392.276 / Time: 0h:0m:2s (0h:0m:2s left)
Iteration 60 / LogL: -75392.714 / Time: 0h:0m:3s (0h:0m:2s left)
Iteration 70 / LogL: -75387.052 / Time: 0h:0m:3s (0h:0m:1s left)
Iteration 80 / LogL: -75391.719 / Time: 0h:0m:4s (0h:0m:1s left)
Iteration 90 / LogL: -75392.276 / Time: 0h:0m:4s (0h:0m:0s left)
Iteration 100 / LogL: -75382.327 / Time: 0h:0m:5s (0h:0m:0s left)
TREE SEARCH COMPLETED AFTER 101 ITERATIONS / Time: 0h:0m:5s

--------------------------------------------------------------------
|                    FINALIZING TREE SEARCH                        |
--------------------------------------------------------------------
Performs final model parameters optimization
Estimate model parameters (epsilon = 0.010)
1. Initial log-likelihood: -75382.327
Optimal log-likelihood: -75382.327
Gamma shape alpha: 1.074
Parameters optimization took 1 rounds (0.022 sec)
BEST SCORE FOUND : -75382.327
Total tree length: 2.155

Total number of iterations: 101
CPU time used for tree search: 19.150 sec (0h:0m:19s)
Wall-clock time used for tree search: 5.159 sec (0h:0m:5s)
Total CPU time used: 19.859 sec (0h:0m:19s)
Total wall-clock time used: 5.342 sec (0h:0m:5s)

Analysis results written to: 
  IQ-TREE report:                CPMSF/farris_p1.4_q0.1_n10000.fasta.iqtree
  Maximum-likelihood tree:       CPMSF/farris_p1.4_q0.1_n10000.fasta.treefile
  Likelihood distances:          CPMSF/farris_p1.4_q0.1_n10000.fasta.mldist
  Screen log file:               CPMSF/farris_p1.4_q0.1_n10000.fasta.log

Date and Time: Wed Feb 24 08:08:32 2021
