IQ-TREE multicore version 2.1.2 COVID-edition for Linux 64-bit built Oct 22 2020
Developed by Bui Quang Minh, James Barbetti, Nguyen Lam Tung,
Olga Chernomor, Heiko Schmidt, Dominik Schrempf, Michael Woodhams.

Host:    meganeura (AVX2, FMA3, 31 GB RAM)
Command: iqtree2 -nt 4 -s CPMSF/farris_p0.1_q0.1_n10000.fasta -m LG+F+G4
Seed:    480077 (Using SPRNG - Scalable Parallel Random Number Generator)
Time:    Wed Feb 24 08:08:00 2021
Kernel:  AVX+FMA - 4 threads (16 CPU cores detected)

Reading alignment file CPMSF/farris_p0.1_q0.1_n10000.fasta ... Fasta format detected
Alignment most likely contains protein sequences
Alignment has 4 sequences with 10000 columns, 1545 distinct patterns
554 parsimony-informative, 2701 singleton sites, 6745 constant sites
   Gap/Ambiguity  Composition  p-value
   1  2    0.00%    passed     72.59%
   2  3    0.00%    passed     99.32%
   3  5    0.00%    passed     92.77%
   4  6    0.00%    passed     97.79%
****  TOTAL    0.00%  0 sequences failed composition chi2 test (p-value<5%; df=19)

Create initial parsimony tree by phylogenetic likelihood library (PLL)... 0.001 seconds

NOTE: 3 MB RAM (0 GB) is required!
Estimate model parameters (epsilon = 0.100)
1. Initial log-likelihood: -53396.903
2. Current log-likelihood: -53310.532
3. Current log-likelihood: -53307.396
Optimal log-likelihood: -53307.387
Gamma shape alpha: 0.565
Parameters optimization took 3 rounds (0.043 sec)
Computing ML distances based on estimated model parameters...
Computing ML distances took 0.000944 sec (of wall-clock time) 0.000000 sec(of CPU time)
Computing RapidNJ tree took 0.000170 sec (of wall-clock time) 0.000671 sec (of CPU time)
Log-likelihood of RapidNJ tree: -53307.387
--------------------------------------------------------------------
|             INITIALIZING CANDIDATE TREE SET                      |
--------------------------------------------------------------------
Generating 99 parsimony trees... 0.128 second
Computing log-likelihood of 2 initial trees ... 0.011 seconds
Current best score: -53307.387

Do NNI search on 3 best initial trees
Finish initializing candidate tree set (3)
Current best tree score: -53307.387 / CPU time: 0.185
Number of iterations: 3
--------------------------------------------------------------------
|               OPTIMIZING CANDIDATE TREE SET                      |
--------------------------------------------------------------------
UPDATE BEST LOG-LIKELIHOOD: -53307.387
UPDATE BEST LOG-LIKELIHOOD: -53307.387
Iteration 10 / LogL: -54261.265 / Time: 0h:0m:0s
Iteration 20 / LogL: -53307.610 / Time: 0h:0m:0s
UPDATE BEST LOG-LIKELIHOOD: -53307.387
Iteration 30 / LogL: -54193.728 / Time: 0h:0m:0s (0h:0m:1s left)
Iteration 40 / LogL: -53307.610 / Time: 0h:0m:0s (0h:0m:1s left)
Iteration 50 / LogL: -54193.728 / Time: 0h:0m:0s (0h:0m:0s left)
Iteration 60 / LogL: -53307.655 / Time: 0h:0m:0s (0h:0m:0s left)
Iteration 70 / LogL: -53307.655 / Time: 0h:0m:1s (0h:0m:0s left)
Iteration 80 / LogL: -54261.265 / Time: 0h:0m:1s (0h:0m:0s left)
Iteration 90 / LogL: -53307.387 / Time: 0h:0m:1s (0h:0m:0s left)
Iteration 100 / LogL: -54261.265 / Time: 0h:0m:1s (0h:0m:0s left)
TREE SEARCH COMPLETED AFTER 101 ITERATIONS / Time: 0h:0m:1s

--------------------------------------------------------------------
|                    FINALIZING TREE SEARCH                        |
--------------------------------------------------------------------
Performs final model parameters optimization
Estimate model parameters (epsilon = 0.010)
1. Initial log-likelihood: -53307.387
Optimal log-likelihood: -53307.387
Gamma shape alpha: 0.565
Parameters optimization took 1 rounds (0.009 sec)
BEST SCORE FOUND : -53307.387
Total tree length: 0.557

Total number of iterations: 101
CPU time used for tree search: 5.640 sec (0h:0m:5s)
Wall-clock time used for tree search: 1.486 sec (0h:0m:1s)
Total CPU time used: 5.973 sec (0h:0m:5s)
Total wall-clock time used: 1.572 sec (0h:0m:1s)

Analysis results written to: 
  IQ-TREE report:                CPMSF/farris_p0.1_q0.1_n10000.fasta.iqtree
  Maximum-likelihood tree:       CPMSF/farris_p0.1_q0.1_n10000.fasta.treefile
  Likelihood distances:          CPMSF/farris_p0.1_q0.1_n10000.fasta.mldist
  Screen log file:               CPMSF/farris_p0.1_q0.1_n10000.fasta.log

Date and Time: Wed Feb 24 08:08:02 2021
