IQ-TREE multicore version 2.1.2 COVID-edition for Linux 64-bit built Oct 22 2020
Developed by Bui Quang Minh, James Barbetti, Nguyen Lam Tung,
Olga Chernomor, Heiko Schmidt, Dominik Schrempf, Michael Woodhams.

Host:    meganeura (AVX2, FMA3, 31 GB RAM)
Command: iqtree2 -nt 4 -s CPMSF/farris_p1.3_q0.1_n10000.fasta -m LG+F+G4
Seed:    509922 (Using SPRNG - Scalable Parallel Random Number Generator)
Time:    Wed Feb 24 08:08:24 2021
Kernel:  AVX+FMA - 4 threads (16 CPU cores detected)

Reading alignment file CPMSF/farris_p1.3_q0.1_n10000.fasta ... Fasta format detected
Alignment most likely contains protein sequences
Alignment has 4 sequences with 10000 columns, 3212 distinct patterns
644 parsimony-informative, 6042 singleton sites, 3313 constant sites
   Gap/Ambiguity  Composition  p-value
   1  2    0.00%    passed     75.83%
   2  3    0.00%    passed     80.36%
   3  5    0.00%    passed     79.06%
   4  6    0.00%    passed     65.21%
****  TOTAL    0.00%  0 sequences failed composition chi2 test (p-value<5%; df=19)

Create initial parsimony tree by phylogenetic likelihood library (PLL)... 0.002 seconds

NOTE: 8 MB RAM (0 GB) is required!
Estimate model parameters (epsilon = 0.100)
1. Initial log-likelihood: -75365.026
2. Current log-likelihood: -74733.864
Optimal log-likelihood: -74733.776
Gamma shape alpha: 1.030
Parameters optimization took 2 rounds (0.088 sec)
Computing ML distances based on estimated model parameters...
Computing ML distances took 0.000899 sec (of wall-clock time) 0.003381 sec(of CPU time)
Computing RapidNJ tree took 0.000136 sec (of wall-clock time) 0.000514 sec (of CPU time)
Log-likelihood of RapidNJ tree: -74733.776
--------------------------------------------------------------------
|             INITIALIZING CANDIDATE TREE SET                      |
--------------------------------------------------------------------
Generating 99 parsimony trees... 0.243 second
Computing log-likelihood of 2 initial trees ... 0.016 seconds
Current best score: -74733.776

Do NNI search on 3 best initial trees
Finish initializing candidate tree set (3)
Current best tree score: -74733.776 / CPU time: 0.343
Number of iterations: 3
--------------------------------------------------------------------
|               OPTIMIZING CANDIDATE TREE SET                      |
--------------------------------------------------------------------
Iteration 10 / LogL: -74742.368 / Time: 0h:0m:0s
Iteration 20 / LogL: -74741.870 / Time: 0h:0m:1s
Iteration 30 / LogL: -74742.368 / Time: 0h:0m:1s (0h:0m:4s left)
UPDATE BEST LOG-LIKELIHOOD: -74733.776
UPDATE BEST LOG-LIKELIHOOD: -74733.776
Iteration 40 / LogL: -74733.776 / Time: 0h:0m:2s (0h:0m:3s left)
Iteration 50 / LogL: -74742.368 / Time: 0h:0m:2s (0h:0m:2s left)
Iteration 60 / LogL: -74738.268 / Time: 0h:0m:3s (0h:0m:2s left)
Iteration 70 / LogL: -74741.870 / Time: 0h:0m:3s (0h:0m:1s left)
Iteration 80 / LogL: -74743.223 / Time: 0h:0m:3s (0h:0m:0s left)
Iteration 90 / LogL: -74743.223 / Time: 0h:0m:4s (0h:0m:0s left)
Iteration 100 / LogL: -74733.776 / Time: 0h:0m:4s (0h:0m:0s left)
TREE SEARCH COMPLETED AFTER 101 ITERATIONS / Time: 0h:0m:4s

--------------------------------------------------------------------
|                    FINALIZING TREE SEARCH                        |
--------------------------------------------------------------------
Performs final model parameters optimization
Estimate model parameters (epsilon = 0.010)
1. Initial log-likelihood: -74733.776
Optimal log-likelihood: -74733.774
Gamma shape alpha: 1.032
Parameters optimization took 1 rounds (0.019 sec)
BEST SCORE FOUND : -74733.774
Total tree length: 2.103

Total number of iterations: 101
CPU time used for tree search: 18.141 sec (0h:0m:18s)
Wall-clock time used for tree search: 4.759 sec (0h:0m:4s)
Total CPU time used: 18.805 sec (0h:0m:18s)
Total wall-clock time used: 4.944 sec (0h:0m:4s)

Analysis results written to: 
  IQ-TREE report:                CPMSF/farris_p1.3_q0.1_n10000.fasta.iqtree
  Maximum-likelihood tree:       CPMSF/farris_p1.3_q0.1_n10000.fasta.treefile
  Likelihood distances:          CPMSF/farris_p1.3_q0.1_n10000.fasta.mldist
  Screen log file:               CPMSF/farris_p1.3_q0.1_n10000.fasta.log

Date and Time: Wed Feb 24 08:08:29 2021
