IQ-TREE multicore version 2.1.2 COVID-edition for Linux 64-bit built Oct 22 2020
Developed by Bui Quang Minh, James Barbetti, Nguyen Lam Tung,
Olga Chernomor, Heiko Schmidt, Dominik Schrempf, Michael Woodhams.

Host:    meganeura (AVX2, FMA3, 31 GB RAM)
Command: iqtree2 -nt 4 -s CPMSF/farris_p1.8_q0.1_n10000.fasta -m LG+F+G4
Seed:    831017 (Using SPRNG - Scalable Parallel Random Number Generator)
Time:    Wed Feb 24 08:08:39 2021
Kernel:  AVX+FMA - 4 threads (16 CPU cores detected)

Reading alignment file CPMSF/farris_p1.8_q0.1_n10000.fasta ... Fasta format detected
Alignment most likely contains protein sequences
Alignment has 4 sequences with 10000 columns, 3400 distinct patterns
694 parsimony-informative, 6415 singleton sites, 2891 constant sites
   Gap/Ambiguity  Composition  p-value
   1  2    0.00%    passed     76.49%
   2  3    0.00%    passed     81.91%
   3  5    0.00%    passed     83.43%
   4  6    0.00%    passed     82.90%
****  TOTAL    0.00%  0 sequences failed composition chi2 test (p-value<5%; df=19)

Create initial parsimony tree by phylogenetic likelihood library (PLL)... 0.002 seconds

NOTE: 8 MB RAM (0 GB) is required!
Estimate model parameters (epsilon = 0.100)
1. Initial log-likelihood: -77794.061
2. Current log-likelihood: -77060.277
3. Current log-likelihood: -77057.289
4. Current log-likelihood: -77057.037
Optimal log-likelihood: -77057.015
Gamma shape alpha: 1.200
Parameters optimization took 4 rounds (0.244 sec)
Computing ML distances based on estimated model parameters...
Computing ML distances took 0.001279 sec (of wall-clock time) 0.005036 sec(of CPU time)
Computing RapidNJ tree took 0.000058 sec (of wall-clock time) 0.000135 sec (of CPU time)
Log-likelihood of RapidNJ tree: -77057.015
--------------------------------------------------------------------
|             INITIALIZING CANDIDATE TREE SET                      |
--------------------------------------------------------------------
Generating 99 parsimony trees... 0.322 second
Computing log-likelihood of 2 initial trees ... 0.018 seconds
Current best score: -77057.015

Do NNI search on 3 best initial trees
Finish initializing candidate tree set (3)
Current best tree score: -77057.015 / CPU time: 0.435
Number of iterations: 3
--------------------------------------------------------------------
|               OPTIMIZING CANDIDATE TREE SET                      |
--------------------------------------------------------------------
Iteration 10 / LogL: -77062.560 / Time: 0h:0m:1s
Iteration 20 / LogL: -77067.816 / Time: 0h:0m:1s
Iteration 30 / LogL: -77068.958 / Time: 0h:0m:2s (0h:0m:5s left)
UPDATE BEST LOG-LIKELIHOOD: -77057.015
Iteration 40 / LogL: -77068.969 / Time: 0h:0m:2s (0h:0m:4s left)
UPDATE BEST LOG-LIKELIHOOD: -77057.015
Iteration 50 / LogL: -77062.560 / Time: 0h:0m:3s (0h:0m:3s left)
Iteration 60 / LogL: -77067.816 / Time: 0h:0m:3s (0h:0m:2s left)
Iteration 70 / LogL: -77062.560 / Time: 0h:0m:4s (0h:0m:1s left)
Iteration 80 / LogL: -77057.015 / Time: 0h:0m:4s (0h:0m:1s left)
Iteration 90 / LogL: -77067.865 / Time: 0h:0m:5s (0h:0m:0s left)
Iteration 100 / LogL: -77067.816 / Time: 0h:0m:5s (0h:0m:0s left)
TREE SEARCH COMPLETED AFTER 101 ITERATIONS / Time: 0h:0m:5s

--------------------------------------------------------------------
|                    FINALIZING TREE SEARCH                        |
--------------------------------------------------------------------
Performs final model parameters optimization
Estimate model parameters (epsilon = 0.010)
1. Initial log-likelihood: -77057.015
Optimal log-likelihood: -77057.014
Gamma shape alpha: 1.202
Parameters optimization took 1 rounds (0.022 sec)
BEST SCORE FOUND : -77057.014
Total tree length: 2.339

Total number of iterations: 101
CPU time used for tree search: 20.335 sec (0h:0m:20s)
Wall-clock time used for tree search: 5.492 sec (0h:0m:5s)
Total CPU time used: 21.520 sec (0h:0m:21s)
Total wall-clock time used: 5.829 sec (0h:0m:5s)

Analysis results written to: 
  IQ-TREE report:                CPMSF/farris_p1.8_q0.1_n10000.fasta.iqtree
  Maximum-likelihood tree:       CPMSF/farris_p1.8_q0.1_n10000.fasta.treefile
  Likelihood distances:          CPMSF/farris_p1.8_q0.1_n10000.fasta.mldist
  Screen log file:               CPMSF/farris_p1.8_q0.1_n10000.fasta.log

Date and Time: Wed Feb 24 08:08:45 2021
