IQ-TREE multicore version 2.1.2 COVID-edition for Linux 64-bit built Oct 22 2020
Developed by Bui Quang Minh, James Barbetti, Nguyen Lam Tung,
Olga Chernomor, Heiko Schmidt, Dominik Schrempf, Michael Woodhams.

Host:    meganeura (AVX2, FMA3, 31 GB RAM)
Command: iqtree2 -nt 4 -s CPMSF/farris_p0.8_q0.1_n10000.fasta -m LG+F+G4
Seed:    305738 (Using SPRNG - Scalable Parallel Random Number Generator)
Time:    Wed Feb 24 08:08:12 2021
Kernel:  AVX+FMA - 4 threads (16 CPU cores detected)

Reading alignment file CPMSF/farris_p0.8_q0.1_n10000.fasta ... Fasta format detected
Alignment most likely contains protein sequences
Alignment has 4 sequences with 10000 columns, 2879 distinct patterns
557 parsimony-informative, 5397 singleton sites, 4046 constant sites
   Gap/Ambiguity  Composition  p-value
   1  2    0.00%    passed     90.82%
   2  3    0.00%    passed     94.64%
   3  5    0.00%    passed     76.98%
   4  6    0.00%    passed     42.36%
****  TOTAL    0.00%  0 sequences failed composition chi2 test (p-value<5%; df=19)

Create initial parsimony tree by phylogenetic likelihood library (PLL)... 0.007 seconds

NOTE: 7 MB RAM (0 GB) is required!
Estimate model parameters (epsilon = 0.100)
1. Initial log-likelihood: -70964.713
2. Current log-likelihood: -70478.045
3. Current log-likelihood: -70475.428
Optimal log-likelihood: -70475.318
Gamma shape alpha: 0.837
Parameters optimization took 3 rounds (0.149 sec)
Computing ML distances based on estimated model parameters...
Computing ML distances took 0.001002 sec (of wall-clock time) 0.003990 sec(of CPU time)
Computing RapidNJ tree took 0.000046 sec (of wall-clock time) 0.000125 sec (of CPU time)
Log-likelihood of RapidNJ tree: -70721.140
--------------------------------------------------------------------
|             INITIALIZING CANDIDATE TREE SET                      |
--------------------------------------------------------------------
Generating 98 parsimony trees... 0.277 second
Computing log-likelihood of 1 initial trees ... 0.009 seconds
Current best score: -70475.318

Do NNI search on 3 best initial trees
Finish initializing candidate tree set (3)
Current best tree score: -70475.318 / CPU time: 0.353
Number of iterations: 3
--------------------------------------------------------------------
|               OPTIMIZING CANDIDATE TREE SET                      |
--------------------------------------------------------------------
UPDATE BEST LOG-LIKELIHOOD: -70475.318
Iteration 10 / LogL: -70479.677 / Time: 0h:0m:0s
UPDATE BEST LOG-LIKELIHOOD: -70475.318
UPDATE BEST LOG-LIKELIHOOD: -70475.318
Iteration 20 / LogL: -70475.318 / Time: 0h:0m:1s
Iteration 30 / LogL: -70479.677 / Time: 0h:0m:1s (0h:0m:3s left)
Iteration 40 / LogL: -70698.531 / Time: 0h:0m:1s (0h:0m:2s left)
Iteration 50 / LogL: -70480.430 / Time: 0h:0m:2s (0h:0m:2s left)
Iteration 60 / LogL: -70478.465 / Time: 0h:0m:2s (0h:0m:1s left)
Iteration 70 / LogL: -70480.493 / Time: 0h:0m:3s (0h:0m:1s left)
Iteration 80 / LogL: -70478.465 / Time: 0h:0m:3s (0h:0m:0s left)
Iteration 90 / LogL: -70480.430 / Time: 0h:0m:3s (0h:0m:0s left)
Iteration 100 / LogL: -70480.430 / Time: 0h:0m:3s (0h:0m:0s left)
TREE SEARCH COMPLETED AFTER 101 ITERATIONS / Time: 0h:0m:3s

--------------------------------------------------------------------
|                    FINALIZING TREE SEARCH                        |
--------------------------------------------------------------------
Performs final model parameters optimization
Estimate model parameters (epsilon = 0.010)
1. Initial log-likelihood: -70475.318
Optimal log-likelihood: -70475.316
Gamma shape alpha: 0.835
Parameters optimization took 1 rounds (0.019 sec)
BEST SCORE FOUND : -70475.316
Total tree length: 1.703

Total number of iterations: 101
CPU time used for tree search: 13.868 sec (0h:0m:13s)
Wall-clock time used for tree search: 3.769 sec (0h:0m:3s)
Total CPU time used: 14.705 sec (0h:0m:14s)
Total wall-clock time used: 3.996 sec (0h:0m:3s)

Analysis results written to: 
  IQ-TREE report:                CPMSF/farris_p0.8_q0.1_n10000.fasta.iqtree
  Maximum-likelihood tree:       CPMSF/farris_p0.8_q0.1_n10000.fasta.treefile
  Likelihood distances:          CPMSF/farris_p0.8_q0.1_n10000.fasta.mldist
  Screen log file:               CPMSF/farris_p0.8_q0.1_n10000.fasta.log

Date and Time: Wed Feb 24 08:08:16 2021
