IQ-TREE multicore version 2.1.2 COVID-edition for Linux 64-bit built Oct 22 2020
Developed by Bui Quang Minh, James Barbetti, Nguyen Lam Tung,
Olga Chernomor, Heiko Schmidt, Dominik Schrempf, Michael Woodhams.

Host:    meganeura (AVX2, FMA3, 31 GB RAM)
Command: iqtree2 -nt 4 -s CPMSF/farris_p0.5_q0.1_n10000.fasta -m LG+F+G4
Seed:    27854 (Using SPRNG - Scalable Parallel Random Number Generator)
Time:    Wed Feb 24 08:08:06 2021
Kernel:  AVX+FMA - 4 threads (16 CPU cores detected)

Reading alignment file CPMSF/farris_p0.5_q0.1_n10000.fasta ... Fasta format detected
Alignment most likely contains protein sequences
Alignment has 4 sequences with 10000 columns, 2550 distinct patterns
545 parsimony-informative, 4679 singleton sites, 4776 constant sites
   Gap/Ambiguity  Composition  p-value
   1  2    0.00%    passed     92.21%
   2  3    0.00%    passed     98.87%
   3  5    0.00%    passed     79.33%
   4  6    0.00%    passed     71.37%
****  TOTAL    0.00%  0 sequences failed composition chi2 test (p-value<5%; df=19)

Create initial parsimony tree by phylogenetic likelihood library (PLL)... 0.002 seconds

NOTE: 6 MB RAM (0 GB) is required!
Estimate model parameters (epsilon = 0.100)
1. Initial log-likelihood: -66674.284
2. Current log-likelihood: -66330.287
3. Current log-likelihood: -66324.873
4. Current log-likelihood: -66324.769
Optimal log-likelihood: -66324.759
Gamma shape alpha: 0.720
Parameters optimization took 4 rounds (0.143 sec)
Computing ML distances based on estimated model parameters...
Computing ML distances took 0.001028 sec (of wall-clock time) 0.003117 sec(of CPU time)
Computing RapidNJ tree took 0.000037 sec (of wall-clock time) 0.000086 sec (of CPU time)
Log-likelihood of RapidNJ tree: -66609.886
--------------------------------------------------------------------
|             INITIALIZING CANDIDATE TREE SET                      |
--------------------------------------------------------------------
Generating 98 parsimony trees... 0.168 second
Computing log-likelihood of 1 initial trees ... 0.008 seconds
Current best score: -66324.759

Do NNI search on 3 best initial trees
Finish initializing candidate tree set (3)
Current best tree score: -66324.759 / CPU time: 0.338
Number of iterations: 3
--------------------------------------------------------------------
|               OPTIMIZING CANDIDATE TREE SET                      |
--------------------------------------------------------------------
Iteration 10 / LogL: -66326.938 / Time: 0h:0m:0s
Iteration 20 / LogL: -66596.364 / Time: 0h:0m:0s
UPDATE BEST LOG-LIKELIHOOD: -66324.759
Iteration 30 / LogL: -66560.200 / Time: 0h:0m:1s (0h:0m:2s left)
UPDATE BEST LOG-LIKELIHOOD: -66324.759
Iteration 40 / LogL: -66327.495 / Time: 0h:0m:1s (0h:0m:1s left)
UPDATE BEST LOG-LIKELIHOOD: -66324.759
Iteration 50 / LogL: -66324.759 / Time: 0h:0m:1s (0h:0m:1s left)
UPDATE BEST LOG-LIKELIHOOD: -66324.759
Iteration 60 / LogL: -66596.364 / Time: 0h:0m:1s (0h:0m:1s left)
Iteration 70 / LogL: -66327.739 / Time: 0h:0m:1s (0h:0m:0s left)
Iteration 80 / LogL: -66560.200 / Time: 0h:0m:2s (0h:0m:0s left)
Iteration 90 / LogL: -66327.495 / Time: 0h:0m:2s (0h:0m:0s left)
Iteration 100 / LogL: -66327.495 / Time: 0h:0m:2s (0h:0m:0s left)
TREE SEARCH COMPLETED AFTER 101 ITERATIONS / Time: 0h:0m:2s

--------------------------------------------------------------------
|                    FINALIZING TREE SEARCH                        |
--------------------------------------------------------------------
Performs final model parameters optimization
Estimate model parameters (epsilon = 0.010)
1. Initial log-likelihood: -66324.759
Optimal log-likelihood: -66324.759
Gamma shape alpha: 0.719
Parameters optimization took 1 rounds (0.015 sec)
BEST SCORE FOUND : -66324.759
Total tree length: 1.325

Total number of iterations: 101
CPU time used for tree search: 9.816 sec (0h:0m:9s)
Wall-clock time used for tree search: 2.564 sec (0h:0m:2s)
Total CPU time used: 10.594 sec (0h:0m:10s)
Total wall-clock time used: 2.779 sec (0h:0m:2s)

Analysis results written to: 
  IQ-TREE report:                CPMSF/farris_p0.5_q0.1_n10000.fasta.iqtree
  Maximum-likelihood tree:       CPMSF/farris_p0.5_q0.1_n10000.fasta.treefile
  Likelihood distances:          CPMSF/farris_p0.5_q0.1_n10000.fasta.mldist
  Screen log file:               CPMSF/farris_p0.5_q0.1_n10000.fasta.log

Date and Time: Wed Feb 24 08:08:08 2021
