IQ-TREE multicore version 2.1.2 COVID-edition for Linux 64-bit built Oct 22 2020
Developed by Bui Quang Minh, James Barbetti, Nguyen Lam Tung,
Olga Chernomor, Heiko Schmidt, Dominik Schrempf, Michael Woodhams.

Host:    meganeura (AVX2, FMA3, 31 GB RAM)
Command: iqtree2 -nt 4 -s CPMSF/felsenstein_p0.8_q0.1_n10000.fasta -m LG+F+G4
Seed:    400518 (Using SPRNG - Scalable Parallel Random Number Generator)
Time:    Mon Jul 11 11:56:07 2022
Kernel:  AVX+FMA - 4 threads (16 CPU cores detected)

Reading alignment file CPMSF/felsenstein_p0.8_q0.1_n10000.fasta ... Fasta format detected
Alignment most likely contains protein sequences
Alignment has 4 sequences with 10000 columns, 3197 distinct patterns
532 parsimony-informative, 5303 singleton sites, 4165 constant sites
   Gap/Ambiguity  Composition  p-value
   1  2    0.00%    passed     99.99%
   2  3    0.00%    passed     98.67%
   3  5    0.00%    passed    100.00%
   4  6    0.00%    passed     99.12%
****  TOTAL    0.00%  0 sequences failed composition chi2 test (p-value<5%; df=19)

Create initial parsimony tree by phylogenetic likelihood library (PLL)... 0.002 seconds

NOTE: 7 MB RAM (0 GB) is required!
Estimate model parameters (epsilon = 0.100)
1. Initial log-likelihood: -71703.289
2. Current log-likelihood: -71212.652
3. Current log-likelihood: -71206.092
4. Current log-likelihood: -71205.941
Optimal log-likelihood: -71205.936
Gamma shape alpha: 0.740
Parameters optimization took 4 rounds (0.138 sec)
Computing ML distances based on estimated model parameters...
Computing ML distances took 0.001414 sec (of wall-clock time) 0.005623 sec(of CPU time)
Computing RapidNJ tree took 0.000053 sec (of wall-clock time) 0.000126 sec (of CPU time)
Log-likelihood of RapidNJ tree: -71246.418
--------------------------------------------------------------------
|             INITIALIZING CANDIDATE TREE SET                      |
--------------------------------------------------------------------
Generating 98 parsimony trees... 0.241 second
Computing log-likelihood of 1 initial trees ... 0.011 seconds
Current best score: -71205.936

Do NNI search on 3 best initial trees
Finish initializing candidate tree set (3)
Current best tree score: -71205.936 / CPU time: 0.341
Number of iterations: 3
--------------------------------------------------------------------
|               OPTIMIZING CANDIDATE TREE SET                      |
--------------------------------------------------------------------
Iteration 10 / LogL: -71206.120 / Time: 0h:0m:0s
UPDATE BEST LOG-LIKELIHOOD: -71205.936
UPDATE BEST LOG-LIKELIHOOD: -71205.936
Iteration 20 / LogL: -71206.118 / Time: 0h:0m:1s
UPDATE BEST LOG-LIKELIHOOD: -71205.936
Iteration 30 / LogL: -71205.936 / Time: 0h:0m:1s (0h:0m:4s left)
Iteration 40 / LogL: -71206.120 / Time: 0h:0m:2s (0h:0m:3s left)
Iteration 50 / LogL: -71206.120 / Time: 0h:0m:2s (0h:0m:2s left)
Iteration 60 / LogL: -71207.660 / Time: 0h:0m:2s (0h:0m:1s left)
Iteration 70 / LogL: -71206.118 / Time: 0h:0m:3s (0h:0m:1s left)
Iteration 80 / LogL: -71207.731 / Time: 0h:0m:3s (0h:0m:0s left)
Iteration 90 / LogL: -71205.936 / Time: 0h:0m:4s (0h:0m:0s left)
Iteration 100 / LogL: -71205.936 / Time: 0h:0m:4s (0h:0m:0s left)
TREE SEARCH COMPLETED AFTER 101 ITERATIONS / Time: 0h:0m:4s

--------------------------------------------------------------------
|                    FINALIZING TREE SEARCH                        |
--------------------------------------------------------------------
Performs final model parameters optimization
Estimate model parameters (epsilon = 0.010)
1. Initial log-likelihood: -71205.936
Optimal log-likelihood: -71205.936
Gamma shape alpha: 0.740
Parameters optimization took 1 rounds (0.018 sec)
BEST SCORE FOUND : -71205.936
Total tree length: 1.727

Total number of iterations: 101
CPU time used for tree search: 17.725 sec (0h:0m:17s)
Wall-clock time used for tree search: 4.439 sec (0h:0m:4s)
Total CPU time used: 18.601 sec (0h:0m:18s)
Total wall-clock time used: 4.657 sec (0h:0m:4s)

Analysis results written to: 
  IQ-TREE report:                CPMSF/felsenstein_p0.8_q0.1_n10000.fasta.iqtree
  Maximum-likelihood tree:       CPMSF/felsenstein_p0.8_q0.1_n10000.fasta.treefile
  Likelihood distances:          CPMSF/felsenstein_p0.8_q0.1_n10000.fasta.mldist
  Screen log file:               CPMSF/felsenstein_p0.8_q0.1_n10000.fasta.log

Date and Time: Mon Jul 11 11:56:12 2022
