IQ-TREE multicore version 2.1.2 COVID-edition for Linux 64-bit built Oct 22 2020
Developed by Bui Quang Minh, James Barbetti, Nguyen Lam Tung,
Olga Chernomor, Heiko Schmidt, Dominik Schrempf, Michael Woodhams.

Host:    meganeura (AVX2, FMA3, 31 GB RAM)
Command: iqtree2 -nt 4 -s CPMSF/felsenstein_p1.7_q0.1_n10000.fasta -m LG+F+G4
Seed:    274359 (Using SPRNG - Scalable Parallel Random Number Generator)
Time:    Wed Feb 24 08:09:29 2021
Kernel:  AVX+FMA - 4 threads (16 CPU cores detected)

Reading alignment file CPMSF/felsenstein_p1.7_q0.1_n10000.fasta ... Fasta format detected
Alignment most likely contains protein sequences
Alignment has 4 sequences with 10000 columns, 3516 distinct patterns
715 parsimony-informative, 6300 singleton sites, 2985 constant sites
   Gap/Ambiguity  Composition  p-value
   1  2    0.00%    passed     38.27%
   2  3    0.00%    passed     46.84%
   3  5    0.00%    passed     14.84%
   4  6    0.00%    passed     76.71%
****  TOTAL    0.00%  0 sequences failed composition chi2 test (p-value<5%; df=19)

Create initial parsimony tree by phylogenetic likelihood library (PLL)... 0.002 seconds

NOTE: 8 MB RAM (0 GB) is required!
Estimate model parameters (epsilon = 0.100)
1. Initial log-likelihood: -78944.652
2. Current log-likelihood: -78225.635
3. Current log-likelihood: -78224.668
Optimal log-likelihood: -78224.605
Gamma shape alpha: 1.104
Parameters optimization took 3 rounds (0.122 sec)
Computing ML distances based on estimated model parameters...
Computing ML distances took 0.000820 sec (of wall-clock time) 0.003285 sec(of CPU time)
Computing RapidNJ tree took 0.000211 sec (of wall-clock time) 0.000851 sec (of CPU time)
Log-likelihood of RapidNJ tree: -78224.605
--------------------------------------------------------------------
|             INITIALIZING CANDIDATE TREE SET                      |
--------------------------------------------------------------------
Generating 99 parsimony trees... 0.257 second
Computing log-likelihood of 2 initial trees ... 0.015 seconds
Current best score: -78224.605

Do NNI search on 3 best initial trees
Finish initializing candidate tree set (3)
Current best tree score: -78224.605 / CPU time: 0.381
Number of iterations: 3
--------------------------------------------------------------------
|               OPTIMIZING CANDIDATE TREE SET                      |
--------------------------------------------------------------------
Iteration 10 / LogL: -78230.606 / Time: 0h:0m:1s
UPDATE BEST LOG-LIKELIHOOD: -78224.605
Iteration 20 / LogL: -78230.606 / Time: 0h:0m:1s
Iteration 30 / LogL: -78230.606 / Time: 0h:0m:1s (0h:0m:4s left)
Iteration 40 / LogL: -78230.669 / Time: 0h:0m:2s (0h:0m:3s left)
Iteration 50 / LogL: -78230.606 / Time: 0h:0m:3s (0h:0m:3s left)
Iteration 60 / LogL: -78224.605 / Time: 0h:0m:3s (0h:0m:2s left)
Iteration 70 / LogL: -78230.606 / Time: 0h:0m:4s (0h:0m:1s left)
Iteration 80 / LogL: -78224.605 / Time: 0h:0m:4s (0h:0m:1s left)
Iteration 90 / LogL: -78230.606 / Time: 0h:0m:5s (0h:0m:0s left)
Iteration 100 / LogL: -78224.605 / Time: 0h:0m:5s (0h:0m:0s left)
TREE SEARCH COMPLETED AFTER 101 ITERATIONS / Time: 0h:0m:5s

--------------------------------------------------------------------
|                    FINALIZING TREE SEARCH                        |
--------------------------------------------------------------------
Performs final model parameters optimization
Estimate model parameters (epsilon = 0.010)
1. Initial log-likelihood: -78224.605
Optimal log-likelihood: -78224.603
Gamma shape alpha: 1.106
Parameters optimization took 1 rounds (0.021 sec)
BEST SCORE FOUND : -78224.603
Total tree length: 2.359

Total number of iterations: 101
CPU time used for tree search: 20.492 sec (0h:0m:20s)
Wall-clock time used for tree search: 5.515 sec (0h:0m:5s)
Total CPU time used: 21.237 sec (0h:0m:21s)
Total wall-clock time used: 5.725 sec (0h:0m:5s)

Analysis results written to: 
  IQ-TREE report:                CPMSF/felsenstein_p1.7_q0.1_n10000.fasta.iqtree
  Maximum-likelihood tree:       CPMSF/felsenstein_p1.7_q0.1_n10000.fasta.treefile
  Likelihood distances:          CPMSF/felsenstein_p1.7_q0.1_n10000.fasta.mldist
  Screen log file:               CPMSF/felsenstein_p1.7_q0.1_n10000.fasta.log

Date and Time: Wed Feb 24 08:09:35 2021
