IQ-TREE multicore version 2.1.2 COVID-edition for Linux 64-bit built Oct 22 2020
Developed by Bui Quang Minh, James Barbetti, Nguyen Lam Tung,
Olga Chernomor, Heiko Schmidt, Dominik Schrempf, Michael Woodhams.

Host:    meganeura (AVX2, FMA3, 31 GB RAM)
Command: iqtree2 -nt 4 -s CPMSF/felsenstein_p0.3_q0.1_n10000.fasta -m LG+F+G4
Seed:    656259 (Using SPRNG - Scalable Parallel Random Number Generator)
Time:    Wed Feb 24 08:08:54 2021
Kernel:  AVX+FMA - 4 threads (16 CPU cores detected)

Reading alignment file CPMSF/felsenstein_p0.3_q0.1_n10000.fasta ... Fasta format detected
Alignment most likely contains protein sequences
Alignment has 4 sequences with 10000 columns, 2230 distinct patterns
503 parsimony-informative, 3908 singleton sites, 5588 constant sites
   Gap/Ambiguity  Composition  p-value
   1  2    0.00%    passed     71.30%
   2  3    0.00%    passed     99.84%
   3  5    0.00%    passed     85.41%
   4  6    0.00%    passed     96.56%
****  TOTAL    0.00%  0 sequences failed composition chi2 test (p-value<5%; df=19)

Create initial parsimony tree by phylogenetic likelihood library (PLL)... 0.001 seconds

NOTE: 5 MB RAM (0 GB) is required!
Estimate model parameters (epsilon = 0.100)
1. Initial log-likelihood: -62244.984
2. Current log-likelihood: -61978.791
3. Current log-likelihood: -61970.563
Optimal log-likelihood: -61970.523
Gamma shape alpha: 0.583
Parameters optimization took 3 rounds (0.123 sec)
Computing ML distances based on estimated model parameters...
Computing ML distances took 0.000908 sec (of wall-clock time) 0.003620 sec(of CPU time)
Computing RapidNJ tree took 0.000072 sec (of wall-clock time) 0.000282 sec (of CPU time)
Log-likelihood of RapidNJ tree: -61970.523
--------------------------------------------------------------------
|             INITIALIZING CANDIDATE TREE SET                      |
--------------------------------------------------------------------
Generating 99 parsimony trees... 0.193 second
Computing log-likelihood of 2 initial trees ... 0.013 seconds
Current best score: -61970.523

Do NNI search on 3 best initial trees
Finish initializing candidate tree set (3)
Current best tree score: -61970.523 / CPU time: 0.260
Number of iterations: 3
--------------------------------------------------------------------
|               OPTIMIZING CANDIDATE TREE SET                      |
--------------------------------------------------------------------
UPDATE BEST LOG-LIKELIHOOD: -61970.523
Iteration 10 / LogL: -61970.523 / Time: 0h:0m:0s
UPDATE BEST LOG-LIKELIHOOD: -61970.523
Iteration 20 / LogL: -61970.662 / Time: 0h:0m:0s
Iteration 30 / LogL: -61970.703 / Time: 0h:0m:0s (0h:0m:2s left)
Iteration 40 / LogL: -62251.146 / Time: 0h:0m:1s (0h:0m:1s left)
Iteration 50 / LogL: -62349.037 / Time: 0h:0m:1s (0h:0m:1s left)
Iteration 60 / LogL: -61970.523 / Time: 0h:0m:1s (0h:0m:0s left)
Iteration 70 / LogL: -61970.662 / Time: 0h:0m:1s (0h:0m:0s left)
Iteration 80 / LogL: -61970.677 / Time: 0h:0m:1s (0h:0m:0s left)
Iteration 90 / LogL: -61970.703 / Time: 0h:0m:2s (0h:0m:0s left)
Iteration 100 / LogL: -62349.037 / Time: 0h:0m:2s (0h:0m:0s left)
TREE SEARCH COMPLETED AFTER 101 ITERATIONS / Time: 0h:0m:2s

--------------------------------------------------------------------
|                    FINALIZING TREE SEARCH                        |
--------------------------------------------------------------------
Performs final model parameters optimization
Estimate model parameters (epsilon = 0.010)
1. Initial log-likelihood: -61970.523
Optimal log-likelihood: -61970.523
Gamma shape alpha: 0.583
Parameters optimization took 1 rounds (0.024 sec)
BEST SCORE FOUND : -61970.523
Total tree length: 1.006

Total number of iterations: 101
CPU time used for tree search: 8.139 sec (0h:0m:8s)
Wall-clock time used for tree search: 2.178 sec (0h:0m:2s)
Total CPU time used: 8.826 sec (0h:0m:8s)
Total wall-clock time used: 2.397 sec (0h:0m:2s)

Analysis results written to: 
  IQ-TREE report:                CPMSF/felsenstein_p0.3_q0.1_n10000.fasta.iqtree
  Maximum-likelihood tree:       CPMSF/felsenstein_p0.3_q0.1_n10000.fasta.treefile
  Likelihood distances:          CPMSF/felsenstein_p0.3_q0.1_n10000.fasta.mldist
  Screen log file:               CPMSF/felsenstein_p0.3_q0.1_n10000.fasta.log

Date and Time: Wed Feb 24 08:08:57 2021
