IQ-TREE multicore version 2.1.2 COVID-edition for Linux 64-bit built Oct 22 2020
Developed by Bui Quang Minh, James Barbetti, Nguyen Lam Tung,
Olga Chernomor, Heiko Schmidt, Dominik Schrempf, Michael Woodhams.

Host:    meganeura (AVX2, FMA3, 31 GB RAM)
Command: iqtree2 -nt 4 -s CPMSF/felsenstein_p1.9_q0.1_n10000.fasta -m LG+F+G4
Seed:    558751 (Using SPRNG - Scalable Parallel Random Number Generator)
Time:    Mon Jul 11 11:56:21 2022
Kernel:  AVX+FMA - 4 threads (16 CPU cores detected)

Reading alignment file CPMSF/felsenstein_p1.9_q0.1_n10000.fasta ... Fasta format detected
Alignment most likely contains protein sequences
Alignment has 4 sequences with 10000 columns, 3832 distinct patterns
689 parsimony-informative, 6459 singleton sites, 2852 constant sites
   Gap/Ambiguity  Composition  p-value
   1  2    0.00%    passed     99.85%
   2  3    0.00%    passed     99.75%
   3  5    0.00%    passed    100.00%
   4  6    0.00%    passed     99.65%
****  TOTAL    0.00%  0 sequences failed composition chi2 test (p-value<5%; df=19)

Create initial parsimony tree by phylogenetic likelihood library (PLL)... 0.003 seconds

NOTE: 9 MB RAM (0 GB) is required!
Estimate model parameters (epsilon = 0.100)
1. Initial log-likelihood: -79175.681
2. Current log-likelihood: -78473.284
3. Current log-likelihood: -78470.603
4. Current log-likelihood: -78470.426
Optimal log-likelihood: -78470.414
Gamma shape alpha: 1.184
Parameters optimization took 4 rounds (0.171 sec)
Computing ML distances based on estimated model parameters...
Computing ML distances took 0.001218 sec (of wall-clock time) 0.004863 sec(of CPU time)
Computing RapidNJ tree took 0.000055 sec (of wall-clock time) 0.000157 sec (of CPU time)
Log-likelihood of RapidNJ tree: -78470.414
--------------------------------------------------------------------
|             INITIALIZING CANDIDATE TREE SET                      |
--------------------------------------------------------------------
Generating 99 parsimony trees... 0.289 second
Computing log-likelihood of 2 initial trees ... 0.022 seconds
Current best score: -78470.414

Do NNI search on 3 best initial trees
Finish initializing candidate tree set (3)
Current best tree score: -78470.414 / CPU time: 0.433
Number of iterations: 3
--------------------------------------------------------------------
|               OPTIMIZING CANDIDATE TREE SET                      |
--------------------------------------------------------------------
UPDATE BEST LOG-LIKELIHOOD: -78470.414
Iteration 10 / LogL: -78470.414 / Time: 0h:0m:1s
UPDATE BEST LOG-LIKELIHOOD: -78470.414
Iteration 20 / LogL: -78475.000 / Time: 0h:0m:1s
Iteration 30 / LogL: -78477.672 / Time: 0h:0m:2s (0h:0m:5s left)
Iteration 40 / LogL: -78475.000 / Time: 0h:0m:2s (0h:0m:4s left)
Iteration 50 / LogL: -78475.000 / Time: 0h:0m:3s (0h:0m:3s left)
Iteration 60 / LogL: -78477.672 / Time: 0h:0m:3s (0h:0m:2s left)
Iteration 70 / LogL: -78477.721 / Time: 0h:0m:4s (0h:0m:1s left)
Iteration 80 / LogL: -78477.672 / Time: 0h:0m:4s (0h:0m:1s left)
Iteration 90 / LogL: -78477.721 / Time: 0h:0m:4s (0h:0m:0s left)
Iteration 100 / LogL: -78477.672 / Time: 0h:0m:4s (0h:0m:0s left)
TREE SEARCH COMPLETED AFTER 101 ITERATIONS / Time: 0h:0m:4s

--------------------------------------------------------------------
|                    FINALIZING TREE SEARCH                        |
--------------------------------------------------------------------
Performs final model parameters optimization
Estimate model parameters (epsilon = 0.010)
1. Initial log-likelihood: -78470.414
Optimal log-likelihood: -78470.414
Gamma shape alpha: 1.186
Parameters optimization took 1 rounds (0.010 sec)
BEST SCORE FOUND : -78470.414
Total tree length: 2.349

Total number of iterations: 101
CPU time used for tree search: 18.465 sec (0h:0m:18s)
Wall-clock time used for tree search: 4.628 sec (0h:0m:4s)
Total CPU time used: 19.449 sec (0h:0m:19s)
Total wall-clock time used: 4.874 sec (0h:0m:4s)

Analysis results written to: 
  IQ-TREE report:                CPMSF/felsenstein_p1.9_q0.1_n10000.fasta.iqtree
  Maximum-likelihood tree:       CPMSF/felsenstein_p1.9_q0.1_n10000.fasta.treefile
  Likelihood distances:          CPMSF/felsenstein_p1.9_q0.1_n10000.fasta.mldist
  Screen log file:               CPMSF/felsenstein_p1.9_q0.1_n10000.fasta.log

Date and Time: Mon Jul 11 11:56:26 2022
