IQ-TREE multicore version 2.1.2 COVID-edition for Linux 64-bit built Oct 22 2020
Developed by Bui Quang Minh, James Barbetti, Nguyen Lam Tung,
Olga Chernomor, Heiko Schmidt, Dominik Schrempf, Michael Woodhams.

Host:    meganeura (AVX2, FMA3, 31 GB RAM)
Command: iqtree2 -nt 4 -s CPMSF/felsenstein_p0.7_q0.1_n10000.fasta -m LG+F+G4
Seed:    432518 (Using SPRNG - Scalable Parallel Random Number Generator)
Time:    Wed Feb 24 08:09:01 2021
Kernel:  AVX+FMA - 4 threads (16 CPU cores detected)

Reading alignment file CPMSF/felsenstein_p0.7_q0.1_n10000.fasta ... Fasta format detected
Alignment most likely contains protein sequences
Alignment has 4 sequences with 10000 columns, 2889 distinct patterns
560 parsimony-informative, 5136 singleton sites, 4304 constant sites
   Gap/Ambiguity  Composition  p-value
   1  2    0.00%    passed     61.00%
   2  3    0.00%    passed     29.93%
   3  5    0.00%    passed     40.43%
   4  6    0.00%    passed     40.12%
****  TOTAL    0.00%  0 sequences failed composition chi2 test (p-value<5%; df=19)

Create initial parsimony tree by phylogenetic likelihood library (PLL)... 0.002 seconds

NOTE: 7 MB RAM (0 GB) is required!
Estimate model parameters (epsilon = 0.100)
1. Initial log-likelihood: -70852.783
2. Current log-likelihood: -70363.497
3. Current log-likelihood: -70356.849
4. Current log-likelihood: -70356.715
Optimal log-likelihood: -70356.710
Gamma shape alpha: 0.735
Parameters optimization took 4 rounds (0.190 sec)
Computing ML distances based on estimated model parameters...
Computing ML distances took 0.002288 sec (of wall-clock time) 0.006813 sec(of CPU time)
Computing RapidNJ tree took 0.000054 sec (of wall-clock time) 0.000112 sec (of CPU time)
Log-likelihood of RapidNJ tree: -70302.472
--------------------------------------------------------------------
|             INITIALIZING CANDIDATE TREE SET                      |
--------------------------------------------------------------------
Generating 98 parsimony trees... 0.225 second
Computing log-likelihood of 1 initial trees ... 0.031 seconds
Current best score: -70302.472

Do NNI search on 3 best initial trees
Finish initializing candidate tree set (3)
Current best tree score: -70302.472 / CPU time: 0.350
Number of iterations: 3
--------------------------------------------------------------------
|               OPTIMIZING CANDIDATE TREE SET                      |
--------------------------------------------------------------------
UPDATE BEST LOG-LIKELIHOOD: -70302.472
Iteration 10 / LogL: -70362.498 / Time: 0h:0m:0s
Iteration 20 / LogL: -70302.779 / Time: 0h:0m:1s
Iteration 30 / LogL: -70362.498 / Time: 0h:0m:1s (0h:0m:3s left)
Iteration 40 / LogL: -70302.472 / Time: 0h:0m:1s (0h:0m:2s left)
Iteration 50 / LogL: -70302.518 / Time: 0h:0m:2s (0h:0m:2s left)
Iteration 60 / LogL: -70302.518 / Time: 0h:0m:2s (0h:0m:1s left)
Iteration 70 / LogL: -70302.779 / Time: 0h:0m:2s (0h:0m:1s left)
Iteration 80 / LogL: -70302.522 / Time: 0h:0m:3s (0h:0m:0s left)
Iteration 90 / LogL: -70362.498 / Time: 0h:0m:3s (0h:0m:0s left)
Iteration 100 / LogL: -70302.472 / Time: 0h:0m:3s (0h:0m:0s left)
TREE SEARCH COMPLETED AFTER 101 ITERATIONS / Time: 0h:0m:3s

--------------------------------------------------------------------
|                    FINALIZING TREE SEARCH                        |
--------------------------------------------------------------------
Performs final model parameters optimization
Estimate model parameters (epsilon = 0.010)
1. Initial log-likelihood: -70302.472
2. Current log-likelihood: -70301.498
3. Current log-likelihood: -70301.357
Optimal log-likelihood: -70301.353
Gamma shape alpha: 0.700
Parameters optimization took 3 rounds (0.081 sec)
BEST SCORE FOUND : -70301.353
Total tree length: 1.709

Total number of iterations: 101
CPU time used for tree search: 13.023 sec (0h:0m:13s)
Wall-clock time used for tree search: 3.405 sec (0h:0m:3s)
Total CPU time used: 14.267 sec (0h:0m:14s)
Total wall-clock time used: 3.756 sec (0h:0m:3s)

Analysis results written to: 
  IQ-TREE report:                CPMSF/felsenstein_p0.7_q0.1_n10000.fasta.iqtree
  Maximum-likelihood tree:       CPMSF/felsenstein_p0.7_q0.1_n10000.fasta.treefile
  Likelihood distances:          CPMSF/felsenstein_p0.7_q0.1_n10000.fasta.mldist
  Screen log file:               CPMSF/felsenstein_p0.7_q0.1_n10000.fasta.log

Date and Time: Wed Feb 24 08:09:05 2021
