IQ-TREE multicore version 2.1.2 COVID-edition for Linux 64-bit built Oct 22 2020
Developed by Bui Quang Minh, James Barbetti, Nguyen Lam Tung,
Olga Chernomor, Heiko Schmidt, Dominik Schrempf, Michael Woodhams.

Host:    meganeura (AVX2, FMA3, 31 GB RAM)
Command: iqtree2 -nt 4 -s CPMSF/felsenstein_p1.4_q0.1_n10000.fasta -m LG+F+G4
Seed:    281447 (Using SPRNG - Scalable Parallel Random Number Generator)
Time:    Mon Jul 11 11:56:14 2022
Kernel:  AVX+FMA - 4 threads (16 CPU cores detected)

Reading alignment file CPMSF/felsenstein_p1.4_q0.1_n10000.fasta ... Fasta format detected
Alignment most likely contains protein sequences
Alignment has 4 sequences with 10000 columns, 3629 distinct patterns
615 parsimony-informative, 6082 singleton sites, 3303 constant sites
   Gap/Ambiguity  Composition  p-value
   1  2    0.00%    passed     99.97%
   2  3    0.00%    passed     97.49%
   3  5    0.00%    passed    100.00%
   4  6    0.00%    passed     93.75%
****  TOTAL    0.00%  0 sequences failed composition chi2 test (p-value<5%; df=19)

Create initial parsimony tree by phylogenetic likelihood library (PLL)... 0.002 seconds

NOTE: 9 MB RAM (0 GB) is required!
Estimate model parameters (epsilon = 0.100)
1. Initial log-likelihood: -76764.821
2. Current log-likelihood: -76144.312
3. Current log-likelihood: -76144.137
Optimal log-likelihood: -76144.131
Gamma shape alpha: 0.978
Parameters optimization took 3 rounds (0.080 sec)
Computing ML distances based on estimated model parameters...
Computing ML distances took 0.001156 sec (of wall-clock time) 0.000000 sec(of CPU time)
Computing RapidNJ tree took 0.000374 sec (of wall-clock time) 0.001439 sec (of CPU time)
Log-likelihood of RapidNJ tree: -76346.423
--------------------------------------------------------------------
|             INITIALIZING CANDIDATE TREE SET                      |
--------------------------------------------------------------------
Generating 98 parsimony trees... 0.274 second
Computing log-likelihood of 1 initial trees ... 0.013 seconds
Current best score: -76144.131

Do NNI search on 3 best initial trees
Finish initializing candidate tree set (3)
Current best tree score: -76144.131 / CPU time: 0.397
Number of iterations: 3
--------------------------------------------------------------------
|               OPTIMIZING CANDIDATE TREE SET                      |
--------------------------------------------------------------------
UPDATE BEST LOG-LIKELIHOOD: -76144.131
Iteration 10 / LogL: -76149.135 / Time: 0h:0m:0s
UPDATE BEST LOG-LIKELIHOOD: -76144.131
Iteration 20 / LogL: -76315.926 / Time: 0h:0m:1s
UPDATE BEST LOG-LIKELIHOOD: -76144.131
Iteration 30 / LogL: -76149.135 / Time: 0h:0m:1s (0h:0m:4s left)
Iteration 40 / LogL: -76144.131 / Time: 0h:0m:2s (0h:0m:3s left)
Iteration 50 / LogL: -76144.131 / Time: 0h:0m:2s (0h:0m:2s left)
Iteration 60 / LogL: -76146.560 / Time: 0h:0m:2s (0h:0m:1s left)
Iteration 70 / LogL: -76147.821 / Time: 0h:0m:3s (0h:0m:1s left)
Iteration 80 / LogL: -76144.644 / Time: 0h:0m:3s (0h:0m:0s left)
Iteration 90 / LogL: -76147.821 / Time: 0h:0m:4s (0h:0m:0s left)
Iteration 100 / LogL: -76147.821 / Time: 0h:0m:4s (0h:0m:0s left)
TREE SEARCH COMPLETED AFTER 101 ITERATIONS / Time: 0h:0m:4s

--------------------------------------------------------------------
|                    FINALIZING TREE SEARCH                        |
--------------------------------------------------------------------
Performs final model parameters optimization
Estimate model parameters (epsilon = 0.010)
1. Initial log-likelihood: -76144.131
Optimal log-likelihood: -76144.131
Gamma shape alpha: 0.978
Parameters optimization took 1 rounds (0.026 sec)
BEST SCORE FOUND : -76144.131
Total tree length: 2.156

Total number of iterations: 101
CPU time used for tree search: 18.106 sec (0h:0m:18s)
Wall-clock time used for tree search: 4.570 sec (0h:0m:4s)
Total CPU time used: 18.890 sec (0h:0m:18s)
Total wall-clock time used: 4.777 sec (0h:0m:4s)

Analysis results written to: 
  IQ-TREE report:                CPMSF/felsenstein_p1.4_q0.1_n10000.fasta.iqtree
  Maximum-likelihood tree:       CPMSF/felsenstein_p1.4_q0.1_n10000.fasta.treefile
  Likelihood distances:          CPMSF/felsenstein_p1.4_q0.1_n10000.fasta.mldist
  Screen log file:               CPMSF/felsenstein_p1.4_q0.1_n10000.fasta.log

Date and Time: Mon Jul 11 11:56:19 2022
