IQ-TREE multicore version 2.1.2 COVID-edition for Linux 64-bit built Oct 22 2020
Developed by Bui Quang Minh, James Barbetti, Nguyen Lam Tung,
Olga Chernomor, Heiko Schmidt, Dominik Schrempf, Michael Woodhams.

Host:    meganeura (AVX2, FMA3, 31 GB RAM)
Command: iqtree2 -nt 4 -s CPMSF/felsenstein_p0.9_q0.1_n10000.fasta -m LG+F+G4
Seed:    349651 (Using SPRNG - Scalable Parallel Random Number Generator)
Time:    Wed Feb 24 08:09:06 2021
Kernel:  AVX+FMA - 4 threads (16 CPU cores detected)

Reading alignment file CPMSF/felsenstein_p0.9_q0.1_n10000.fasta ... Fasta format detected
Alignment most likely contains protein sequences
Alignment has 4 sequences with 10000 columns, 3062 distinct patterns
582 parsimony-informative, 5530 singleton sites, 3888 constant sites
   Gap/Ambiguity  Composition  p-value
   1  2    0.00%    passed     40.58%
   2  3    0.00%    passed     58.92%
   3  5    0.00%    passed     30.33%
   4  6    0.00%    passed     74.11%
****  TOTAL    0.00%  0 sequences failed composition chi2 test (p-value<5%; df=19)

Create initial parsimony tree by phylogenetic likelihood library (PLL)... 0.010 seconds

NOTE: 7 MB RAM (0 GB) is required!
Estimate model parameters (epsilon = 0.100)
1. Initial log-likelihood: -73397.880
2. Current log-likelihood: -72850.750
3. Current log-likelihood: -72846.907
4. Current log-likelihood: -72846.804
Optimal log-likelihood: -72846.790
Gamma shape alpha: 0.813
Parameters optimization took 4 rounds (0.167 sec)
Computing ML distances based on estimated model parameters...
Computing ML distances took 0.001202 sec (of wall-clock time) 0.004560 sec(of CPU time)
Computing RapidNJ tree took 0.000124 sec (of wall-clock time) 0.000465 sec (of CPU time)
Log-likelihood of RapidNJ tree: -72884.714
--------------------------------------------------------------------
|             INITIALIZING CANDIDATE TREE SET                      |
--------------------------------------------------------------------
Generating 98 parsimony trees... 0.231 second
Computing log-likelihood of 1 initial trees ... 0.010 seconds
Current best score: -72846.790

Do NNI search on 3 best initial trees
Finish initializing candidate tree set (3)
Current best tree score: -72846.790 / CPU time: 0.320
Number of iterations: 3
--------------------------------------------------------------------
|               OPTIMIZING CANDIDATE TREE SET                      |
--------------------------------------------------------------------
UPDATE BEST LOG-LIKELIHOOD: -72846.790
Iteration 10 / LogL: -72848.348 / Time: 0h:0m:0s
UPDATE BEST LOG-LIKELIHOOD: -72846.790
Iteration 20 / LogL: -72847.134 / Time: 0h:0m:1s
UPDATE BEST LOG-LIKELIHOOD: -72846.790
Iteration 30 / LogL: -72846.790 / Time: 0h:0m:1s (0h:0m:3s left)
Iteration 40 / LogL: -72848.365 / Time: 0h:0m:2s (0h:0m:3s left)
Iteration 50 / LogL: -72848.176 / Time: 0h:0m:2s (0h:0m:2s left)
Iteration 60 / LogL: -72848.365 / Time: 0h:0m:2s (0h:0m:1s left)
Iteration 70 / LogL: -72848.348 / Time: 0h:0m:3s (0h:0m:1s left)
Iteration 80 / LogL: -72848.176 / Time: 0h:0m:3s (0h:0m:0s left)
Iteration 90 / LogL: -72848.176 / Time: 0h:0m:4s (0h:0m:0s left)
Iteration 100 / LogL: -72846.790 / Time: 0h:0m:4s (0h:0m:0s left)
TREE SEARCH COMPLETED AFTER 101 ITERATIONS / Time: 0h:0m:4s

--------------------------------------------------------------------
|                    FINALIZING TREE SEARCH                        |
--------------------------------------------------------------------
Performs final model parameters optimization
Estimate model parameters (epsilon = 0.010)
1. Initial log-likelihood: -72846.790
Optimal log-likelihood: -72846.789
Gamma shape alpha: 0.813
Parameters optimization took 1 rounds (0.024 sec)
BEST SCORE FOUND : -72846.789
Total tree length: 1.871

Total number of iterations: 101
CPU time used for tree search: 16.973 sec (0h:0m:16s)
Wall-clock time used for tree search: 4.476 sec (0h:0m:4s)
Total CPU time used: 18.020 sec (0h:0m:18s)
Total wall-clock time used: 4.758 sec (0h:0m:4s)

Analysis results written to: 
  IQ-TREE report:                CPMSF/felsenstein_p0.9_q0.1_n10000.fasta.iqtree
  Maximum-likelihood tree:       CPMSF/felsenstein_p0.9_q0.1_n10000.fasta.treefile
  Likelihood distances:          CPMSF/felsenstein_p0.9_q0.1_n10000.fasta.mldist
  Screen log file:               CPMSF/felsenstein_p0.9_q0.1_n10000.fasta.log

Date and Time: Wed Feb 24 08:09:11 2021
