IQ-TREE multicore version 2.1.2 COVID-edition for Linux 64-bit built Oct 22 2020
Developed by Bui Quang Minh, James Barbetti, Nguyen Lam Tung,
Olga Chernomor, Heiko Schmidt, Dominik Schrempf, Michael Woodhams.

Host:    meganeura (AVX2, FMA3, 31 GB RAM)
Command: iqtree2 -nt 4 -s CPMSF/felsenstein_p1.0_q0.1_n10000.fasta -m LG+F+G4
Seed:    575119 (Using SPRNG - Scalable Parallel Random Number Generator)
Time:    Mon Jul 11 11:56:09 2022
Kernel:  AVX+FMA - 4 threads (16 CPU cores detected)

Reading alignment file CPMSF/felsenstein_p1.0_q0.1_n10000.fasta ... Fasta format detected
Alignment most likely contains protein sequences
Alignment has 4 sequences with 10000 columns, 3376 distinct patterns
554 parsimony-informative, 5639 singleton sites, 3807 constant sites
   Gap/Ambiguity  Composition  p-value
   1  2    0.00%    passed     99.97%
   2  3    0.00%    passed     99.99%
   3  5    0.00%    passed    100.00%
   4  6    0.00%    passed     99.00%
****  TOTAL    0.00%  0 sequences failed composition chi2 test (p-value<5%; df=19)

Create initial parsimony tree by phylogenetic likelihood library (PLL)... 0.002 seconds

NOTE: 8 MB RAM (0 GB) is required!
Estimate model parameters (epsilon = 0.100)
1. Initial log-likelihood: -73830.393
2. Current log-likelihood: -73272.223
3. Current log-likelihood: -73268.268
4. Current log-likelihood: -73268.145
Optimal log-likelihood: -73268.140
Gamma shape alpha: 0.811
Parameters optimization took 4 rounds (0.155 sec)
Computing ML distances based on estimated model parameters...
Computing ML distances took 0.001151 sec (of wall-clock time) 0.004555 sec(of CPU time)
Computing RapidNJ tree took 0.000142 sec (of wall-clock time) 0.000557 sec (of CPU time)
Log-likelihood of RapidNJ tree: -73356.552
--------------------------------------------------------------------
|             INITIALIZING CANDIDATE TREE SET                      |
--------------------------------------------------------------------
Generating 98 parsimony trees... 0.264 second
Computing log-likelihood of 1 initial trees ... 0.012 seconds
Current best score: -73268.140

Do NNI search on 3 best initial trees
Finish initializing candidate tree set (3)
Current best tree score: -73268.140 / CPU time: 0.372
Number of iterations: 3
--------------------------------------------------------------------
|               OPTIMIZING CANDIDATE TREE SET                      |
--------------------------------------------------------------------
Iteration 10 / LogL: -73270.365 / Time: 0h:0m:0s
UPDATE BEST LOG-LIKELIHOOD: -73268.140
UPDATE BEST LOG-LIKELIHOOD: -73268.140
UPDATE BEST LOG-LIKELIHOOD: -73268.140
Iteration 20 / LogL: -73270.704 / Time: 0h:0m:1s
Iteration 30 / LogL: -73268.415 / Time: 0h:0m:1s (0h:0m:3s left)
Iteration 40 / LogL: -73270.365 / Time: 0h:0m:2s (0h:0m:3s left)
Iteration 50 / LogL: -73268.753 / Time: 0h:0m:2s (0h:0m:2s left)
Iteration 60 / LogL: -73268.140 / Time: 0h:0m:2s (0h:0m:1s left)
Iteration 70 / LogL: -73268.415 / Time: 0h:0m:3s (0h:0m:1s left)
Iteration 80 / LogL: -73268.753 / Time: 0h:0m:3s (0h:0m:0s left)
Iteration 90 / LogL: -73270.704 / Time: 0h:0m:3s (0h:0m:0s left)
Iteration 100 / LogL: -73357.658 / Time: 0h:0m:4s (0h:0m:0s left)
TREE SEARCH COMPLETED AFTER 101 ITERATIONS / Time: 0h:0m:4s

--------------------------------------------------------------------
|                    FINALIZING TREE SEARCH                        |
--------------------------------------------------------------------
Performs final model parameters optimization
Estimate model parameters (epsilon = 0.010)
1. Initial log-likelihood: -73268.140
Optimal log-likelihood: -73268.140
Gamma shape alpha: 0.811
Parameters optimization took 1 rounds (0.037 sec)
BEST SCORE FOUND : -73268.140
Total tree length: 1.927

Total number of iterations: 101
CPU time used for tree search: 16.324 sec (0h:0m:16s)
Wall-clock time used for tree search: 4.102 sec (0h:0m:4s)
Total CPU time used: 17.486 sec (0h:0m:17s)
Total wall-clock time used: 4.400 sec (0h:0m:4s)

Analysis results written to: 
  IQ-TREE report:                CPMSF/felsenstein_p1.0_q0.1_n10000.fasta.iqtree
  Maximum-likelihood tree:       CPMSF/felsenstein_p1.0_q0.1_n10000.fasta.treefile
  Likelihood distances:          CPMSF/felsenstein_p1.0_q0.1_n10000.fasta.mldist
  Screen log file:               CPMSF/felsenstein_p1.0_q0.1_n10000.fasta.log

Date and Time: Mon Jul 11 11:56:13 2022
