IQ-TREE multicore version 2.1.2 COVID-edition for Linux 64-bit built Oct 22 2020
Developed by Bui Quang Minh, James Barbetti, Nguyen Lam Tung,
Olga Chernomor, Heiko Schmidt, Dominik Schrempf, Michael Woodhams.

Host:    meganeura (AVX2, FMA3, 31 GB RAM)
Command: iqtree2 -nt 4 -s CPMSF/felsenstein_p2.0_q0.1_n10000.fasta -m LG+F+G4
Seed:    918346 (Using SPRNG - Scalable Parallel Random Number Generator)
Time:    Wed Feb 24 08:09:38 2021
Kernel:  AVX+FMA - 4 threads (16 CPU cores detected)

Reading alignment file CPMSF/felsenstein_p2.0_q0.1_n10000.fasta ... Fasta format detected
Alignment most likely contains protein sequences
Alignment has 4 sequences with 10000 columns, 3610 distinct patterns
770 parsimony-informative, 6464 singleton sites, 2766 constant sites
   Gap/Ambiguity  Composition  p-value
   1  2    0.00%    passed     51.25%
   2  3    0.00%    passed     26.38%
   3  5    0.00%    passed     15.73%
   4  6    0.00%    passed     19.74%
****  TOTAL    0.00%  0 sequences failed composition chi2 test (p-value<5%; df=19)

Create initial parsimony tree by phylogenetic likelihood library (PLL)... 0.002 seconds

NOTE: 8 MB RAM (0 GB) is required!
Estimate model parameters (epsilon = 0.100)
1. Initial log-likelihood: -79986.316
2. Current log-likelihood: -79268.370
3. Current log-likelihood: -79262.486
4. Current log-likelihood: -79262.066
Optimal log-likelihood: -79262.036
Gamma shape alpha: 1.279
Parameters optimization took 4 rounds (0.225 sec)
Computing ML distances based on estimated model parameters...
Computing ML distances took 0.001112 sec (of wall-clock time) 0.004316 sec(of CPU time)
Computing RapidNJ tree took 0.000048 sec (of wall-clock time) 0.000112 sec (of CPU time)
Log-likelihood of RapidNJ tree: -79262.036
--------------------------------------------------------------------
|             INITIALIZING CANDIDATE TREE SET                      |
--------------------------------------------------------------------
Generating 99 parsimony trees... 0.402 second
Computing log-likelihood of 2 initial trees ... 0.018 seconds
Current best score: -79262.036

Do NNI search on 3 best initial trees
Finish initializing candidate tree set (3)
Current best tree score: -79262.036 / CPU time: 0.573
Number of iterations: 3
--------------------------------------------------------------------
|               OPTIMIZING CANDIDATE TREE SET                      |
--------------------------------------------------------------------
UPDATE BEST LOG-LIKELIHOOD: -79262.036
UPDATE BEST LOG-LIKELIHOOD: -79262.036
Iteration 10 / LogL: -79262.036 / Time: 0h:0m:1s
UPDATE BEST LOG-LIKELIHOOD: -79262.036
Iteration 20 / LogL: -79263.264 / Time: 0h:0m:1s
Iteration 30 / LogL: -79266.524 / Time: 0h:0m:2s (0h:0m:5s left)
Iteration 40 / LogL: -79262.036 / Time: 0h:0m:2s (0h:0m:4s left)
Iteration 50 / LogL: -79267.188 / Time: 0h:0m:3s (0h:0m:3s left)
Iteration 60 / LogL: -79263.264 / Time: 0h:0m:3s (0h:0m:2s left)
Iteration 70 / LogL: -79269.658 / Time: 0h:0m:4s (0h:0m:1s left)
Iteration 80 / LogL: -79269.722 / Time: 0h:0m:4s (0h:0m:1s left)
Iteration 90 / LogL: -79262.036 / Time: 0h:0m:4s (0h:0m:0s left)
Iteration 100 / LogL: -79262.036 / Time: 0h:0m:5s (0h:0m:0s left)
TREE SEARCH COMPLETED AFTER 101 ITERATIONS / Time: 0h:0m:5s

--------------------------------------------------------------------
|                    FINALIZING TREE SEARCH                        |
--------------------------------------------------------------------
Performs final model parameters optimization
Estimate model parameters (epsilon = 0.010)
1. Initial log-likelihood: -79262.036
Optimal log-likelihood: -79262.035
Gamma shape alpha: 1.280
Parameters optimization took 1 rounds (0.020 sec)
BEST SCORE FOUND : -79262.035
Total tree length: 2.385

Total number of iterations: 101
CPU time used for tree search: 19.471 sec (0h:0m:19s)
Wall-clock time used for tree search: 5.041 sec (0h:0m:5s)
Total CPU time used: 20.661 sec (0h:0m:20s)
Total wall-clock time used: 5.383 sec (0h:0m:5s)

Analysis results written to: 
  IQ-TREE report:                CPMSF/felsenstein_p2.0_q0.1_n10000.fasta.iqtree
  Maximum-likelihood tree:       CPMSF/felsenstein_p2.0_q0.1_n10000.fasta.treefile
  Likelihood distances:          CPMSF/felsenstein_p2.0_q0.1_n10000.fasta.mldist
  Screen log file:               CPMSF/felsenstein_p2.0_q0.1_n10000.fasta.log

Date and Time: Wed Feb 24 08:09:44 2021
