IQ-TREE multicore version 2.1.2 COVID-edition for Linux 64-bit built Oct 22 2020
Developed by Bui Quang Minh, James Barbetti, Nguyen Lam Tung,
Olga Chernomor, Heiko Schmidt, Dominik Schrempf, Michael Woodhams.

Host:    meganeura (AVX2, FMA3, 31 GB RAM)
Command: iqtree2 -nt 4 -s CPMSF/felsenstein_p1.1_q0.1_n10000.fasta -m LG+F+G4
Seed:    663831 (Using SPRNG - Scalable Parallel Random Number Generator)
Time:    Mon Jul 11 11:56:11 2022
Kernel:  AVX+FMA - 4 threads (16 CPU cores detected)

Reading alignment file CPMSF/felsenstein_p1.1_q0.1_n10000.fasta ... Fasta format detected
Alignment most likely contains protein sequences
Alignment has 4 sequences with 10000 columns, 3466 distinct patterns
560 parsimony-informative, 5788 singleton sites, 3652 constant sites
   Gap/Ambiguity  Composition  p-value
   1  2    0.00%    passed     99.99%
   2  3    0.00%    passed     99.95%
   3  5    0.00%    passed    100.00%
   4  6    0.00%    passed     99.89%
****  TOTAL    0.00%  0 sequences failed composition chi2 test (p-value<5%; df=19)

Create initial parsimony tree by phylogenetic likelihood library (PLL)... 0.002 seconds

NOTE: 8 MB RAM (0 GB) is required!
Estimate model parameters (epsilon = 0.100)
1. Initial log-likelihood: -74705.000
2. Current log-likelihood: -74145.820
3. Current log-likelihood: -74143.723
Optimal log-likelihood: -74143.635
Gamma shape alpha: 0.866
Parameters optimization took 3 rounds (0.107 sec)
Computing ML distances based on estimated model parameters...
Computing ML distances took 0.001140 sec (of wall-clock time) 0.003989 sec(of CPU time)
Computing RapidNJ tree took 0.000167 sec (of wall-clock time) 0.000660 sec (of CPU time)
Log-likelihood of RapidNJ tree: -74279.005
--------------------------------------------------------------------
|             INITIALIZING CANDIDATE TREE SET                      |
--------------------------------------------------------------------
Generating 98 parsimony trees... 0.250 second
Computing log-likelihood of 1 initial trees ... 0.011 seconds
Current best score: -74143.635

Do NNI search on 3 best initial trees
Finish initializing candidate tree set (3)
Current best tree score: -74143.635 / CPU time: 0.363
Number of iterations: 3
--------------------------------------------------------------------
|               OPTIMIZING CANDIDATE TREE SET                      |
--------------------------------------------------------------------
UPDATE BEST LOG-LIKELIHOOD: -74143.635
Iteration 10 / LogL: -74143.635 / Time: 0h:0m:0s
UPDATE BEST LOG-LIKELIHOOD: -74143.635
Iteration 20 / LogL: -74259.969 / Time: 0h:0m:1s
UPDATE BEST LOG-LIKELIHOOD: -74143.635
UPDATE BEST LOG-LIKELIHOOD: -74143.635
Iteration 30 / LogL: -74144.923 / Time: 0h:0m:1s (0h:0m:4s left)
Iteration 40 / LogL: -74143.977 / Time: 0h:0m:2s (0h:0m:3s left)
Iteration 50 / LogL: -74143.977 / Time: 0h:0m:2s (0h:0m:2s left)
Iteration 60 / LogL: -74259.969 / Time: 0h:0m:2s (0h:0m:1s left)
Iteration 70 / LogL: -74147.114 / Time: 0h:0m:3s (0h:0m:1s left)
Iteration 80 / LogL: -74143.977 / Time: 0h:0m:3s (0h:0m:0s left)
Iteration 90 / LogL: -74259.969 / Time: 0h:0m:4s (0h:0m:0s left)
Iteration 100 / LogL: -74259.969 / Time: 0h:0m:4s (0h:0m:0s left)
TREE SEARCH COMPLETED AFTER 101 ITERATIONS / Time: 0h:0m:4s

--------------------------------------------------------------------
|                    FINALIZING TREE SEARCH                        |
--------------------------------------------------------------------
Performs final model parameters optimization
Estimate model parameters (epsilon = 0.010)
1. Initial log-likelihood: -74143.635
Optimal log-likelihood: -74143.634
Gamma shape alpha: 0.864
Parameters optimization took 1 rounds (0.028 sec)
BEST SCORE FOUND : -74143.634
Total tree length: 1.984

Total number of iterations: 101
CPU time used for tree search: 17.177 sec (0h:0m:17s)
Wall-clock time used for tree search: 4.329 sec (0h:0m:4s)
Total CPU time used: 18.089 sec (0h:0m:18s)
Total wall-clock time used: 4.561 sec (0h:0m:4s)

Analysis results written to: 
  IQ-TREE report:                CPMSF/felsenstein_p1.1_q0.1_n10000.fasta.iqtree
  Maximum-likelihood tree:       CPMSF/felsenstein_p1.1_q0.1_n10000.fasta.treefile
  Likelihood distances:          CPMSF/felsenstein_p1.1_q0.1_n10000.fasta.mldist
  Screen log file:               CPMSF/felsenstein_p1.1_q0.1_n10000.fasta.log

Date and Time: Mon Jul 11 11:56:16 2022
