IQ-TREE multicore version 2.1.2 COVID-edition for Linux 64-bit built Oct 22 2020
Developed by Bui Quang Minh, James Barbetti, Nguyen Lam Tung,
Olga Chernomor, Heiko Schmidt, Dominik Schrempf, Michael Woodhams.

Host:    meganeura (AVX2, FMA3, 31 GB RAM)
Command: iqtree2 -nt 4 -s CPMSF/felsenstein_p0.6_q0.1_n10000.fasta -m LG+F+G4
Seed:    928297 (Using SPRNG - Scalable Parallel Random Number Generator)
Time:    Wed Feb 24 08:08:59 2021
Kernel:  AVX+FMA - 4 threads (16 CPU cores detected)

Reading alignment file CPMSF/felsenstein_p0.6_q0.1_n10000.fasta ... Fasta format detected
Alignment most likely contains protein sequences
Alignment has 4 sequences with 10000 columns, 2746 distinct patterns
545 parsimony-informative, 4901 singleton sites, 4554 constant sites
   Gap/Ambiguity  Composition  p-value
   1  2    0.00%    passed     71.28%
   2  3    0.00%    passed     61.71%
   3  5    0.00%    passed     59.27%
   4  6    0.00%    passed     71.06%
****  TOTAL    0.00%  0 sequences failed composition chi2 test (p-value<5%; df=19)

Create initial parsimony tree by phylogenetic likelihood library (PLL)... 0.002 seconds

NOTE: 6 MB RAM (0 GB) is required!
Estimate model parameters (epsilon = 0.100)
1. Initial log-likelihood: -69390.561
2. Current log-likelihood: -68911.884
3. Current log-likelihood: -68901.527
4. Current log-likelihood: -68901.342
Optimal log-likelihood: -68901.336
Gamma shape alpha: 0.668
Parameters optimization took 4 rounds (0.162 sec)
Computing ML distances based on estimated model parameters...
Computing ML distances took 0.000981 sec (of wall-clock time) 0.003796 sec(of CPU time)
Computing RapidNJ tree took 0.000140 sec (of wall-clock time) 0.000537 sec (of CPU time)
Log-likelihood of RapidNJ tree: -68803.986
--------------------------------------------------------------------
|             INITIALIZING CANDIDATE TREE SET                      |
--------------------------------------------------------------------
Generating 98 parsimony trees... 0.195 second
Computing log-likelihood of 1 initial trees ... 0.008 seconds
Current best score: -68803.986

Do NNI search on 3 best initial trees
Finish initializing candidate tree set (3)
Current best tree score: -68803.986 / CPU time: 0.268
Number of iterations: 3
--------------------------------------------------------------------
|               OPTIMIZING CANDIDATE TREE SET                      |
--------------------------------------------------------------------
UPDATE BEST LOG-LIKELIHOOD: -68803.986
UPDATE BEST LOG-LIKELIHOOD: -68803.986
Iteration 10 / LogL: -68804.100 / Time: 0h:0m:0s
Iteration 20 / LogL: -68803.986 / Time: 0h:0m:0s
Iteration 30 / LogL: -68803.986 / Time: 0h:0m:1s (0h:0m:3s left)
Iteration 40 / LogL: -68804.100 / Time: 0h:0m:1s (0h:0m:2s left)
Iteration 50 / LogL: -68804.100 / Time: 0h:0m:2s (0h:0m:2s left)
Iteration 60 / LogL: -68841.757 / Time: 0h:0m:2s (0h:0m:1s left)
Iteration 70 / LogL: -68804.178 / Time: 0h:0m:2s (0h:0m:1s left)
Iteration 80 / LogL: -68841.757 / Time: 0h:0m:3s (0h:0m:0s left)
Iteration 90 / LogL: -68841.757 / Time: 0h:0m:3s (0h:0m:0s left)
Iteration 100 / LogL: -68804.100 / Time: 0h:0m:3s (0h:0m:0s left)
TREE SEARCH COMPLETED AFTER 101 ITERATIONS / Time: 0h:0m:3s

--------------------------------------------------------------------
|                    FINALIZING TREE SEARCH                        |
--------------------------------------------------------------------
Performs final model parameters optimization
Estimate model parameters (epsilon = 0.010)
1. Initial log-likelihood: -68803.986
2. Current log-likelihood: -68803.782
3. Current log-likelihood: -68803.754
Optimal log-likelihood: -68803.753
Gamma shape alpha: 0.654
Parameters optimization took 3 rounds (0.054 sec)
BEST SCORE FOUND : -68803.753
Total tree length: 1.582

Total number of iterations: 101
CPU time used for tree search: 13.289 sec (0h:0m:13s)
Wall-clock time used for tree search: 3.618 sec (0h:0m:3s)
Total CPU time used: 14.282 sec (0h:0m:14s)
Total wall-clock time used: 3.891 sec (0h:0m:3s)

Analysis results written to: 
  IQ-TREE report:                CPMSF/felsenstein_p0.6_q0.1_n10000.fasta.iqtree
  Maximum-likelihood tree:       CPMSF/felsenstein_p0.6_q0.1_n10000.fasta.treefile
  Likelihood distances:          CPMSF/felsenstein_p0.6_q0.1_n10000.fasta.mldist
  Screen log file:               CPMSF/felsenstein_p0.6_q0.1_n10000.fasta.log

Date and Time: Wed Feb 24 08:09:03 2021
