IQ-TREE multicore version 2.0.6 for Linux 64-bit built Jun  4 2020
Developed by Bui Quang Minh, Nguyen Lam Tung, Olga Chernomor,
Heiko Schmidt, Dominik Schrempf, Michael Woodhams.

Host:    operarius01 (AVX512, FMA3, 376 GB RAM)
Command: /scratch/local/bin/iqtree2 -nt 16 -s platyhelminths.phy -m LG+G4 -wslr
Seed:    774736 (Using SPRNG - Scalable Parallel Random Number Generator)
Time:    Mon Aug  3 12:04:26 2020
Kernel:  AVX+FMA - 16 threads (16 CPU cores detected)

Reading alignment file platyhelminths.phy ... Phylip format detected
Alignment most likely contains protein sequences
WARNING: 4 sites contain only gaps or ambiguous characters.
Alignment has 32 sequences with 35371 columns, 30500 distinct patterns
19112 parsimony-informative, 5026 singleton sites, 11232 constant sites
            Gap/Ambiguity  Composition  p-value
   1  S0japonicu   27.81%    failed      0.23%
   2  Schistosom   10.52%    failed      0.00%
   3  Fasciola0h   79.66%    failed      0.00%
   4  Echinococc   76.43%    failed      0.00%
   5  Dugesia0ja   62.20%    failed      0.00%
   6  Coleoptera   56.91%    failed      0.00%
   7  Apis0melli   51.29%    passed     36.75%
   8  Siphonapte   72.76%    failed      0.00%
   9  Bombyx0mor   23.44%    passed      5.48%
  10  Drosophila    0.58%    passed      5.89%
  11  Glossina0m   44.77%    passed     17.42%
  12  Anopheles0    2.69%    failed      0.62%
  13  Hemiptera0   54.27%    failed      0.00%
  14  Crustacea0   48.27%    failed      0.00%
  15  Chelicerat   52.22%    failed      0.00%
  16  Echinoderm   22.63%    passed      5.99%
  17  Cephalocho   52.37%    failed      0.00%
  18  Urochordat    4.33%    failed      0.00%
  19  Mammalia00    0.21%    failed      0.01%
  20  Actinopter    5.50%    failed      0.69%
  21  Neurospora    0.74%    failed      0.00%
  22  Magnaporth    4.71%    failed      0.00%
  23  Gibberella   20.23%    failed      0.04%
  24  Eurotiomyc   39.14%    failed      0.00%
  25  Candida0al    4.40%    failed      0.00%
  26  Saccharomy    0.38%    failed      0.00%
  27  Schizosacc    0.27%    failed      0.00%
  28  Ustilago0m    8.20%    failed      0.00%
  29  Homobasidi   12.03%    failed      0.00%
  30  Cryptococc    3.73%    failed      0.00%
  31  Glomales00   77.71%    failed      0.00%
  32  Chytridiom   63.31%    failed      0.00%
WARNING: 11 sequences contain more than 50% gaps/ambiguity
****  TOTAL        30.74%  27 sequences failed composition chi2 test (p-value<5%; df=19)

Create initial parsimony tree by phylogenetic likelihood library (PLL)... 0.174 seconds

NOTE: 603 MB RAM (0 GB) is required!
Estimate model parameters (epsilon = 0.100)
1. Initial log-likelihood: -652909.855
2. Current log-likelihood: -638789.471
3. Current log-likelihood: -638673.421
4. Current log-likelihood: -638673.125
Optimal log-likelihood: -638673.120
Gamma shape alpha: 0.625
Parameters optimization took 4 rounds (4.357 sec)
Computing ML distances based on estimated model parameters... 0.758 sec
Computing BIONJ tree...
0.003 seconds
Log-likelihood of BIONJ tree: -638761.884
--------------------------------------------------------------------
|             INITIALIZING CANDIDATE TREE SET                      |
--------------------------------------------------------------------
Generating 98 parsimony trees... 23.749 second
Computing log-likelihood of 98 initial trees ... 30.703 seconds
Current best score: -638673.120

Do NNI search on 20 best initial trees
Estimate model parameters (epsilon = 0.100)
BETTER TREE FOUND at iteration 1: -638606.162
Iteration 10 / LogL: -638617.274 / Time: 0h:1m:45s
Iteration 20 / LogL: -638606.962 / Time: 0h:2m:36s
Finish initializing candidate tree set (2)
Current best tree score: -638606.162 / CPU time: 149.095
Number of iterations: 20
--------------------------------------------------------------------
|               OPTIMIZING CANDIDATE TREE SET                      |
--------------------------------------------------------------------
Iteration 30 / LogL: -638606.914 / Time: 0h:3m:27s (0h:8m:28s left)
Iteration 40 / LogL: -638621.895 / Time: 0h:4m:22s (0h:6m:50s left)
Iteration 50 / LogL: -638611.648 / Time: 0h:5m:17s (0h:5m:30s left)
Iteration 60 / LogL: -638608.512 / Time: 0h:6m:8s (0h:4m:15s left)
Iteration 70 / LogL: -638611.286 / Time: 0h:6m:56s (0h:3m:6s left)
Iteration 80 / LogL: -638607.639 / Time: 0h:7m:48s (0h:2m:4s left)
Iteration 90 / LogL: -638607.606 / Time: 0h:8m:41s (0h:1m:4s left)
Iteration 100 / LogL: -638622.378 / Time: 0h:9m:31s (0h:0m:5s left)
TREE SEARCH COMPLETED AFTER 102 ITERATIONS / Time: 0h:9m:43s

--------------------------------------------------------------------
|                    FINALIZING TREE SEARCH                        |
--------------------------------------------------------------------
Performs final model parameters optimization
Estimate model parameters (epsilon = 0.010)
1. Initial log-likelihood: -638606.162
Optimal log-likelihood: -638606.161
Gamma shape alpha: 0.625
Parameters optimization took 1 rounds (0.937 sec)
BEST SCORE FOUND : -638606.161
Site log-likelihoods per category printed to platyhelminths.phy.sitelh
Total tree length: 5.427

Total number of iterations: 102
CPU time used for tree search: 9170.647 sec (2h:32m:50s)
Wall-clock time used for tree search: 576.573 sec (0h:9m:36s)
Total CPU time used: 9296.530 sec (2h:34m:56s)
Total wall-clock time used: 584.643 sec (0h:9m:44s)

Analysis results written to: 
  IQ-TREE report:                platyhelminths.phy.iqtree
  Maximum-likelihood tree:       platyhelminths.phy.treefile
  Likelihood distances:          platyhelminths.phy.mldist
  Site log-likelihoods:          platyhelminths.phy.sitelh
  Screen log file:               platyhelminths.phy.log

Date and Time: Mon Aug  3 12:14:11 2020
